[0.536s] Invoking command in '/home/jakub/sese_ws/build/sese': PYTHONPATH=/home/jakub/sese_ws/build/sese/prefix_override:/home/jakub/sese_ws/install/sese/lib/python3.8/site-packages:${PYTHONPATH} /usr/bin/python3 setup.py develop --uninstall --editable --build-directory /home/jakub/sese_ws/build/sese/build
[0.613s] /home/jakub/.local/lib/python3.8/site-packages/setuptools/dist.py:744: SetuptoolsDeprecationWarning: Invalid dash-separated options
[0.613s] !!
[0.613s] 
[0.613s]         ********************************************************************************
[0.613s]         Usage of dash-separated 'script-dir' will not be supported in future
[0.613s]         versions. Please use the underscore name 'script_dir' instead.
[0.613s] 
[0.613s]         By 2023-Sep-26, you need to update your project and remove deprecated calls
[0.613s]         or your builds will no longer be supported.
[0.613s] 
[0.613s]         See https://setuptools.pypa.io/en/latest/userguide/declarative_config.html for details.
[0.613s]         ********************************************************************************
[0.613s] 
[0.613s] !!
[0.613s]   opt = self.warn_dash_deprecation(opt, section)
[0.722s] running develop
[0.724s] /home/jakub/.local/lib/python3.8/site-packages/setuptools/command/develop.py:40: EasyInstallDeprecationWarning: easy_install command is deprecated.
[0.724s] !!
[0.724s] 
[0.724s]         ********************************************************************************
[0.724s]         Please avoid running ``setup.py`` and ``easy_install``.
[0.724s]         Instead, use pypa/build, pypa/installer or other
[0.724s]         standards-based tools.
[0.724s] 
[0.724s]         See https://github.com/pypa/setuptools/issues/917 for details.
[0.724s]         ********************************************************************************
[0.724s] 
[0.724s] !!
[0.724s]   easy_install.initialize_options(self)
[0.743s] /home/jakub/.local/lib/python3.8/site-packages/setuptools/_distutils/cmd.py:66: SetuptoolsDeprecationWarning: setup.py install is deprecated.
[0.743s] !!
[0.743s] 
[0.743s]         ********************************************************************************
[0.744s]         Please avoid running ``setup.py`` directly.
[0.744s]         Instead, use pypa/build, pypa/installer or other
[0.744s]         standards-based tools.
[0.744s] 
[0.744s]         See https://blog.ganssle.io/articles/2021/10/setup-py-deprecated.html for details.
[0.744s]         ********************************************************************************
[0.744s] 
[0.744s] !!
[0.744s]   self.initialize_options()
[0.863s] Invoked command in '/home/jakub/sese_ws/build/sese' returned '0': PYTHONPATH=/home/jakub/sese_ws/build/sese/prefix_override:/home/jakub/sese_ws/install/sese/lib/python3.8/site-packages:${PYTHONPATH} /usr/bin/python3 setup.py develop --uninstall --editable --build-directory /home/jakub/sese_ws/build/sese/build
[0.865s] Invoking command in '/home/jakub/sese_ws/src/sese': PYTHONPATH=/home/jakub/sese_ws/build/sese/prefix_override:/home/jakub/sese_ws/install/sese/lib/python3.8/site-packages:${PYTHONPATH} /usr/bin/python3 setup.py egg_info --egg-base ../../build/sese build --build-base /home/jakub/sese_ws/build/sese/build install --record /home/jakub/sese_ws/build/sese/install.log --install-scripts $base/lib/sese --single-version-externally-managed
[0.940s] /home/jakub/.local/lib/python3.8/site-packages/setuptools/dist.py:744: SetuptoolsDeprecationWarning: Invalid dash-separated options
[0.940s] !!
[0.940s] 
[0.940s]         ********************************************************************************
[0.940s]         Usage of dash-separated 'script-dir' will not be supported in future
[0.940s]         versions. Please use the underscore name 'script_dir' instead.
[0.940s] 
[0.940s]         By 2023-Sep-26, you need to update your project and remove deprecated calls
[0.940s]         or your builds will no longer be supported.
[0.940s] 
[0.940s]         See https://setuptools.pypa.io/en/latest/userguide/declarative_config.html for details.
[0.940s]         ********************************************************************************
[0.940s] 
[0.940s] !!
[0.940s]   opt = self.warn_dash_deprecation(opt, section)
[0.996s] running egg_info
[1.005s] writing ../../build/sese/sese.egg-info/PKG-INFO
[1.006s] writing dependency_links to ../../build/sese/sese.egg-info/dependency_links.txt
[1.006s] writing entry points to ../../build/sese/sese.egg-info/entry_points.txt
[1.006s] writing requirements to ../../build/sese/sese.egg-info/requires.txt
[1.006s] writing top-level names to ../../build/sese/sese.egg-info/top_level.txt
[1.085s] reading manifest file '../../build/sese/sese.egg-info/SOURCES.txt'
[1.086s] writing manifest file '../../build/sese/sese.egg-info/SOURCES.txt'
[1.086s] running build
[1.086s] running build_py
[1.086s] running install
[1.086s] /home/jakub/.local/lib/python3.8/site-packages/setuptools/_distutils/cmd.py:66: SetuptoolsDeprecationWarning: setup.py install is deprecated.
[1.086s] !!
[1.086s] 
[1.086s]         ********************************************************************************
[1.087s]         Please avoid running ``setup.py`` directly.
[1.087s]         Instead, use pypa/build, pypa/installer or other
[1.087s]         standards-based tools.
[1.087s] 
[1.087s]         See https://blog.ganssle.io/articles/2021/10/setup-py-deprecated.html for details.
[1.087s]         ********************************************************************************
[1.087s] 
[1.087s] !!
[1.087s]   self.initialize_options()
[1.089s] running install_lib
[1.099s] byte-compiling /home/jakub/sese_ws/install/sese/lib/python3.8/site-packages/sese/image_display.py to image_display.cpython-38.pyc
[1.099s] running install_data
[1.099s]   File "/home/jakub/sese_ws/install/sese/lib/python3.8/site-packages/sese/image_display.py", line 20
[1.099s]     detection_subscriber = self.create_subscription(ObjectHypothesisWithPose, topic='/asv_vision/front_cam/detections', self.callback, 10)
[1.100s]                                                                                                                         ^
[1.100s] SyntaxError: positional argument follows keyword argument
[1.100s] 
[1.109s] copying launch/launch_sim.launch.py -> /home/jakub/sese_ws/install/sese/share/sese/launch
[1.109s] running install_egg_info
[1.118s] removing '/home/jakub/sese_ws/install/sese/lib/python3.8/site-packages/sese-0.0.0-py3.8.egg-info' (and everything under it)
[1.119s] Copying ../../build/sese/sese.egg-info to /home/jakub/sese_ws/install/sese/lib/python3.8/site-packages/sese-0.0.0-py3.8.egg-info
[1.119s] running install_scripts
[1.147s] Installing scan_publisher script to /home/jakub/sese_ws/install/sese/lib/sese
[1.148s] writing list of installed files to '/home/jakub/sese_ws/build/sese/install.log'
[1.162s] Invoked command in '/home/jakub/sese_ws/src/sese' returned '0': PYTHONPATH=/home/jakub/sese_ws/build/sese/prefix_override:/home/jakub/sese_ws/install/sese/lib/python3.8/site-packages:${PYTHONPATH} /usr/bin/python3 setup.py egg_info --egg-base ../../build/sese build --build-base /home/jakub/sese_ws/build/sese/build install --record /home/jakub/sese_ws/build/sese/install.log --install-scripts $base/lib/sese --single-version-externally-managed
