[0.598s] Invoking command in '/home/jakub/sese_ws/build/my_package': PYTHONPATH=/home/jakub/sese_ws/build/my_package/prefix_override:/home/jakub/sese_ws/install/my_package/lib/python3.8/site-packages:${PYTHONPATH} /usr/bin/python3 setup.py develop --uninstall --editable --build-directory /home/jakub/sese_ws/build/my_package/build
[0.675s] /home/jakub/.local/lib/python3.8/site-packages/setuptools/dist.py:755: SetuptoolsDeprecationWarning: Invalid dash-separated options
[0.675s] !!
[0.675s] 
[0.675s]         ********************************************************************************
[0.676s]         Usage of dash-separated 'script-dir' will not be supported in future
[0.676s]         versions. Please use the underscore name 'script_dir' instead.
[0.676s] 
[0.676s]         By 2023-Sep-26, you need to update your project and remove deprecated calls
[0.676s]         or your builds will no longer be supported.
[0.676s] 
[0.676s]         See https://setuptools.pypa.io/en/latest/userguide/declarative_config.html for details.
[0.676s]         ********************************************************************************
[0.676s] 
[0.676s] !!
[0.676s]   opt = self.warn_dash_deprecation(opt, section)
[0.781s] running develop
[0.781s] /home/jakub/.local/lib/python3.8/site-packages/setuptools/command/develop.py:40: EasyInstallDeprecationWarning: easy_install command is deprecated.
[0.781s] !!
[0.782s] 
[0.782s]         ********************************************************************************
[0.782s]         Please avoid running ``setup.py`` and ``easy_install``.
[0.782s]         Instead, use pypa/build, pypa/installer, pypa/build or
[0.782s]         other standards-based tools.
[0.782s] 
[0.782s]         See https://github.com/pypa/setuptools/issues/917 for details.
[0.782s]         ********************************************************************************
[0.782s] 
[0.782s] !!
[0.782s]   easy_install.initialize_options(self)
[0.800s] /home/jakub/.local/lib/python3.8/site-packages/setuptools/_distutils/cmd.py:66: SetuptoolsDeprecationWarning: setup.py install is deprecated.
[0.800s] !!
[0.800s] 
[0.800s]         ********************************************************************************
[0.800s]         Please avoid running ``setup.py`` directly.
[0.800s]         Instead, use pypa/build, pypa/installer, pypa/build or
[0.800s]         other standards-based tools.
[0.800s] 
[0.800s]         See https://blog.ganssle.io/articles/2021/10/setup-py-deprecated.html for details.
[0.800s]         ********************************************************************************
[0.800s] 
[0.800s] !!
[0.800s]   self.initialize_options()
[0.916s] Invoked command in '/home/jakub/sese_ws/build/my_package' returned '0': PYTHONPATH=/home/jakub/sese_ws/build/my_package/prefix_override:/home/jakub/sese_ws/install/my_package/lib/python3.8/site-packages:${PYTHONPATH} /usr/bin/python3 setup.py develop --uninstall --editable --build-directory /home/jakub/sese_ws/build/my_package/build
[0.916s] Invoking command in '/home/jakub/sese_ws/src/my_package': PYTHONPATH=/home/jakub/sese_ws/build/my_package/prefix_override:/home/jakub/sese_ws/install/my_package/lib/python3.8/site-packages:${PYTHONPATH} /usr/bin/python3 setup.py egg_info --egg-base ../../build/my_package build --build-base /home/jakub/sese_ws/build/my_package/build install --record /home/jakub/sese_ws/build/my_package/install.log --install-scripts $base/lib/my_package --single-version-externally-managed
[0.991s] /home/jakub/.local/lib/python3.8/site-packages/setuptools/dist.py:755: SetuptoolsDeprecationWarning: Invalid dash-separated options
[0.991s] !!
[0.991s] 
[0.991s]         ********************************************************************************
[0.991s]         Usage of dash-separated 'script-dir' will not be supported in future
[0.992s]         versions. Please use the underscore name 'script_dir' instead.
[0.992s] 
[0.992s]         By 2023-Sep-26, you need to update your project and remove deprecated calls
[0.992s]         or your builds will no longer be supported.
[0.992s] 
[0.992s]         See https://setuptools.pypa.io/en/latest/userguide/declarative_config.html for details.
[0.992s]         ********************************************************************************
[0.992s] 
[0.992s] !!
[0.992s]   opt = self.warn_dash_deprecation(opt, section)
[1.047s] running egg_info
[1.056s] writing ../../build/my_package/my_package.egg-info/PKG-INFO
[1.056s] writing dependency_links to ../../build/my_package/my_package.egg-info/dependency_links.txt
[1.056s] writing entry points to ../../build/my_package/my_package.egg-info/entry_points.txt
[1.056s] writing requirements to ../../build/my_package/my_package.egg-info/requires.txt
[1.056s] writing top-level names to ../../build/my_package/my_package.egg-info/top_level.txt
[1.132s] reading manifest file '../../build/my_package/my_package.egg-info/SOURCES.txt'
[1.133s] writing manifest file '../../build/my_package/my_package.egg-info/SOURCES.txt'
[1.133s] running build
[1.133s] running build_py
[1.133s] /home/jakub/.local/lib/python3.8/site-packages/setuptools/_distutils/cmd.py:66: SetuptoolsDeprecationWarning: setup.py install is deprecated.
[1.133s] !!
[1.133s] 
[1.133s]         ********************************************************************************
[1.133s]         Please avoid running ``setup.py`` directly.
[1.133s]         Instead, use pypa/build, pypa/installer, pypa/build or
[1.133s]         other standards-based tools.
[1.133s] 
[1.133s]         See https://blog.ganssle.io/articles/2021/10/setup-py-deprecated.html for details.
[1.133s]         ********************************************************************************
[1.133s] 
[1.133s] !!
[1.133s]   self.initialize_options()
[1.133s] running install
[1.136s] running install_lib
[1.146s] running install_data
[1.155s] running install_egg_info
[1.164s] removing '/home/jakub/sese_ws/install/my_package/lib/python3.8/site-packages/my_package-0.0.0-py3.8.egg-info' (and everything under it)
[1.164s] Copying ../../build/my_package/my_package.egg-info to /home/jakub/sese_ws/install/my_package/lib/python3.8/site-packages/my_package-0.0.0-py3.8.egg-info
[1.164s] running install_scripts
[1.201s] Installing my_node script to /home/jakub/sese_ws/install/my_package/lib/my_package
[1.201s] writing list of installed files to '/home/jakub/sese_ws/build/my_package/install.log'
[1.217s] Invoked command in '/home/jakub/sese_ws/src/my_package' returned '0': PYTHONPATH=/home/jakub/sese_ws/build/my_package/prefix_override:/home/jakub/sese_ws/install/my_package/lib/python3.8/site-packages:${PYTHONPATH} /usr/bin/python3 setup.py egg_info --egg-base ../../build/my_package build --build-base /home/jakub/sese_ws/build/my_package/build install --record /home/jakub/sese_ws/build/my_package/install.log --install-scripts $base/lib/my_package --single-version-externally-managed
