[0.575s] Invoking command in '/home/jakub/sese_ws/build/sese': PYTHONPATH=/home/jakub/sese_ws/build/sese/prefix_override:/home/jakub/sese_ws/install/sese/lib/python3.8/site-packages:${PYTHONPATH} /usr/bin/python3 setup.py develop --uninstall --editable --build-directory /home/jakub/sese_ws/build/sese/build
[0.649s] /home/jakub/.local/lib/python3.8/site-packages/setuptools/dist.py:755: SetuptoolsDeprecationWarning: Invalid dash-separated options
[0.649s] !!
[0.649s] 
[0.649s]         ********************************************************************************
[0.649s]         Usage of dash-separated 'script-dir' will not be supported in future
[0.649s]         versions. Please use the underscore name 'script_dir' instead.
[0.649s] 
[0.649s]         By 2023-Sep-26, you need to update your project and remove deprecated calls
[0.649s]         or your builds will no longer be supported.
[0.649s] 
[0.649s]         See https://setuptools.pypa.io/en/latest/userguide/declarative_config.html for details.
[0.649s]         ********************************************************************************
[0.649s] 
[0.649s] !!
[0.649s]   opt = self.warn_dash_deprecation(opt, section)
[0.755s] running develop
[0.755s] /home/jakub/.local/lib/python3.8/site-packages/setuptools/command/develop.py:40: EasyInstallDeprecationWarning: easy_install command is deprecated.
[0.755s] !!
[0.755s] 
[0.755s]         ********************************************************************************
[0.755s]         Please avoid running ``setup.py`` and ``easy_install``.
[0.755s]         Instead, use pypa/build, pypa/installer, pypa/build or
[0.755s]         other standards-based tools.
[0.756s] 
[0.756s]         See https://github.com/pypa/setuptools/issues/917 for details.
[0.756s]         ********************************************************************************
[0.756s] 
[0.756s] !!
[0.756s]   easy_install.initialize_options(self)
[0.774s] /home/jakub/.local/lib/python3.8/site-packages/setuptools/_distutils/cmd.py:66: SetuptoolsDeprecationWarning: setup.py install is deprecated.
[0.774s] !!
[0.774s] 
[0.774s]         ********************************************************************************
[0.774s]         Please avoid running ``setup.py`` directly.
[0.774s]         Instead, use pypa/build, pypa/installer, pypa/build or
[0.774s]         other standards-based tools.
[0.774s] 
[0.774s]         See https://blog.ganssle.io/articles/2021/10/setup-py-deprecated.html for details.
[0.774s]         ********************************************************************************
[0.774s] 
[0.774s] !!
[0.774s]   self.initialize_options()
[0.886s] Invoked command in '/home/jakub/sese_ws/build/sese' returned '0': PYTHONPATH=/home/jakub/sese_ws/build/sese/prefix_override:/home/jakub/sese_ws/install/sese/lib/python3.8/site-packages:${PYTHONPATH} /usr/bin/python3 setup.py develop --uninstall --editable --build-directory /home/jakub/sese_ws/build/sese/build
[0.886s] Invoking command in '/home/jakub/sese_ws/src/sese': PYTHONPATH=/home/jakub/sese_ws/build/sese/prefix_override:/home/jakub/sese_ws/install/sese/lib/python3.8/site-packages:${PYTHONPATH} /usr/bin/python3 setup.py egg_info --egg-base ../../build/sese build --build-base /home/jakub/sese_ws/build/sese/build install --record /home/jakub/sese_ws/build/sese/install.log --install-scripts $base/lib/sese --single-version-externally-managed
[0.955s] /home/jakub/.local/lib/python3.8/site-packages/setuptools/dist.py:755: SetuptoolsDeprecationWarning: Invalid dash-separated options
[0.955s] !!
[0.956s] 
[0.956s]         ********************************************************************************
[0.956s]         Usage of dash-separated 'script-dir' will not be supported in future
[0.956s]         versions. Please use the underscore name 'script_dir' instead.
[0.956s] 
[0.956s]         By 2023-Sep-26, you need to update your project and remove deprecated calls
[0.956s]         or your builds will no longer be supported.
[0.956s] 
[0.956s]         See https://setuptools.pypa.io/en/latest/userguide/declarative_config.html for details.
[0.956s]         ********************************************************************************
[0.956s] 
[0.956s] !!
[0.956s]   opt = self.warn_dash_deprecation(opt, section)
[1.008s] running egg_info
[1.016s] writing ../../build/sese/sese.egg-info/PKG-INFO
[1.016s] writing dependency_links to ../../build/sese/sese.egg-info/dependency_links.txt
[1.016s] writing entry points to ../../build/sese/sese.egg-info/entry_points.txt
[1.016s] writing requirements to ../../build/sese/sese.egg-info/requires.txt
[1.016s] writing top-level names to ../../build/sese/sese.egg-info/top_level.txt
[1.088s] reading manifest file '../../build/sese/sese.egg-info/SOURCES.txt'
[1.088s] writing manifest file '../../build/sese/sese.egg-info/SOURCES.txt'
[1.088s] running build
[1.088s] running build_py
[1.089s] running install
[1.089s] /home/jakub/.local/lib/python3.8/site-packages/setuptools/_distutils/cmd.py:66: SetuptoolsDeprecationWarning: setup.py install is deprecated.
[1.089s] !!
[1.089s] 
[1.089s]         ********************************************************************************
[1.089s]         Please avoid running ``setup.py`` directly.
[1.089s]         Instead, use pypa/build, pypa/installer, pypa/build or
[1.089s]         other standards-based tools.
[1.089s] 
[1.089s]         See https://blog.ganssle.io/articles/2021/10/setup-py-deprecated.html for details.
[1.089s]         ********************************************************************************
[1.089s] 
[1.089s] !!
[1.089s]   self.initialize_options()
[1.092s] running install_lib
[1.100s] byte-compiling /home/jakub/sese_ws/install/sese/lib/python3.8/site-packages/sese/image_display.py to image_display.cpython-38.pyc
[1.101s]   File "/home/jakub/sese_ws/install/sese/lib/python3.8/site-packages/sese/image_display.py", line 20
[1.101s]     detection_subscriber = self.create_subscription(ObjectHypothesisWithPose, topic='/asv_vision/front_cam/detections', self.callback, 10)
[1.101s]                                                                                                                         ^
[1.101s] SyntaxError: positional argument follows keyword argument
[1.101s] 
[1.101s] running install_data
[1.109s] running install_egg_info
[1.117s] removing '/home/jakub/sese_ws/install/sese/lib/python3.8/site-packages/sese-0.0.0-py3.8.egg-info' (and everything under it)
[1.117s] Copying ../../build/sese/sese.egg-info to /home/jakub/sese_ws/install/sese/lib/python3.8/site-packages/sese-0.0.0-py3.8.egg-info
[1.118s] running install_scripts
[1.151s] Installing scan_publisher script to /home/jakub/sese_ws/install/sese/lib/sese
[1.151s] writing list of installed files to '/home/jakub/sese_ws/build/sese/install.log'
[1.166s] Invoked command in '/home/jakub/sese_ws/src/sese' returned '0': PYTHONPATH=/home/jakub/sese_ws/build/sese/prefix_override:/home/jakub/sese_ws/install/sese/lib/python3.8/site-packages:${PYTHONPATH} /usr/bin/python3 setup.py egg_info --egg-base ../../build/sese build --build-base /home/jakub/sese_ws/build/sese/build install --record /home/jakub/sese_ws/build/sese/install.log --install-scripts $base/lib/sese --single-version-externally-managed
