[0.433s] Invoking command in '/home/jakub/sese_ws/build/sese': PYTHONPATH=/home/jakub/sese_ws/build/sese/prefix_override:/home/jakub/sese_ws/install/sese/lib/python3.8/site-packages:${PYTHONPATH} /usr/bin/python3 setup.py develop --editable --build-directory /home/jakub/sese_ws/build/sese/build --no-deps install_data
[0.503s] /home/jakub/.local/lib/python3.8/site-packages/setuptools/dist.py:755: SetuptoolsDeprecationWarning: Invalid dash-separated options
[0.503s] !!
[0.503s] 
[0.503s]         ********************************************************************************
[0.503s]         Usage of dash-separated 'script-dir' will not be supported in future
[0.503s]         versions. Please use the underscore name 'script_dir' instead.
[0.503s] 
[0.503s]         By 2023-Sep-26, you need to update your project and remove deprecated calls
[0.503s]         or your builds will no longer be supported.
[0.503s] 
[0.503s]         See https://setuptools.pypa.io/en/latest/userguide/declarative_config.html for details.
[0.503s]         ********************************************************************************
[0.504s] 
[0.504s] !!
[0.504s]   opt = self.warn_dash_deprecation(opt, section)
[0.609s] running develop
[0.609s] /home/jakub/.local/lib/python3.8/site-packages/setuptools/command/develop.py:40: EasyInstallDeprecationWarning: easy_install command is deprecated.
[0.609s] !!
[0.609s] 
[0.609s]         ********************************************************************************
[0.609s]         Please avoid running ``setup.py`` and ``easy_install``.
[0.609s]         Instead, use pypa/build, pypa/installer, pypa/build or
[0.609s]         other standards-based tools.
[0.609s] 
[0.609s]         See https://github.com/pypa/setuptools/issues/917 for details.
[0.609s]         ********************************************************************************
[0.609s] 
[0.609s] !!
[0.609s]   easy_install.initialize_options(self)
[0.626s] /home/jakub/.local/lib/python3.8/site-packages/setuptools/_distutils/cmd.py:66: SetuptoolsDeprecationWarning: setup.py install is deprecated.
[0.626s] !!
[0.626s] 
[0.626s]         ********************************************************************************
[0.626s]         Please avoid running ``setup.py`` directly.
[0.626s]         Instead, use pypa/build, pypa/installer, pypa/build or
[0.626s]         other standards-based tools.
[0.626s] 
[0.626s]         See https://blog.ganssle.io/articles/2021/10/setup-py-deprecated.html for details.
[0.626s]         ********************************************************************************
[0.626s] 
[0.626s] !!
[0.626s]   self.initialize_options()
[0.715s] running egg_info
[0.724s] writing sese.egg-info/PKG-INFO
[0.724s] writing dependency_links to sese.egg-info/dependency_links.txt
[0.724s] writing entry points to sese.egg-info/entry_points.txt
[0.724s] writing requirements to sese.egg-info/requires.txt
[0.724s] writing top-level names to sese.egg-info/top_level.txt
[0.741s] reading manifest file 'sese.egg-info/SOURCES.txt'
[0.742s] writing manifest file 'sese.egg-info/SOURCES.txt'
[0.773s] running build_ext
[0.773s] Creating /home/jakub/sese_ws/install/sese/lib/python3.8/site-packages/sese.egg-link (link to .)
[0.774s] Installing scan_publisher script to /home/jakub/sese_ws/install/sese/lib/sese
[0.774s] 
[0.774s] Installed /home/jakub/sese_ws/build/sese
[0.774s] running install_data
[0.788s] Invoked command in '/home/jakub/sese_ws/build/sese' returned '0': PYTHONPATH=/home/jakub/sese_ws/build/sese/prefix_override:/home/jakub/sese_ws/install/sese/lib/python3.8/site-packages:${PYTHONPATH} /usr/bin/python3 setup.py develop --editable --build-directory /home/jakub/sese_ws/build/sese/build --no-deps install_data
