[0.503s] Invoking command in '/home/jakub/sese_ws/build/sese': PYTHONPATH=/home/jakub/sese_ws/build/sese/prefix_override:/home/jakub/sese_ws/install/sese/lib/python3.8/site-packages:${PYTHONPATH} /usr/bin/python3 setup.py develop --uninstall --editable --build-directory /home/jakub/sese_ws/build/sese/build
[0.585s] /home/jakub/.local/lib/python3.8/site-packages/setuptools/dist.py:744: SetuptoolsDeprecationWarning: Invalid dash-separated options
[0.585s] !!
[0.585s] 
[0.585s]         ********************************************************************************
[0.585s]         Usage of dash-separated 'script-dir' will not be supported in future
[0.585s]         versions. Please use the underscore name 'script_dir' instead.
[0.585s] 
[0.585s]         By 2023-Sep-26, you need to update your project and remove deprecated calls
[0.585s]         or your builds will no longer be supported.
[0.585s] 
[0.585s]         See https://setuptools.pypa.io/en/latest/userguide/declarative_config.html for details.
[0.585s]         ********************************************************************************
[0.585s] 
[0.585s] !!
[0.585s]   opt = self.warn_dash_deprecation(opt, section)
[0.699s] running develop
[0.699s] /home/jakub/.local/lib/python3.8/site-packages/setuptools/command/develop.py:40: EasyInstallDeprecationWarning: easy_install command is deprecated.
[0.699s] !!
[0.699s] 
[0.699s]         ********************************************************************************
[0.699s]         Please avoid running ``setup.py`` and ``easy_install``.
[0.699s]         Instead, use pypa/build, pypa/installer or other
[0.699s]         standards-based tools.
[0.699s] 
[0.699s]         See https://github.com/pypa/setuptools/issues/917 for details.
[0.699s]         ********************************************************************************
[0.699s] 
[0.699s] !!
[0.699s]   easy_install.initialize_options(self)
[0.719s] /home/jakub/.local/lib/python3.8/site-packages/setuptools/_distutils/cmd.py:66: SetuptoolsDeprecationWarning: setup.py install is deprecated.
[0.719s] !!
[0.719s] 
[0.719s]         ********************************************************************************
[0.719s]         Please avoid running ``setup.py`` directly.
[0.719s]         Instead, use pypa/build, pypa/installer or other
[0.719s]         standards-based tools.
[0.719s] 
[0.719s]         See https://blog.ganssle.io/articles/2021/10/setup-py-deprecated.html for details.
[0.719s]         ********************************************************************************
[0.719s] 
[0.719s] !!
[0.719s]   self.initialize_options()
[0.844s] Invoked command in '/home/jakub/sese_ws/build/sese' returned '0': PYTHONPATH=/home/jakub/sese_ws/build/sese/prefix_override:/home/jakub/sese_ws/install/sese/lib/python3.8/site-packages:${PYTHONPATH} /usr/bin/python3 setup.py develop --uninstall --editable --build-directory /home/jakub/sese_ws/build/sese/build
[0.844s] Invoking command in '/home/jakub/sese_ws/src/sese': PYTHONPATH=/home/jakub/sese_ws/build/sese/prefix_override:/home/jakub/sese_ws/install/sese/lib/python3.8/site-packages:${PYTHONPATH} /usr/bin/python3 setup.py egg_info --egg-base ../../build/sese build --build-base /home/jakub/sese_ws/build/sese/build install --record /home/jakub/sese_ws/build/sese/install.log --install-scripts $base/lib/sese --single-version-externally-managed
[0.924s] /home/jakub/.local/lib/python3.8/site-packages/setuptools/dist.py:744: SetuptoolsDeprecationWarning: Invalid dash-separated options
[0.924s] !!
[0.924s] 
[0.924s]         ********************************************************************************
[0.924s]         Usage of dash-separated 'script-dir' will not be supported in future
[0.924s]         versions. Please use the underscore name 'script_dir' instead.
[0.924s] 
[0.924s]         By 2023-Sep-26, you need to update your project and remove deprecated calls
[0.924s]         or your builds will no longer be supported.
[0.924s] 
[0.924s]         See https://setuptools.pypa.io/en/latest/userguide/declarative_config.html for details.
[0.924s]         ********************************************************************************
[0.924s] 
[0.924s] !!
[0.924s]   opt = self.warn_dash_deprecation(opt, section)
[0.985s] running egg_info
[0.995s] writing ../../build/sese/sese.egg-info/PKG-INFO
[0.995s] writing dependency_links to ../../build/sese/sese.egg-info/dependency_links.txt
[0.995s] writing entry points to ../../build/sese/sese.egg-info/entry_points.txt
[0.995s] writing requirements to ../../build/sese/sese.egg-info/requires.txt
[0.995s] writing top-level names to ../../build/sese/sese.egg-info/top_level.txt
[1.077s] reading manifest file '../../build/sese/sese.egg-info/SOURCES.txt'
[1.077s] writing manifest file '../../build/sese/sese.egg-info/SOURCES.txt'
[1.078s] running build
[1.078s] running build_py
[1.078s] running install
[1.078s] /home/jakub/.local/lib/python3.8/site-packages/setuptools/_distutils/cmd.py:66: SetuptoolsDeprecationWarning: setup.py install is deprecated.
[1.078s] !!
[1.078s] 
[1.078s]         ********************************************************************************
[1.078s]         Please avoid running ``setup.py`` directly.
[1.078s]         Instead, use pypa/build, pypa/installer or other
[1.078s]         standards-based tools.
[1.078s] 
[1.078s]         See https://blog.ganssle.io/articles/2021/10/setup-py-deprecated.html for details.
[1.078s]         ********************************************************************************
[1.078s] 
[1.078s] !!
[1.078s]   self.initialize_options()
[1.081s] running install_lib
[1.092s] byte-compiling /home/jakub/sese_ws/install/sese/lib/python3.8/site-packages/sese/image_display.py to image_display.cpython-38.pyc
[1.092s]   File "/home/jakub/sese_ws/install/sese/lib/python3.8/site-packages/sese/image_display.py", line 20
[1.092s]     detection_subscriber = self.create_subscription(ObjectHypothesisWithPose, topic='/asv_vision/front_cam/detections', self.callback, 10)
[1.092s]                                                                                                                         ^
[1.092s] SyntaxError: positional argument follows keyword argument
[1.092s] 
[1.092s] running install_data
[1.102s] copying launch/launch_sim.launch.py -> /home/jakub/sese_ws/install/sese/share/sese/launch
[1.102s] copying description/lidar.xacro -> /home/jakub/sese_ws/install/sese/share/sese/description
[1.102s] running install_egg_info
[1.112s] removing '/home/jakub/sese_ws/install/sese/lib/python3.8/site-packages/sese-0.0.0-py3.8.egg-info' (and everything under it)
[1.112s] Copying ../../build/sese/sese.egg-info to /home/jakub/sese_ws/install/sese/lib/python3.8/site-packages/sese-0.0.0-py3.8.egg-info
[1.113s] running install_scripts
[1.143s] Installing scan_publisher script to /home/jakub/sese_ws/install/sese/lib/sese
[1.143s] writing list of installed files to '/home/jakub/sese_ws/build/sese/install.log'
[1.159s] Invoked command in '/home/jakub/sese_ws/src/sese' returned '0': PYTHONPATH=/home/jakub/sese_ws/build/sese/prefix_override:/home/jakub/sese_ws/install/sese/lib/python3.8/site-packages:${PYTHONPATH} /usr/bin/python3 setup.py egg_info --egg-base ../../build/sese build --build-base /home/jakub/sese_ws/build/sese/build install --record /home/jakub/sese_ws/build/sese/install.log --install-scripts $base/lib/sese --single-version-externally-managed
