[0.474s] Invoking command in '/home/jakub/sese_ws/build/sese': PYTHONPATH=/home/jakub/sese_ws/build/sese/prefix_override:/home/jakub/sese_ws/install/sese/lib/python3.8/site-packages:${PYTHONPATH} /usr/bin/python3 setup.py develop --uninstall --editable --build-directory /home/jakub/sese_ws/build/sese/build
[0.554s] /home/jakub/.local/lib/python3.8/site-packages/setuptools/dist.py:744: SetuptoolsDeprecationWarning: Invalid dash-separated options
[0.554s] !!
[0.554s] 
[0.554s]         ********************************************************************************
[0.554s]         Usage of dash-separated 'script-dir' will not be supported in future
[0.554s]         versions. Please use the underscore name 'script_dir' instead.
[0.554s] 
[0.554s]         By 2023-Sep-26, you need to update your project and remove deprecated calls
[0.554s]         or your builds will no longer be supported.
[0.554s] 
[0.554s]         See https://setuptools.pypa.io/en/latest/userguide/declarative_config.html for details.
[0.554s]         ********************************************************************************
[0.554s] 
[0.554s] !!
[0.554s]   opt = self.warn_dash_deprecation(opt, section)
[0.662s] running develop
[0.662s] /home/jakub/.local/lib/python3.8/site-packages/setuptools/command/develop.py:40: EasyInstallDeprecationWarning: easy_install command is deprecated.
[0.662s] !!
[0.662s] 
[0.662s]         ********************************************************************************
[0.662s]         Please avoid running ``setup.py`` and ``easy_install``.
[0.662s]         Instead, use pypa/build, pypa/installer or other
[0.663s]         standards-based tools.
[0.663s] 
[0.663s]         See https://github.com/pypa/setuptools/issues/917 for details.
[0.663s]         ********************************************************************************
[0.663s] 
[0.663s] !!
[0.663s]   easy_install.initialize_options(self)
[0.681s] /home/jakub/.local/lib/python3.8/site-packages/setuptools/_distutils/cmd.py:66: SetuptoolsDeprecationWarning: setup.py install is deprecated.
[0.681s] !!
[0.681s] 
[0.681s]         ********************************************************************************
[0.681s]         Please avoid running ``setup.py`` directly.
[0.681s]         Instead, use pypa/build, pypa/installer or other
[0.682s]         standards-based tools.
[0.682s] 
[0.682s]         See https://blog.ganssle.io/articles/2021/10/setup-py-deprecated.html for details.
[0.682s]         ********************************************************************************
[0.682s] 
[0.682s] !!
[0.682s]   self.initialize_options()
[0.798s] Invoked command in '/home/jakub/sese_ws/build/sese' returned '0': PYTHONPATH=/home/jakub/sese_ws/build/sese/prefix_override:/home/jakub/sese_ws/install/sese/lib/python3.8/site-packages:${PYTHONPATH} /usr/bin/python3 setup.py develop --uninstall --editable --build-directory /home/jakub/sese_ws/build/sese/build
[0.798s] Invoking command in '/home/jakub/sese_ws/src/sese': PYTHONPATH=/home/jakub/sese_ws/build/sese/prefix_override:/home/jakub/sese_ws/install/sese/lib/python3.8/site-packages:${PYTHONPATH} /usr/bin/python3 setup.py egg_info --egg-base ../../build/sese build --build-base /home/jakub/sese_ws/build/sese/build install --record /home/jakub/sese_ws/build/sese/install.log --install-scripts $base/lib/sese --single-version-externally-managed
[0.874s] /home/jakub/.local/lib/python3.8/site-packages/setuptools/dist.py:744: SetuptoolsDeprecationWarning: Invalid dash-separated options
[0.874s] !!
[0.874s] 
[0.874s]         ********************************************************************************
[0.874s]         Usage of dash-separated 'script-dir' will not be supported in future
[0.874s]         versions. Please use the underscore name 'script_dir' instead.
[0.874s] 
[0.874s]         By 2023-Sep-26, you need to update your project and remove deprecated calls
[0.874s]         or your builds will no longer be supported.
[0.874s] 
[0.874s]         See https://setuptools.pypa.io/en/latest/userguide/declarative_config.html for details.
[0.874s]         ********************************************************************************
[0.874s] 
[0.874s] !!
[0.874s]   opt = self.warn_dash_deprecation(opt, section)
[0.932s] running egg_info
[0.941s] writing ../../build/sese/sese.egg-info/PKG-INFO
[0.941s] writing dependency_links to ../../build/sese/sese.egg-info/dependency_links.txt
[0.941s] writing entry points to ../../build/sese/sese.egg-info/entry_points.txt
[0.941s] writing requirements to ../../build/sese/sese.egg-info/requires.txt
[0.941s] writing top-level names to ../../build/sese/sese.egg-info/top_level.txt
[1.020s] reading manifest file '../../build/sese/sese.egg-info/SOURCES.txt'
[1.021s] writing manifest file '../../build/sese/sese.egg-info/SOURCES.txt'
[1.021s] running build
[1.021s] running build_py
[1.021s] running install
[1.021s] /home/jakub/.local/lib/python3.8/site-packages/setuptools/_distutils/cmd.py:66: SetuptoolsDeprecationWarning: setup.py install is deprecated.
[1.021s] !!
[1.021s] 
[1.021s]         ********************************************************************************
[1.022s]         Please avoid running ``setup.py`` directly.
[1.022s]         Instead, use pypa/build, pypa/installer or other
[1.022s]         standards-based tools.
[1.022s] 
[1.022s]         See https://blog.ganssle.io/articles/2021/10/setup-py-deprecated.html for details.
[1.022s]         ********************************************************************************
[1.022s] 
[1.022s] !!
[1.022s]   self.initialize_options()
[1.024s] running install_lib
[1.034s] byte-compiling /home/jakub/sese_ws/install/sese/lib/python3.8/site-packages/sese/image_display.py to image_display.cpython-38.pyc
[1.035s]   File "/home/jakub/sese_ws/install/sese/lib/python3.8/site-packages/sese/image_display.py", line 20
[1.035s]     detection_subscriber = self.create_subscription(ObjectHypothesisWithPose, topic='/asv_vision/front_cam/detections', self.callback, 10)
[1.035s]                                                                                                                         ^
[1.035s] SyntaxError: positional argument follows keyword argument
[1.035s] 
[1.035s] running install_data
[1.044s] copying description/robot_core.xacro -> /home/jakub/sese_ws/install/sese/share/sese/description
[1.044s] copying config/ekf.yaml -> /home/jakub/sese_ws/install/sese/share/sese/config
[1.045s] running install_egg_info
[1.054s] removing '/home/jakub/sese_ws/install/sese/lib/python3.8/site-packages/sese-0.0.0-py3.8.egg-info' (and everything under it)
[1.054s] Copying ../../build/sese/sese.egg-info to /home/jakub/sese_ws/install/sese/lib/python3.8/site-packages/sese-0.0.0-py3.8.egg-info
[1.055s] running install_scripts
[1.083s] Installing scan_publisher script to /home/jakub/sese_ws/install/sese/lib/sese
[1.084s] writing list of installed files to '/home/jakub/sese_ws/build/sese/install.log'
[1.100s] Invoked command in '/home/jakub/sese_ws/src/sese' returned '0': PYTHONPATH=/home/jakub/sese_ws/build/sese/prefix_override:/home/jakub/sese_ws/install/sese/lib/python3.8/site-packages:${PYTHONPATH} /usr/bin/python3 setup.py egg_info --egg-base ../../build/sese build --build-base /home/jakub/sese_ws/build/sese/build install --record /home/jakub/sese_ws/build/sese/install.log --install-scripts $base/lib/sese --single-version-externally-managed
