[0.582s] Invoking command in '/home/jakub/sese_ws/build/sese': PYTHONPATH=/home/jakub/sese_ws/build/sese/prefix_override:/home/jakub/sese_ws/install/sese/lib/python3.8/site-packages:${PYTHONPATH} /usr/bin/python3 setup.py develop --uninstall --editable --build-directory /home/jakub/sese_ws/build/sese/build
[0.659s] /home/jakub/.local/lib/python3.8/site-packages/setuptools/dist.py:755: SetuptoolsDeprecationWarning: Invalid dash-separated options
[0.659s] !!
[0.659s] 
[0.659s]         ********************************************************************************
[0.659s]         Usage of dash-separated 'script-dir' will not be supported in future
[0.659s]         versions. Please use the underscore name 'script_dir' instead.
[0.659s] 
[0.659s]         By 2023-Sep-26, you need to update your project and remove deprecated calls
[0.659s]         or your builds will no longer be supported.
[0.659s] 
[0.659s]         See https://setuptools.pypa.io/en/latest/userguide/declarative_config.html for details.
[0.659s]         ********************************************************************************
[0.659s] 
[0.659s] !!
[0.659s]   opt = self.warn_dash_deprecation(opt, section)
[0.765s] running develop
[0.766s] /home/jakub/.local/lib/python3.8/site-packages/setuptools/command/develop.py:40: EasyInstallDeprecationWarning: easy_install command is deprecated.
[0.766s] !!
[0.766s] 
[0.766s]         ********************************************************************************
[0.766s]         Please avoid running ``setup.py`` and ``easy_install``.
[0.766s]         Instead, use pypa/build, pypa/installer, pypa/build or
[0.766s]         other standards-based tools.
[0.766s] 
[0.766s]         See https://github.com/pypa/setuptools/issues/917 for details.
[0.766s]         ********************************************************************************
[0.766s] 
[0.766s] !!
[0.766s]   easy_install.initialize_options(self)
[0.784s] /home/jakub/.local/lib/python3.8/site-packages/setuptools/_distutils/cmd.py:66: SetuptoolsDeprecationWarning: setup.py install is deprecated.
[0.784s] !!
[0.784s] 
[0.784s]         ********************************************************************************
[0.785s]         Please avoid running ``setup.py`` directly.
[0.785s]         Instead, use pypa/build, pypa/installer, pypa/build or
[0.785s]         other standards-based tools.
[0.785s] 
[0.785s]         See https://blog.ganssle.io/articles/2021/10/setup-py-deprecated.html for details.
[0.785s]         ********************************************************************************
[0.785s] 
[0.785s] !!
[0.785s]   self.initialize_options()
[0.897s] Invoked command in '/home/jakub/sese_ws/build/sese' returned '0': PYTHONPATH=/home/jakub/sese_ws/build/sese/prefix_override:/home/jakub/sese_ws/install/sese/lib/python3.8/site-packages:${PYTHONPATH} /usr/bin/python3 setup.py develop --uninstall --editable --build-directory /home/jakub/sese_ws/build/sese/build
[0.897s] Invoking command in '/home/jakub/sese_ws/src/sese': PYTHONPATH=/home/jakub/sese_ws/build/sese/prefix_override:/home/jakub/sese_ws/install/sese/lib/python3.8/site-packages:${PYTHONPATH} /usr/bin/python3 setup.py egg_info --egg-base ../../build/sese build --build-base /home/jakub/sese_ws/build/sese/build install --record /home/jakub/sese_ws/build/sese/install.log --install-scripts $base/lib/sese --single-version-externally-managed
[0.966s] /home/jakub/.local/lib/python3.8/site-packages/setuptools/dist.py:755: SetuptoolsDeprecationWarning: Invalid dash-separated options
[0.966s] !!
[0.966s] 
[0.966s]         ********************************************************************************
[0.966s]         Usage of dash-separated 'script-dir' will not be supported in future
[0.966s]         versions. Please use the underscore name 'script_dir' instead.
[0.966s] 
[0.966s]         By 2023-Sep-26, you need to update your project and remove deprecated calls
[0.966s]         or your builds will no longer be supported.
[0.966s] 
[0.966s]         See https://setuptools.pypa.io/en/latest/userguide/declarative_config.html for details.
[0.966s]         ********************************************************************************
[0.966s] 
[0.966s] !!
[0.966s]   opt = self.warn_dash_deprecation(opt, section)
[1.019s] running egg_info
[1.027s] writing ../../build/sese/sese.egg-info/PKG-INFO
[1.027s] writing dependency_links to ../../build/sese/sese.egg-info/dependency_links.txt
[1.027s] writing entry points to ../../build/sese/sese.egg-info/entry_points.txt
[1.027s] writing requirements to ../../build/sese/sese.egg-info/requires.txt
[1.027s] writing top-level names to ../../build/sese/sese.egg-info/top_level.txt
[1.098s] reading manifest file '../../build/sese/sese.egg-info/SOURCES.txt'
[1.098s] writing manifest file '../../build/sese/sese.egg-info/SOURCES.txt'
[1.099s] running build
[1.099s] running build_py
[1.099s] running install
[1.099s] /home/jakub/.local/lib/python3.8/site-packages/setuptools/_distutils/cmd.py:66: SetuptoolsDeprecationWarning: setup.py install is deprecated.
[1.099s] !!
[1.099s] 
[1.099s]         ********************************************************************************
[1.099s]         Please avoid running ``setup.py`` directly.
[1.099s]         Instead, use pypa/build, pypa/installer, pypa/build or
[1.099s]         other standards-based tools.
[1.099s] 
[1.099s]         See https://blog.ganssle.io/articles/2021/10/setup-py-deprecated.html for details.
[1.099s]         ********************************************************************************
[1.099s] 
[1.099s] !!
[1.099s]   self.initialize_options()
[1.102s] running install_lib
[1.111s] byte-compiling /home/jakub/sese_ws/install/sese/lib/python3.8/site-packages/sese/image_display.py to image_display.cpython-38.pyc
[1.111s] running install_data
[1.111s]   File "/home/jakub/sese_ws/install/sese/lib/python3.8/site-packages/sese/image_display.py", line 20
[1.111s]     detection_subscriber = self.create_subscription(ObjectHypothesisWithPose, topic='/asv_vision/front_cam/detections', self.callback, 10)
[1.111s]                                                                                                                         ^
[1.111s] SyntaxError: positional argument follows keyword argument
[1.111s] 
[1.119s] running install_egg_info
[1.128s] removing '/home/jakub/sese_ws/install/sese/lib/python3.8/site-packages/sese-0.0.0-py3.8.egg-info' (and everything under it)
[1.128s] Copying ../../build/sese/sese.egg-info to /home/jakub/sese_ws/install/sese/lib/python3.8/site-packages/sese-0.0.0-py3.8.egg-info
[1.128s] running install_scripts
[1.162s] Installing scan_publisher script to /home/jakub/sese_ws/install/sese/lib/sese
[1.162s] writing list of installed files to '/home/jakub/sese_ws/build/sese/install.log'
[1.177s] Invoked command in '/home/jakub/sese_ws/src/sese' returned '0': PYTHONPATH=/home/jakub/sese_ws/build/sese/prefix_override:/home/jakub/sese_ws/install/sese/lib/python3.8/site-packages:${PYTHONPATH} /usr/bin/python3 setup.py egg_info --egg-base ../../build/sese build --build-base /home/jakub/sese_ws/build/sese/build install --record /home/jakub/sese_ws/build/sese/install.log --install-scripts $base/lib/sese --single-version-externally-managed
