[0.594s] Invoking command in '/home/jakub/sese_ws/build/sese': PYTHONPATH=/home/jakub/sese_ws/build/sese/prefix_override:/home/jakub/sese_ws/install/sese/lib/python3.8/site-packages:${PYTHONPATH} /usr/bin/python3 setup.py develop --uninstall --editable --build-directory /home/jakub/sese_ws/build/sese/build
[0.669s] /home/jakub/.local/lib/python3.8/site-packages/setuptools/dist.py:755: SetuptoolsDeprecationWarning: Invalid dash-separated options
[0.669s] !!
[0.669s] 
[0.669s]         ********************************************************************************
[0.669s]         Usage of dash-separated 'script-dir' will not be supported in future
[0.669s]         versions. Please use the underscore name 'script_dir' instead.
[0.669s] 
[0.669s]         By 2023-Sep-26, you need to update your project and remove deprecated calls
[0.669s]         or your builds will no longer be supported.
[0.669s] 
[0.669s]         See https://setuptools.pypa.io/en/latest/userguide/declarative_config.html for details.
[0.669s]         ********************************************************************************
[0.670s] 
[0.670s] !!
[0.670s]   opt = self.warn_dash_deprecation(opt, section)
[0.775s] running develop
[0.775s] /home/jakub/.local/lib/python3.8/site-packages/setuptools/command/develop.py:40: EasyInstallDeprecationWarning: easy_install command is deprecated.
[0.775s] !!
[0.775s] 
[0.775s]         ********************************************************************************
[0.775s]         Please avoid running ``setup.py`` and ``easy_install``.
[0.775s]         Instead, use pypa/build, pypa/installer, pypa/build or
[0.775s]         other standards-based tools.
[0.775s] 
[0.775s]         See https://github.com/pypa/setuptools/issues/917 for details.
[0.775s]         ********************************************************************************
[0.775s] 
[0.775s] !!
[0.775s]   easy_install.initialize_options(self)
[0.793s] /home/jakub/.local/lib/python3.8/site-packages/setuptools/_distutils/cmd.py:66: SetuptoolsDeprecationWarning: setup.py install is deprecated.
[0.793s] !!
[0.793s] 
[0.793s]         ********************************************************************************
[0.793s]         Please avoid running ``setup.py`` directly.
[0.793s]         Instead, use pypa/build, pypa/installer, pypa/build or
[0.793s]         other standards-based tools.
[0.793s] 
[0.794s]         See https://blog.ganssle.io/articles/2021/10/setup-py-deprecated.html for details.
[0.794s]         ********************************************************************************
[0.794s] 
[0.794s] !!
[0.794s]   self.initialize_options()
[0.910s] Invoked command in '/home/jakub/sese_ws/build/sese' returned '0': PYTHONPATH=/home/jakub/sese_ws/build/sese/prefix_override:/home/jakub/sese_ws/install/sese/lib/python3.8/site-packages:${PYTHONPATH} /usr/bin/python3 setup.py develop --uninstall --editable --build-directory /home/jakub/sese_ws/build/sese/build
[0.911s] Invoking command in '/home/jakub/sese_ws/src/sese': PYTHONPATH=/home/jakub/sese_ws/build/sese/prefix_override:/home/jakub/sese_ws/install/sese/lib/python3.8/site-packages:${PYTHONPATH} /usr/bin/python3 setup.py egg_info --egg-base ../../build/sese build --build-base /home/jakub/sese_ws/build/sese/build install --record /home/jakub/sese_ws/build/sese/install.log --install-scripts $base/lib/sese --single-version-externally-managed
[0.985s] /home/jakub/.local/lib/python3.8/site-packages/setuptools/dist.py:755: SetuptoolsDeprecationWarning: Invalid dash-separated options
[0.985s] !!
[0.985s] 
[0.985s]         ********************************************************************************
[0.985s]         Usage of dash-separated 'script-dir' will not be supported in future
[0.985s]         versions. Please use the underscore name 'script_dir' instead.
[0.985s] 
[0.985s]         By 2023-Sep-26, you need to update your project and remove deprecated calls
[0.986s]         or your builds will no longer be supported.
[0.986s] 
[0.986s]         See https://setuptools.pypa.io/en/latest/userguide/declarative_config.html for details.
[0.986s]         ********************************************************************************
[0.986s] 
[0.986s] !!
[0.986s]   opt = self.warn_dash_deprecation(opt, section)
[1.042s] running egg_info
[1.051s] writing ../../build/sese/sese.egg-info/PKG-INFO
[1.051s] writing dependency_links to ../../build/sese/sese.egg-info/dependency_links.txt
[1.051s] writing entry points to ../../build/sese/sese.egg-info/entry_points.txt
[1.051s] writing requirements to ../../build/sese/sese.egg-info/requires.txt
[1.051s] writing top-level names to ../../build/sese/sese.egg-info/top_level.txt
[1.127s] reading manifest file '../../build/sese/sese.egg-info/SOURCES.txt'
[1.128s] writing manifest file '../../build/sese/sese.egg-info/SOURCES.txt'
[1.128s] running build
[1.128s] running build_py
[1.128s] running install
[1.128s] /home/jakub/.local/lib/python3.8/site-packages/setuptools/_distutils/cmd.py:66: SetuptoolsDeprecationWarning: setup.py install is deprecated.
[1.128s] !!
[1.128s] 
[1.128s]         ********************************************************************************
[1.128s]         Please avoid running ``setup.py`` directly.
[1.128s]         Instead, use pypa/build, pypa/installer, pypa/build or
[1.128s]         other standards-based tools.
[1.128s] 
[1.128s]         See https://blog.ganssle.io/articles/2021/10/setup-py-deprecated.html for details.
[1.128s]         ********************************************************************************
[1.129s] 
[1.129s] !!
[1.129s]   self.initialize_options()
[1.132s] running install_lib
[1.141s] byte-compiling /home/jakub/sese_ws/install/sese/lib/python3.8/site-packages/sese/image_display.py to image_display.cpython-38.pyc
[1.142s] running install_data
[1.142s]   File "/home/jakub/sese_ws/install/sese/lib/python3.8/site-packages/sese/image_display.py", line 20
[1.142s]     detection_subscriber = self.create_subscription(ObjectHypothesisWithPose, topic='/asv_vision/front_cam/detections', self.callback, 10)
[1.142s]                                                                                                                         ^
[1.142s] SyntaxError: positional argument follows keyword argument
[1.142s] 
[1.151s] copying launch/launch_sim.launch.py -> /home/jakub/sese_ws/install/sese/share/sese/launch
[1.151s] running install_egg_info
[1.160s] removing '/home/jakub/sese_ws/install/sese/lib/python3.8/site-packages/sese-0.0.0-py3.8.egg-info' (and everything under it)
[1.161s] Copying ../../build/sese/sese.egg-info to /home/jakub/sese_ws/install/sese/lib/python3.8/site-packages/sese-0.0.0-py3.8.egg-info
[1.161s] running install_scripts
[1.197s] Installing scan_publisher script to /home/jakub/sese_ws/install/sese/lib/sese
[1.198s] writing list of installed files to '/home/jakub/sese_ws/build/sese/install.log'
[1.218s] Invoked command in '/home/jakub/sese_ws/src/sese' returned '0': PYTHONPATH=/home/jakub/sese_ws/build/sese/prefix_override:/home/jakub/sese_ws/install/sese/lib/python3.8/site-packages:${PYTHONPATH} /usr/bin/python3 setup.py egg_info --egg-base ../../build/sese build --build-base /home/jakub/sese_ws/build/sese/build install --record /home/jakub/sese_ws/build/sese/install.log --install-scripts $base/lib/sese --single-version-externally-managed
