[0.547s] Invoking command in '/home/jakub/sese_ws/build/sese': PYTHONPATH=/home/jakub/sese_ws/build/sese/prefix_override:/home/jakub/sese_ws/install/sese/lib/python3.8/site-packages:${PYTHONPATH} /usr/bin/python3 setup.py develop --uninstall --editable --build-directory /home/jakub/sese_ws/build/sese/build
[0.619s] /home/jakub/.local/lib/python3.8/site-packages/setuptools/dist.py:755: SetuptoolsDeprecationWarning: Invalid dash-separated options
[0.619s] !!
[0.619s] 
[0.620s]         ********************************************************************************
[0.620s]         Usage of dash-separated 'script-dir' will not be supported in future
[0.620s]         versions. Please use the underscore name 'script_dir' instead.
[0.620s] 
[0.620s]         By 2023-Sep-26, you need to update your project and remove deprecated calls
[0.620s]         or your builds will no longer be supported.
[0.620s] 
[0.620s]         See https://setuptools.pypa.io/en/latest/userguide/declarative_config.html for details.
[0.620s]         ********************************************************************************
[0.620s] 
[0.620s] !!
[0.620s]   opt = self.warn_dash_deprecation(opt, section)
[0.722s] running develop
[0.722s] /home/jakub/.local/lib/python3.8/site-packages/setuptools/command/develop.py:40: EasyInstallDeprecationWarning: easy_install command is deprecated.
[0.722s] !!
[0.722s] 
[0.722s]         ********************************************************************************
[0.722s]         Please avoid running ``setup.py`` and ``easy_install``.
[0.722s]         Instead, use pypa/build, pypa/installer, pypa/build or
[0.722s]         other standards-based tools.
[0.722s] 
[0.722s]         See https://github.com/pypa/setuptools/issues/917 for details.
[0.722s]         ********************************************************************************
[0.722s] 
[0.722s] !!
[0.722s]   easy_install.initialize_options(self)
[0.740s] /home/jakub/.local/lib/python3.8/site-packages/setuptools/_distutils/cmd.py:66: SetuptoolsDeprecationWarning: setup.py install is deprecated.
[0.740s] !!
[0.740s] 
[0.740s]         ********************************************************************************
[0.740s]         Please avoid running ``setup.py`` directly.
[0.740s]         Instead, use pypa/build, pypa/installer, pypa/build or
[0.740s]         other standards-based tools.
[0.740s] 
[0.740s]         See https://blog.ganssle.io/articles/2021/10/setup-py-deprecated.html for details.
[0.740s]         ********************************************************************************
[0.740s] 
[0.740s] !!
[0.740s]   self.initialize_options()
[0.852s] Invoked command in '/home/jakub/sese_ws/build/sese' returned '0': PYTHONPATH=/home/jakub/sese_ws/build/sese/prefix_override:/home/jakub/sese_ws/install/sese/lib/python3.8/site-packages:${PYTHONPATH} /usr/bin/python3 setup.py develop --uninstall --editable --build-directory /home/jakub/sese_ws/build/sese/build
[0.852s] Invoking command in '/home/jakub/sese_ws/src/sese': PYTHONPATH=/home/jakub/sese_ws/build/sese/prefix_override:/home/jakub/sese_ws/install/sese/lib/python3.8/site-packages:${PYTHONPATH} /usr/bin/python3 setup.py egg_info --egg-base ../../build/sese build --build-base /home/jakub/sese_ws/build/sese/build install --record /home/jakub/sese_ws/build/sese/install.log --install-scripts $base/lib/sese --single-version-externally-managed
[0.921s] /home/jakub/.local/lib/python3.8/site-packages/setuptools/dist.py:755: SetuptoolsDeprecationWarning: Invalid dash-separated options
[0.921s] !!
[0.921s] 
[0.921s]         ********************************************************************************
[0.921s]         Usage of dash-separated 'script-dir' will not be supported in future
[0.921s]         versions. Please use the underscore name 'script_dir' instead.
[0.921s] 
[0.921s]         By 2023-Sep-26, you need to update your project and remove deprecated calls
[0.922s]         or your builds will no longer be supported.
[0.922s] 
[0.922s]         See https://setuptools.pypa.io/en/latest/userguide/declarative_config.html for details.
[0.922s]         ********************************************************************************
[0.922s] 
[0.922s] !!
[0.922s]   opt = self.warn_dash_deprecation(opt, section)
[0.976s] running egg_info
[0.985s] writing ../../build/sese/sese.egg-info/PKG-INFO
[0.985s] writing dependency_links to ../../build/sese/sese.egg-info/dependency_links.txt
[0.986s] writing entry points to ../../build/sese/sese.egg-info/entry_points.txt
[0.986s] writing requirements to ../../build/sese/sese.egg-info/requires.txt
[0.986s] writing top-level names to ../../build/sese/sese.egg-info/top_level.txt
[1.061s] reading manifest file '../../build/sese/sese.egg-info/SOURCES.txt'
[1.061s] writing manifest file '../../build/sese/sese.egg-info/SOURCES.txt'
[1.061s] running build
[1.061s] running build_py
[1.061s] running install
[1.061s] /home/jakub/.local/lib/python3.8/site-packages/setuptools/_distutils/cmd.py:66: SetuptoolsDeprecationWarning: setup.py install is deprecated.
[1.062s] !!
[1.062s] 
[1.062s]         ********************************************************************************
[1.062s]         Please avoid running ``setup.py`` directly.
[1.062s]         Instead, use pypa/build, pypa/installer, pypa/build or
[1.062s]         other standards-based tools.
[1.062s] 
[1.062s]         See https://blog.ganssle.io/articles/2021/10/setup-py-deprecated.html for details.
[1.062s]         ********************************************************************************
[1.062s] 
[1.062s] !!
[1.062s]   self.initialize_options()
[1.065s] running install_lib
[1.074s] byte-compiling /home/jakub/sese_ws/install/sese/lib/python3.8/site-packages/sese/image_display.py to image_display.cpython-38.pyc
[1.074s] running install_data
[1.074s]   File "/home/jakub/sese_ws/install/sese/lib/python3.8/site-packages/sese/image_display.py", line 20
[1.074s]     detection_subscriber = self.create_subscription(ObjectHypothesisWithPose, topic='/asv_vision/front_cam/detections', self.callback, 10)
[1.074s]                                                                                                                         ^
[1.074s] SyntaxError: positional argument follows keyword argument
[1.074s] 
[1.083s] running install_egg_info
[1.092s] removing '/home/jakub/sese_ws/install/sese/lib/python3.8/site-packages/sese-0.0.0-py3.8.egg-info' (and everything under it)
[1.092s] Copying ../../build/sese/sese.egg-info to /home/jakub/sese_ws/install/sese/lib/python3.8/site-packages/sese-0.0.0-py3.8.egg-info
[1.092s] running install_scripts
[1.127s] Installing scan_publisher script to /home/jakub/sese_ws/install/sese/lib/sese
[1.128s] writing list of installed files to '/home/jakub/sese_ws/build/sese/install.log'
[1.143s] Invoked command in '/home/jakub/sese_ws/src/sese' returned '0': PYTHONPATH=/home/jakub/sese_ws/build/sese/prefix_override:/home/jakub/sese_ws/install/sese/lib/python3.8/site-packages:${PYTHONPATH} /usr/bin/python3 setup.py egg_info --egg-base ../../build/sese build --build-base /home/jakub/sese_ws/build/sese/build install --record /home/jakub/sese_ws/build/sese/install.log --install-scripts $base/lib/sese --single-version-externally-managed
