[0.646s] Invoking command in '/home/jakub/sese_ws/build/my_package': PYTHONPATH=/home/jakub/sese_ws/build/my_package/prefix_override:/home/jakub/sese_ws/install/my_package/lib/python3.8/site-packages:${PYTHONPATH} /usr/bin/python3 setup.py develop --uninstall --editable --build-directory /home/jakub/sese_ws/build/my_package/build
[0.719s] /home/jakub/.local/lib/python3.8/site-packages/setuptools/dist.py:755: SetuptoolsDeprecationWarning: Invalid dash-separated options
[0.719s] !!
[0.719s] 
[0.719s]         ********************************************************************************
[0.719s]         Usage of dash-separated 'script-dir' will not be supported in future
[0.719s]         versions. Please use the underscore name 'script_dir' instead.
[0.719s] 
[0.719s]         By 2023-Sep-26, you need to update your project and remove deprecated calls
[0.719s]         or your builds will no longer be supported.
[0.719s] 
[0.719s]         See https://setuptools.pypa.io/en/latest/userguide/declarative_config.html for details.
[0.719s]         ********************************************************************************
[0.719s] 
[0.719s] !!
[0.719s]   opt = self.warn_dash_deprecation(opt, section)
[0.817s] running develop
[0.818s] /home/jakub/.local/lib/python3.8/site-packages/setuptools/command/develop.py:40: EasyInstallDeprecationWarning: easy_install command is deprecated.
[0.818s] !!
[0.818s] 
[0.818s]         ********************************************************************************
[0.818s]         Please avoid running ``setup.py`` and ``easy_install``.
[0.818s]         Instead, use pypa/build, pypa/installer, pypa/build or
[0.818s]         other standards-based tools.
[0.818s] 
[0.818s]         See https://github.com/pypa/setuptools/issues/917 for details.
[0.818s]         ********************************************************************************
[0.818s] 
[0.818s] !!
[0.818s]   easy_install.initialize_options(self)
[0.836s] /home/jakub/.local/lib/python3.8/site-packages/setuptools/_distutils/cmd.py:66: SetuptoolsDeprecationWarning: setup.py install is deprecated.
[0.836s] !!
[0.836s] 
[0.836s]         ********************************************************************************
[0.836s]         Please avoid running ``setup.py`` directly.
[0.836s]         Instead, use pypa/build, pypa/installer, pypa/build or
[0.837s]         other standards-based tools.
[0.837s] 
[0.837s]         See https://blog.ganssle.io/articles/2021/10/setup-py-deprecated.html for details.
[0.837s]         ********************************************************************************
[0.837s] 
[0.837s] !!
[0.837s]   self.initialize_options()
[0.934s] Removing /home/jakub/sese_ws/install/my_package/lib/python3.8/site-packages/my-package.egg-link (link to .)
[0.952s] Invoked command in '/home/jakub/sese_ws/build/my_package' returned '0': PYTHONPATH=/home/jakub/sese_ws/build/my_package/prefix_override:/home/jakub/sese_ws/install/my_package/lib/python3.8/site-packages:${PYTHONPATH} /usr/bin/python3 setup.py develop --uninstall --editable --build-directory /home/jakub/sese_ws/build/my_package/build
[0.954s] Invoking command in '/home/jakub/sese_ws/src/my_package': PYTHONPATH=/home/jakub/sese_ws/build/my_package/prefix_override:/home/jakub/sese_ws/install/my_package/lib/python3.8/site-packages:${PYTHONPATH} /usr/bin/python3 setup.py egg_info --egg-base ../../build/my_package build --build-base /home/jakub/sese_ws/build/my_package/build install --record /home/jakub/sese_ws/build/my_package/install.log --install-scripts $base/lib/my_package --single-version-externally-managed
[1.024s] /home/jakub/.local/lib/python3.8/site-packages/setuptools/dist.py:755: SetuptoolsDeprecationWarning: Invalid dash-separated options
[1.024s] !!
[1.024s] 
[1.024s]         ********************************************************************************
[1.024s]         Usage of dash-separated 'script-dir' will not be supported in future
[1.024s]         versions. Please use the underscore name 'script_dir' instead.
[1.024s] 
[1.024s]         By 2023-Sep-26, you need to update your project and remove deprecated calls
[1.024s]         or your builds will no longer be supported.
[1.024s] 
[1.024s]         See https://setuptools.pypa.io/en/latest/userguide/declarative_config.html for details.
[1.025s]         ********************************************************************************
[1.025s] 
[1.025s] !!
[1.025s]   opt = self.warn_dash_deprecation(opt, section)
[1.078s] running egg_info
[1.086s] writing ../../build/my_package/my_package.egg-info/PKG-INFO
[1.086s] writing dependency_links to ../../build/my_package/my_package.egg-info/dependency_links.txt
[1.086s] writing entry points to ../../build/my_package/my_package.egg-info/entry_points.txt
[1.086s] writing requirements to ../../build/my_package/my_package.egg-info/requires.txt
[1.086s] writing top-level names to ../../build/my_package/my_package.egg-info/top_level.txt
[1.159s] reading manifest file '../../build/my_package/my_package.egg-info/SOURCES.txt'
[1.159s] writing manifest file '../../build/my_package/my_package.egg-info/SOURCES.txt'
[1.159s] running build
[1.160s] running build_py
[1.160s] running install
[1.160s] /home/jakub/.local/lib/python3.8/site-packages/setuptools/_distutils/cmd.py:66: SetuptoolsDeprecationWarning: setup.py install is deprecated.
[1.160s] !!
[1.160s] 
[1.160s]         ********************************************************************************
[1.160s]         Please avoid running ``setup.py`` directly.
[1.160s]         Instead, use pypa/build, pypa/installer, pypa/build or
[1.160s]         other standards-based tools.
[1.160s] 
[1.160s]         See https://blog.ganssle.io/articles/2021/10/setup-py-deprecated.html for details.
[1.160s]         ********************************************************************************
[1.160s] 
[1.160s] !!
[1.160s]   self.initialize_options()
[1.162s] running install_lib
[1.171s] creating /home/jakub/sese_ws/install/my_package/lib/python3.8/site-packages/my_package
[1.171s] copying /home/jakub/sese_ws/build/my_package/build/lib/my_package/__init__.py -> /home/jakub/sese_ws/install/my_package/lib/python3.8/site-packages/my_package
[1.171s] copying /home/jakub/sese_ws/build/my_package/build/lib/my_package/my_node.py -> /home/jakub/sese_ws/install/my_package/lib/python3.8/site-packages/my_package
[1.172s] byte-compiling /home/jakub/sese_ws/install/my_package/lib/python3.8/site-packages/my_package/__init__.py to __init__.cpython-38.pyc
[1.172s] byte-compiling /home/jakub/sese_ws/install/my_package/lib/python3.8/site-packages/my_package/my_node.py to my_node.cpython-38.pyc
[1.172s] running install_data
[1.180s] running install_egg_info
[1.189s] Copying ../../build/my_package/my_package.egg-info to /home/jakub/sese_ws/install/my_package/lib/python3.8/site-packages/my_package-0.0.0-py3.8.egg-info
[1.190s] running install_scripts
[1.224s] Installing my_node script to /home/jakub/sese_ws/install/my_package/lib/my_package
[1.225s] writing list of installed files to '/home/jakub/sese_ws/build/my_package/install.log'
[1.241s] Invoked command in '/home/jakub/sese_ws/src/my_package' returned '0': PYTHONPATH=/home/jakub/sese_ws/build/my_package/prefix_override:/home/jakub/sese_ws/install/my_package/lib/python3.8/site-packages:${PYTHONPATH} /usr/bin/python3 setup.py egg_info --egg-base ../../build/my_package build --build-base /home/jakub/sese_ws/build/my_package/build install --record /home/jakub/sese_ws/build/my_package/install.log --install-scripts $base/lib/my_package --single-version-externally-managed
