[0.609s] Invoking command in '/home/jakub/sese_ws/build/sese': PYTHONPATH=/home/jakub/sese_ws/build/sese/prefix_override:/home/jakub/sese_ws/install/sese/lib/python3.8/site-packages:${PYTHONPATH} /usr/bin/python3 setup.py develop --editable --build-directory /home/jakub/sese_ws/build/sese/build --no-deps install_data
[0.688s] /home/jakub/.local/lib/python3.8/site-packages/setuptools/dist.py:755: SetuptoolsDeprecationWarning: Invalid dash-separated options
[0.688s] !!
[0.688s] 
[0.688s]         ********************************************************************************
[0.688s]         Usage of dash-separated 'script-dir' will not be supported in future
[0.688s]         versions. Please use the underscore name 'script_dir' instead.
[0.688s] 
[0.688s]         By 2023-Sep-26, you need to update your project and remove deprecated calls
[0.688s]         or your builds will no longer be supported.
[0.688s] 
[0.688s]         See https://setuptools.pypa.io/en/latest/userguide/declarative_config.html for details.
[0.688s]         ********************************************************************************
[0.688s] 
[0.688s] !!
[0.688s]   opt = self.warn_dash_deprecation(opt, section)
[0.802s] /home/jakub/.local/lib/python3.8/site-packages/setuptools/command/develop.py:40: EasyInstallDeprecationWarning: easy_install command is deprecated.
[0.802s] !!
[0.802s] 
[0.802s]         ********************************************************************************
[0.802s]         Please avoid running ``setup.py`` and ``easy_install``.
[0.802s]         Instead, use pypa/build, pypa/installer, pypa/build or
[0.802s]         other standards-based tools.
[0.802s] 
[0.802s]         See https://github.com/pypa/setuptools/issues/917 for details.
[0.802s]         ********************************************************************************
[0.802s] 
[0.802s] !!
[0.802s]   easy_install.initialize_options(self)
[0.803s] running develop
[0.821s] /home/jakub/.local/lib/python3.8/site-packages/setuptools/_distutils/cmd.py:66: SetuptoolsDeprecationWarning: setup.py install is deprecated.
[0.821s] !!
[0.821s] 
[0.821s]         ********************************************************************************
[0.821s]         Please avoid running ``setup.py`` directly.
[0.821s]         Instead, use pypa/build, pypa/installer, pypa/build or
[0.821s]         other standards-based tools.
[0.821s] 
[0.821s]         See https://blog.ganssle.io/articles/2021/10/setup-py-deprecated.html for details.
[0.821s]         ********************************************************************************
[0.821s] 
[0.821s] !!
[0.821s]   self.initialize_options()
[0.919s] running egg_info
[0.928s] writing sese.egg-info/PKG-INFO
[0.928s] writing dependency_links to sese.egg-info/dependency_links.txt
[0.929s] writing entry points to sese.egg-info/entry_points.txt
[0.929s] writing requirements to sese.egg-info/requires.txt
[0.929s] writing top-level names to sese.egg-info/top_level.txt
[0.948s] reading manifest file 'sese.egg-info/SOURCES.txt'
[0.948s] writing manifest file 'sese.egg-info/SOURCES.txt'
[0.985s] running build_ext
[0.985s] Creating /home/jakub/sese_ws/install/sese/lib/python3.8/site-packages/sese.egg-link (link to .)
[0.985s] Installing scan_publisher script to /home/jakub/sese_ws/install/sese/lib/sese
[0.986s] 
[0.986s] Installed /home/jakub/sese_ws/build/sese
[0.986s] running install_data
[1.016s] Invoked command in '/home/jakub/sese_ws/build/sese' returned '0': PYTHONPATH=/home/jakub/sese_ws/build/sese/prefix_override:/home/jakub/sese_ws/install/sese/lib/python3.8/site-packages:${PYTHONPATH} /usr/bin/python3 setup.py develop --editable --build-directory /home/jakub/sese_ws/build/sese/build --no-deps install_data
