[0.612s] Invoking command in '/home/jakub/sese_ws/build/sese': PYTHONPATH=/home/jakub/sese_ws/build/sese/prefix_override:/home/jakub/sese_ws/install/sese/lib/python3.8/site-packages:${PYTHONPATH} /usr/bin/python3 setup.py develop --uninstall --editable --build-directory /home/jakub/sese_ws/build/sese/build
[0.687s] /home/jakub/.local/lib/python3.8/site-packages/setuptools/dist.py:755: SetuptoolsDeprecationWarning: Invalid dash-separated options
[0.687s] !!
[0.687s] 
[0.687s]         ********************************************************************************
[0.687s]         Usage of dash-separated 'script-dir' will not be supported in future
[0.687s]         versions. Please use the underscore name 'script_dir' instead.
[0.687s] 
[0.687s]         By 2023-Sep-26, you need to update your project and remove deprecated calls
[0.687s]         or your builds will no longer be supported.
[0.687s] 
[0.687s]         See https://setuptools.pypa.io/en/latest/userguide/declarative_config.html for details.
[0.687s]         ********************************************************************************
[0.687s] 
[0.687s] !!
[0.687s]   opt = self.warn_dash_deprecation(opt, section)
[0.798s] running develop
[0.798s] /home/jakub/.local/lib/python3.8/site-packages/setuptools/command/develop.py:40: EasyInstallDeprecationWarning: easy_install command is deprecated.
[0.798s] !!
[0.798s] 
[0.798s]         ********************************************************************************
[0.798s]         Please avoid running ``setup.py`` and ``easy_install``.
[0.798s]         Instead, use pypa/build, pypa/installer, pypa/build or
[0.798s]         other standards-based tools.
[0.798s] 
[0.798s]         See https://github.com/pypa/setuptools/issues/917 for details.
[0.798s]         ********************************************************************************
[0.798s] 
[0.798s] !!
[0.798s]   easy_install.initialize_options(self)
[0.817s] /home/jakub/.local/lib/python3.8/site-packages/setuptools/_distutils/cmd.py:66: SetuptoolsDeprecationWarning: setup.py install is deprecated.
[0.817s] !!
[0.817s] 
[0.817s]         ********************************************************************************
[0.817s]         Please avoid running ``setup.py`` directly.
[0.817s]         Instead, use pypa/build, pypa/installer, pypa/build or
[0.817s]         other standards-based tools.
[0.817s] 
[0.817s]         See https://blog.ganssle.io/articles/2021/10/setup-py-deprecated.html for details.
[0.817s]         ********************************************************************************
[0.817s] 
[0.817s] !!
[0.817s]   self.initialize_options()
[0.937s] Invoked command in '/home/jakub/sese_ws/build/sese' returned '0': PYTHONPATH=/home/jakub/sese_ws/build/sese/prefix_override:/home/jakub/sese_ws/install/sese/lib/python3.8/site-packages:${PYTHONPATH} /usr/bin/python3 setup.py develop --uninstall --editable --build-directory /home/jakub/sese_ws/build/sese/build
[0.938s] Invoking command in '/home/jakub/sese_ws/src/sese': PYTHONPATH=/home/jakub/sese_ws/build/sese/prefix_override:/home/jakub/sese_ws/install/sese/lib/python3.8/site-packages:${PYTHONPATH} /usr/bin/python3 setup.py egg_info --egg-base ../../build/sese build --build-base /home/jakub/sese_ws/build/sese/build install --record /home/jakub/sese_ws/build/sese/install.log --install-scripts $base/lib/sese --single-version-externally-managed
[1.012s] /home/jakub/.local/lib/python3.8/site-packages/setuptools/dist.py:755: SetuptoolsDeprecationWarning: Invalid dash-separated options
[1.012s] !!
[1.012s] 
[1.012s]         ********************************************************************************
[1.012s]         Usage of dash-separated 'script-dir' will not be supported in future
[1.012s]         versions. Please use the underscore name 'script_dir' instead.
[1.012s] 
[1.012s]         By 2023-Sep-26, you need to update your project and remove deprecated calls
[1.012s]         or your builds will no longer be supported.
[1.012s] 
[1.012s]         See https://setuptools.pypa.io/en/latest/userguide/declarative_config.html for details.
[1.012s]         ********************************************************************************
[1.012s] 
[1.012s] !!
[1.012s]   opt = self.warn_dash_deprecation(opt, section)
[1.074s] running egg_info
[1.084s] writing ../../build/sese/sese.egg-info/PKG-INFO
[1.084s] writing dependency_links to ../../build/sese/sese.egg-info/dependency_links.txt
[1.084s] writing entry points to ../../build/sese/sese.egg-info/entry_points.txt
[1.084s] writing requirements to ../../build/sese/sese.egg-info/requires.txt
[1.084s] writing top-level names to ../../build/sese/sese.egg-info/top_level.txt
[1.165s] reading manifest file '../../build/sese/sese.egg-info/SOURCES.txt'
[1.166s] writing manifest file '../../build/sese/sese.egg-info/SOURCES.txt'
[1.166s] running build
[1.166s] running build_py
[1.166s] running install
[1.166s] /home/jakub/.local/lib/python3.8/site-packages/setuptools/_distutils/cmd.py:66: SetuptoolsDeprecationWarning: setup.py install is deprecated.
[1.166s] !!
[1.166s] 
[1.166s]         ********************************************************************************
[1.166s]         Please avoid running ``setup.py`` directly.
[1.166s]         Instead, use pypa/build, pypa/installer, pypa/build or
[1.166s]         other standards-based tools.
[1.166s] 
[1.166s]         See https://blog.ganssle.io/articles/2021/10/setup-py-deprecated.html for details.
[1.166s]         ********************************************************************************
[1.166s] 
[1.167s] !!
[1.167s]   self.initialize_options()
[1.170s] running install_lib
[1.180s] byte-compiling /home/jakub/sese_ws/install/sese/lib/python3.8/site-packages/sese/image_display.py to image_display.cpython-38.pyc
[1.180s]   File "/home/jakub/sese_ws/install/sese/lib/python3.8/site-packages/sese/image_display.py", line 20
[1.180s]     detection_subscriber = self.create_subscription(ObjectHypothesisWithPose, topic='/asv_vision/front_cam/detections', self.callback, 10)
[1.180s]                                                                                                                         ^
[1.180s] SyntaxError: positional argument follows keyword argument
[1.180s] 
[1.180s] running install_data
[1.190s] running install_egg_info
[1.200s] removing '/home/jakub/sese_ws/install/sese/lib/python3.8/site-packages/sese-0.0.0-py3.8.egg-info' (and everything under it)
[1.200s] Copying ../../build/sese/sese.egg-info to /home/jakub/sese_ws/install/sese/lib/python3.8/site-packages/sese-0.0.0-py3.8.egg-info
[1.201s] running install_scripts
[1.239s] Installing scan_publisher script to /home/jakub/sese_ws/install/sese/lib/sese
[1.240s] writing list of installed files to '/home/jakub/sese_ws/build/sese/install.log'
[1.256s] Invoked command in '/home/jakub/sese_ws/src/sese' returned '0': PYTHONPATH=/home/jakub/sese_ws/build/sese/prefix_override:/home/jakub/sese_ws/install/sese/lib/python3.8/site-packages:${PYTHONPATH} /usr/bin/python3 setup.py egg_info --egg-base ../../build/sese build --build-base /home/jakub/sese_ws/build/sese/build install --record /home/jakub/sese_ws/build/sese/install.log --install-scripts $base/lib/sese --single-version-externally-managed
