[0.155s] DEBUG:colcon:Command line arguments: ['/usr/bin/colcon', 'build', '--symlink-install']
[0.155s] DEBUG:colcon:Parsed command line arguments: Namespace(allow_overriding=[], ament_cmake_args=None, base_paths=['.'], build_base='build', catkin_cmake_args=None, catkin_skip_building_tests=False, cmake_args=None, cmake_clean_cache=False, cmake_clean_first=False, cmake_force_configure=False, cmake_target=None, cmake_target_skip_unavailable=False, continue_on_error=False, event_handlers=None, executor='parallel', ignore_user_meta=False, install_base='install', log_base=None, log_level=None, main=<bound method BuildVerb.main of <colcon_core.verb.build.BuildVerb object at 0x7ff728d96fa0>>, merge_install=False, metas=['./colcon.meta'], packages_above=None, packages_above_and_dependencies=None, packages_above_depth=None, packages_end=None, packages_ignore=None, packages_ignore_regex=None, packages_select=None, packages_select_build_failed=False, packages_select_by_dep=None, packages_select_regex=None, packages_select_test_failures=False, packages_skip=None, packages_skip_build_finished=False, packages_skip_by_dep=None, packages_skip_regex=None, packages_skip_test_passed=False, packages_skip_up_to=None, packages_start=None, packages_up_to=None, packages_up_to_regex=None, parallel_workers=20, paths=None, symlink_install=True, test_result_base=None, verb_extension=<colcon_core.verb.build.BuildVerb object at 0x7ff728d96fa0>, verb_name='build', verb_parser=<colcon_defaults.argument_parser.defaults.DefaultArgumentsDecorator object at 0x7ff728c969d0>)
[0.177s] Level 1:colcon.colcon_core.package_discovery:discover_packages(colcon_meta) check parameters
[0.177s] Level 1:colcon.colcon_core.package_discovery:discover_packages(recursive) check parameters
[0.177s] Level 1:colcon.colcon_core.package_discovery:discover_packages(ignore) check parameters
[0.177s] Level 1:colcon.colcon_core.package_discovery:discover_packages(path) check parameters
[0.177s] Level 1:colcon.colcon_core.package_discovery:discover_packages(colcon_meta) discover
[0.177s] Level 1:colcon.colcon_core.package_discovery:discover_packages(recursive) discover
[0.177s] INFO:colcon.colcon_core.package_discovery:Crawling recursively for packages in '/home/jakub/sese_ws'
[0.177s] Level 1:colcon.colcon_core.package_identification:_identify(.) by extensions ['ignore', 'ignore_ament_install']
[0.177s] Level 1:colcon.colcon_core.package_identification:_identify(.) by extension 'ignore'
[0.177s] Level 1:colcon.colcon_core.package_identification:_identify(.) by extension 'ignore_ament_install'
[0.177s] Level 1:colcon.colcon_core.package_identification:_identify(.) by extensions ['colcon_pkg']
[0.177s] Level 1:colcon.colcon_core.package_identification:_identify(.) by extension 'colcon_pkg'
[0.177s] Level 1:colcon.colcon_core.package_identification:_identify(.) by extensions ['colcon_meta']
[0.177s] Level 1:colcon.colcon_core.package_identification:_identify(.) by extension 'colcon_meta'
[0.177s] Level 1:colcon.colcon_core.package_identification:_identify(.) by extensions ['ros']
[0.177s] Level 1:colcon.colcon_core.package_identification:_identify(.) by extension 'ros'
[0.190s] Level 1:colcon.colcon_core.package_identification:_identify(.) by extensions ['cmake', 'python']
[0.190s] Level 1:colcon.colcon_core.package_identification:_identify(.) by extension 'cmake'
[0.190s] Level 1:colcon.colcon_core.package_identification:_identify(.) by extension 'python'
[0.190s] Level 1:colcon.colcon_core.package_identification:_identify(.) by extensions ['python_setup_py']
[0.190s] Level 1:colcon.colcon_core.package_identification:_identify(.) by extension 'python_setup_py'
[0.190s] Level 1:colcon.colcon_core.package_identification:_identify(build) by extensions ['ignore', 'ignore_ament_install']
[0.190s] Level 1:colcon.colcon_core.package_identification:_identify(build) by extension 'ignore'
[0.190s] Level 1:colcon.colcon_core.package_identification:_identify(build) ignored
[0.190s] Level 1:colcon.colcon_core.package_identification:_identify(install) by extensions ['ignore', 'ignore_ament_install']
[0.190s] Level 1:colcon.colcon_core.package_identification:_identify(install) by extension 'ignore'
[0.190s] Level 1:colcon.colcon_core.package_identification:_identify(install) ignored
[0.190s] Level 1:colcon.colcon_core.package_identification:_identify(log) by extensions ['ignore', 'ignore_ament_install']
[0.190s] Level 1:colcon.colcon_core.package_identification:_identify(log) by extension 'ignore'
[0.191s] Level 1:colcon.colcon_core.package_identification:_identify(log) ignored
[0.191s] Level 1:colcon.colcon_core.package_identification:_identify(src) by extensions ['ignore', 'ignore_ament_install']
[0.191s] Level 1:colcon.colcon_core.package_identification:_identify(src) by extension 'ignore'
[0.191s] Level 1:colcon.colcon_core.package_identification:_identify(src) by extension 'ignore_ament_install'
[0.191s] Level 1:colcon.colcon_core.package_identification:_identify(src) by extensions ['colcon_pkg']
[0.191s] Level 1:colcon.colcon_core.package_identification:_identify(src) by extension 'colcon_pkg'
[0.191s] Level 1:colcon.colcon_core.package_identification:_identify(src) by extensions ['colcon_meta']
[0.191s] Level 1:colcon.colcon_core.package_identification:_identify(src) by extension 'colcon_meta'
[0.191s] Level 1:colcon.colcon_core.package_identification:_identify(src) by extensions ['ros']
[0.191s] Level 1:colcon.colcon_core.package_identification:_identify(src) by extension 'ros'
[0.191s] Level 1:colcon.colcon_core.package_identification:_identify(src) by extensions ['cmake', 'python']
[0.191s] Level 1:colcon.colcon_core.package_identification:_identify(src) by extension 'cmake'
[0.191s] Level 1:colcon.colcon_core.package_identification:_identify(src) by extension 'python'
[0.191s] Level 1:colcon.colcon_core.package_identification:_identify(src) by extensions ['python_setup_py']
[0.191s] Level 1:colcon.colcon_core.package_identification:_identify(src) by extension 'python_setup_py'
[0.191s] Level 1:colcon.colcon_core.package_identification:_identify(src/my_package) by extensions ['ignore', 'ignore_ament_install']
[0.191s] Level 1:colcon.colcon_core.package_identification:_identify(src/my_package) by extension 'ignore'
[0.191s] Level 1:colcon.colcon_core.package_identification:_identify(src/my_package) by extension 'ignore_ament_install'
[0.191s] Level 1:colcon.colcon_core.package_identification:_identify(src/my_package) by extensions ['colcon_pkg']
[0.191s] Level 1:colcon.colcon_core.package_identification:_identify(src/my_package) by extension 'colcon_pkg'
[0.191s] Level 1:colcon.colcon_core.package_identification:_identify(src/my_package) by extensions ['colcon_meta']
[0.191s] Level 1:colcon.colcon_core.package_identification:_identify(src/my_package) by extension 'colcon_meta'
[0.191s] Level 1:colcon.colcon_core.package_identification:_identify(src/my_package) by extensions ['ros']
[0.191s] Level 1:colcon.colcon_core.package_identification:_identify(src/my_package) by extension 'ros'
[0.192s] DEBUG:colcon.colcon_core.package_identification:Package 'src/my_package' with type 'ros.ament_python' and name 'my_package'
[0.193s] Level 1:colcon.colcon_core.package_identification:_identify(src/sese) by extensions ['ignore', 'ignore_ament_install']
[0.193s] Level 1:colcon.colcon_core.package_identification:_identify(src/sese) by extension 'ignore'
[0.193s] Level 1:colcon.colcon_core.package_identification:_identify(src/sese) by extension 'ignore_ament_install'
[0.193s] Level 1:colcon.colcon_core.package_identification:_identify(src/sese) by extensions ['colcon_pkg']
[0.193s] Level 1:colcon.colcon_core.package_identification:_identify(src/sese) by extension 'colcon_pkg'
[0.193s] Level 1:colcon.colcon_core.package_identification:_identify(src/sese) by extensions ['colcon_meta']
[0.193s] Level 1:colcon.colcon_core.package_identification:_identify(src/sese) by extension 'colcon_meta'
[0.193s] Level 1:colcon.colcon_core.package_identification:_identify(src/sese) by extensions ['ros']
[0.193s] Level 1:colcon.colcon_core.package_identification:_identify(src/sese) by extension 'ros'
[0.193s] DEBUG:colcon.colcon_core.package_identification:Package 'src/sese' with type 'ros.ament_python' and name 'sese'
[0.193s] Level 1:colcon.colcon_core.package_discovery:discover_packages(recursive) using defaults
[0.193s] Level 1:colcon.colcon_core.package_discovery:discover_packages(ignore) discover
[0.193s] Level 1:colcon.colcon_core.package_discovery:discover_packages(ignore) using defaults
[0.193s] Level 1:colcon.colcon_core.package_discovery:discover_packages(path) discover
[0.193s] Level 1:colcon.colcon_core.package_discovery:discover_packages(path) using defaults
[0.205s] Level 1:colcon.colcon_core.package_discovery:discover_packages(prefix_path) check parameters
[0.206s] Level 1:colcon.colcon_core.package_discovery:discover_packages(prefix_path) discover
[0.207s] DEBUG:colcon.colcon_installed_package_information.package_discovery:Found 2 installed packages in /home/jakub/sese_ws/install
[0.208s] DEBUG:colcon.colcon_installed_package_information.package_discovery:Found 326 installed packages in /opt/ros/foxy
[0.209s] Level 1:colcon.colcon_core.package_discovery:discover_packages(prefix_path) using defaults
[0.237s] Level 5:colcon.colcon_core.verb:set package 'my_package' build argument 'cmake_args' from command line to 'None'
[0.238s] Level 5:colcon.colcon_core.verb:set package 'my_package' build argument 'cmake_target' from command line to 'None'
[0.238s] Level 5:colcon.colcon_core.verb:set package 'my_package' build argument 'cmake_target_skip_unavailable' from command line to 'False'
[0.238s] Level 5:colcon.colcon_core.verb:set package 'my_package' build argument 'cmake_clean_cache' from command line to 'False'
[0.238s] Level 5:colcon.colcon_core.verb:set package 'my_package' build argument 'cmake_clean_first' from command line to 'False'
[0.238s] Level 5:colcon.colcon_core.verb:set package 'my_package' build argument 'cmake_force_configure' from command line to 'False'
[0.238s] Level 5:colcon.colcon_core.verb:set package 'my_package' build argument 'ament_cmake_args' from command line to 'None'
[0.238s] Level 5:colcon.colcon_core.verb:set package 'my_package' build argument 'catkin_cmake_args' from command line to 'None'
[0.238s] Level 5:colcon.colcon_core.verb:set package 'my_package' build argument 'catkin_skip_building_tests' from command line to 'False'
[0.238s] DEBUG:colcon.colcon_core.verb:Building package 'my_package' with the following arguments: {'ament_cmake_args': None, 'build_base': '/home/jakub/sese_ws/build/my_package', 'catkin_cmake_args': None, 'catkin_skip_building_tests': False, 'cmake_args': None, 'cmake_clean_cache': False, 'cmake_clean_first': False, 'cmake_force_configure': False, 'cmake_target': None, 'cmake_target_skip_unavailable': False, 'install_base': '/home/jakub/sese_ws/install/my_package', 'merge_install': False, 'path': '/home/jakub/sese_ws/src/my_package', 'symlink_install': True, 'test_result_base': None}
[0.238s] Level 5:colcon.colcon_core.verb:set package 'sese' build argument 'cmake_args' from command line to 'None'
[0.238s] Level 5:colcon.colcon_core.verb:set package 'sese' build argument 'cmake_target' from command line to 'None'
[0.238s] Level 5:colcon.colcon_core.verb:set package 'sese' build argument 'cmake_target_skip_unavailable' from command line to 'False'
[0.238s] Level 5:colcon.colcon_core.verb:set package 'sese' build argument 'cmake_clean_cache' from command line to 'False'
[0.238s] Level 5:colcon.colcon_core.verb:set package 'sese' build argument 'cmake_clean_first' from command line to 'False'
[0.238s] Level 5:colcon.colcon_core.verb:set package 'sese' build argument 'cmake_force_configure' from command line to 'False'
[0.238s] Level 5:colcon.colcon_core.verb:set package 'sese' build argument 'ament_cmake_args' from command line to 'None'
[0.238s] Level 5:colcon.colcon_core.verb:set package 'sese' build argument 'catkin_cmake_args' from command line to 'None'
[0.238s] Level 5:colcon.colcon_core.verb:set package 'sese' build argument 'catkin_skip_building_tests' from command line to 'False'
[0.238s] DEBUG:colcon.colcon_core.verb:Building package 'sese' with the following arguments: {'ament_cmake_args': None, 'build_base': '/home/jakub/sese_ws/build/sese', 'catkin_cmake_args': None, 'catkin_skip_building_tests': False, 'cmake_args': None, 'cmake_clean_cache': False, 'cmake_clean_first': False, 'cmake_force_configure': False, 'cmake_target': None, 'cmake_target_skip_unavailable': False, 'install_base': '/home/jakub/sese_ws/install/sese', 'merge_install': False, 'path': '/home/jakub/sese_ws/src/sese', 'symlink_install': True, 'test_result_base': None}
[0.239s] INFO:colcon.colcon_core.executor:Executing jobs using 'parallel' executor
[0.241s] DEBUG:colcon.colcon_parallel_executor.executor.parallel:run_until_complete
[0.241s] INFO:colcon.colcon_ros.task.ament_python.build:Building ROS package in '/home/jakub/sese_ws/src/my_package' with build type 'ament_python'
[0.241s] Level 1:colcon.colcon_core.shell:create_environment_hook('my_package', 'ament_prefix_path')
[0.243s] INFO:colcon.colcon_core.plugin_system:Skipping extension 'colcon_core.shell.bat': Not used on non-Windows systems
[0.243s] INFO:colcon.colcon_core.shell:Creating environment hook '/home/jakub/sese_ws/install/my_package/share/my_package/hook/ament_prefix_path.ps1'
[0.244s] INFO:colcon.colcon_core.shell:Creating environment descriptor '/home/jakub/sese_ws/install/my_package/share/my_package/hook/ament_prefix_path.dsv'
[0.244s] INFO:colcon.colcon_core.shell:Creating environment hook '/home/jakub/sese_ws/install/my_package/share/my_package/hook/ament_prefix_path.sh'
[0.245s] INFO:colcon.colcon_core.shell:Skip shell extension 'powershell' for command environment: Not usable outside of PowerShell
[0.245s] DEBUG:colcon.colcon_core.shell:Skip shell extension 'dsv' for command environment
[0.249s] INFO:colcon.colcon_ros.task.ament_python.build:Building ROS package in '/home/jakub/sese_ws/src/sese' with build type 'ament_python'
[0.249s] Level 1:colcon.colcon_core.shell:create_environment_hook('sese', 'ament_prefix_path')
[0.250s] INFO:colcon.colcon_core.shell:Creating environment hook '/home/jakub/sese_ws/install/sese/share/sese/hook/ament_prefix_path.ps1'
[0.250s] INFO:colcon.colcon_core.shell:Creating environment descriptor '/home/jakub/sese_ws/install/sese/share/sese/hook/ament_prefix_path.dsv'
[0.250s] INFO:colcon.colcon_core.shell:Creating environment hook '/home/jakub/sese_ws/install/sese/share/sese/hook/ament_prefix_path.sh'
[0.251s] INFO:colcon.colcon_core.shell:Skip shell extension 'powershell' for command environment: Not usable outside of PowerShell
[0.251s] DEBUG:colcon.colcon_core.shell:Skip shell extension 'dsv' for command environment
[0.359s] INFO:colcon.colcon_core.task.python.build:Building Python package in '/home/jakub/sese_ws/src/my_package'
[0.360s] INFO:colcon.colcon_core.shell:Skip shell extension 'powershell' for command environment: Not usable outside of PowerShell
[0.360s] DEBUG:colcon.colcon_core.shell:Skip shell extension 'dsv' for command environment
[0.469s] INFO:colcon.colcon_core.task.python.build:Building Python package in '/home/jakub/sese_ws/src/sese'
[0.471s] INFO:colcon.colcon_core.shell:Skip shell extension 'powershell' for command environment: Not usable outside of PowerShell
[0.471s] DEBUG:colcon.colcon_core.shell:Skip shell extension 'dsv' for command environment
[0.829s] DEBUG:colcon.colcon_core.task.python.build:While undoing a previous installation files outside the Python library path are being ignored: /home/jakub/sese_ws/install/my_package/share/ament_index/resource_index/packages/my_package
[0.830s] DEBUG:colcon.colcon_core.task.python.build:While undoing a previous installation files outside the Python library path are being ignored: /home/jakub/sese_ws/install/my_package/share/my_package/package.xml
[0.830s] DEBUG:colcon.colcon_core.task.python.build:While undoing a previous installation files outside the Python library path are being ignored: /home/jakub/sese_ws/install/my_package/lib/my_package/my_node
[0.831s] DEBUG:colcon.colcon_core.event_handler.log_command:Invoking command in '/home/jakub/sese_ws/build/my_package': PYTHONPATH=/home/jakub/sese_ws/build/my_package/prefix_override:/home/jakub/sese_ws/install/my_package/lib/python3.8/site-packages:${PYTHONPATH} /usr/bin/python3 setup.py develop --editable --build-directory /home/jakub/sese_ws/build/my_package/build --no-deps install_data
[0.835s] DEBUG:colcon.colcon_core.task.python.build:While undoing a previous installation files outside the Python library path are being ignored: /home/jakub/sese_ws/install/sese/share/ament_index/resource_index/packages/sese
[0.836s] DEBUG:colcon.colcon_core.task.python.build:While undoing a previous installation files outside the Python library path are being ignored: /home/jakub/sese_ws/install/sese/share/sese/package.xml
[0.836s] DEBUG:colcon.colcon_core.task.python.build:While undoing a previous installation files outside the Python library path are being ignored: /home/jakub/sese_ws/install/sese/lib/sese/scan_publisher
[0.837s] DEBUG:colcon.colcon_core.event_handler.log_command:Invoking command in '/home/jakub/sese_ws/build/sese': PYTHONPATH=/home/jakub/sese_ws/build/sese/prefix_override:/home/jakub/sese_ws/install/sese/lib/python3.8/site-packages:${PYTHONPATH} /usr/bin/python3 setup.py develop --editable --build-directory /home/jakub/sese_ws/build/sese/build --no-deps install_data
[1.217s] Level 1:colcon.colcon_core.shell:create_environment_hook('my_package', 'pythonpath_develop')
[1.217s] DEBUG:colcon.colcon_core.event_handler.log_command:Invoked command in '/home/jakub/sese_ws/build/my_package' returned '0': PYTHONPATH=/home/jakub/sese_ws/build/my_package/prefix_override:/home/jakub/sese_ws/install/my_package/lib/python3.8/site-packages:${PYTHONPATH} /usr/bin/python3 setup.py develop --editable --build-directory /home/jakub/sese_ws/build/my_package/build --no-deps install_data
[1.218s] INFO:colcon.colcon_core.shell:Creating environment hook '/home/jakub/sese_ws/build/my_package/share/my_package/hook/pythonpath_develop.ps1'
[1.219s] INFO:colcon.colcon_core.shell:Creating environment descriptor '/home/jakub/sese_ws/build/my_package/share/my_package/hook/pythonpath_develop.dsv'
[1.219s] INFO:colcon.colcon_core.shell:Creating environment hook '/home/jakub/sese_ws/build/my_package/share/my_package/hook/pythonpath_develop.sh'
[1.222s] Level 1:colcon.colcon_core.environment:checking '/home/jakub/sese_ws/install/my_package' for CMake module files
[1.222s] Level 1:colcon.colcon_core.environment:checking '/home/jakub/sese_ws/install/my_package' for CMake config files
[1.222s] Level 1:colcon.colcon_core.environment:checking '/home/jakub/sese_ws/install/my_package/lib'
[1.222s] Level 1:colcon.colcon_core.environment:checking '/home/jakub/sese_ws/install/my_package/bin'
[1.223s] Level 1:colcon.colcon_core.environment:checking '/home/jakub/sese_ws/install/my_package/lib/pkgconfig/my_package.pc'
[1.223s] Level 1:colcon.colcon_core.environment:checking '/home/jakub/sese_ws/install/my_package/lib/python3.8/site-packages'
[1.223s] Level 1:colcon.colcon_core.shell:create_environment_hook('my_package', 'pythonpath')
[1.223s] INFO:colcon.colcon_core.shell:Creating environment hook '/home/jakub/sese_ws/install/my_package/share/my_package/hook/pythonpath.ps1'
[1.224s] INFO:colcon.colcon_core.shell:Creating environment descriptor '/home/jakub/sese_ws/install/my_package/share/my_package/hook/pythonpath.dsv'
[1.224s] INFO:colcon.colcon_core.shell:Creating environment hook '/home/jakub/sese_ws/install/my_package/share/my_package/hook/pythonpath.sh'
[1.224s] Level 1:colcon.colcon_core.environment:checking '/home/jakub/sese_ws/install/my_package/bin'
[1.224s] Level 1:colcon.colcon_core.environment:create_environment_scripts_only(my_package)
[1.225s] INFO:colcon.colcon_core.shell:Creating package script '/home/jakub/sese_ws/install/my_package/share/my_package/package.ps1'
[1.225s] INFO:colcon.colcon_core.shell:Creating package descriptor '/home/jakub/sese_ws/install/my_package/share/my_package/package.dsv'
[1.226s] INFO:colcon.colcon_core.shell:Creating package script '/home/jakub/sese_ws/install/my_package/share/my_package/package.sh'
[1.226s] INFO:colcon.colcon_core.shell:Creating package script '/home/jakub/sese_ws/install/my_package/share/my_package/package.bash'
[1.226s] INFO:colcon.colcon_core.shell:Creating package script '/home/jakub/sese_ws/install/my_package/share/my_package/package.zsh'
[1.226s] Level 1:colcon.colcon_core.environment:create_file_with_runtime_dependencies(/home/jakub/sese_ws/install/my_package/share/colcon-core/packages/my_package)
[1.227s] Level 1:colcon.colcon_core.shell:create_environment_hook('sese', 'pythonpath_develop')
[1.228s] INFO:colcon.colcon_core.shell:Creating environment hook '/home/jakub/sese_ws/build/sese/share/sese/hook/pythonpath_develop.ps1'
[1.228s] INFO:colcon.colcon_core.shell:Creating environment descriptor '/home/jakub/sese_ws/build/sese/share/sese/hook/pythonpath_develop.dsv'
[1.228s] DEBUG:colcon.colcon_core.event_handler.log_command:Invoked command in '/home/jakub/sese_ws/build/sese' returned '0': PYTHONPATH=/home/jakub/sese_ws/build/sese/prefix_override:/home/jakub/sese_ws/install/sese/lib/python3.8/site-packages:${PYTHONPATH} /usr/bin/python3 setup.py develop --editable --build-directory /home/jakub/sese_ws/build/sese/build --no-deps install_data
[1.228s] INFO:colcon.colcon_core.shell:Creating environment hook '/home/jakub/sese_ws/build/sese/share/sese/hook/pythonpath_develop.sh'
[1.230s] Level 1:colcon.colcon_core.environment:checking '/home/jakub/sese_ws/install/sese' for CMake module files
[1.230s] Level 1:colcon.colcon_core.environment:checking '/home/jakub/sese_ws/install/sese' for CMake config files
[1.230s] Level 1:colcon.colcon_core.environment:checking '/home/jakub/sese_ws/install/sese/lib'
[1.230s] Level 1:colcon.colcon_core.environment:checking '/home/jakub/sese_ws/install/sese/bin'
[1.230s] Level 1:colcon.colcon_core.environment:checking '/home/jakub/sese_ws/install/sese/lib/pkgconfig/sese.pc'
[1.230s] Level 1:colcon.colcon_core.environment:checking '/home/jakub/sese_ws/install/sese/lib/python3.8/site-packages'
[1.230s] Level 1:colcon.colcon_core.shell:create_environment_hook('sese', 'pythonpath')
[1.231s] INFO:colcon.colcon_core.shell:Creating environment hook '/home/jakub/sese_ws/install/sese/share/sese/hook/pythonpath.ps1'
[1.231s] INFO:colcon.colcon_core.shell:Creating environment descriptor '/home/jakub/sese_ws/install/sese/share/sese/hook/pythonpath.dsv'
[1.231s] INFO:colcon.colcon_core.shell:Creating environment hook '/home/jakub/sese_ws/install/sese/share/sese/hook/pythonpath.sh'
[1.232s] Level 1:colcon.colcon_core.environment:checking '/home/jakub/sese_ws/install/sese/bin'
[1.232s] Level 1:colcon.colcon_core.environment:create_environment_scripts_only(sese)
[1.232s] INFO:colcon.colcon_core.shell:Creating package script '/home/jakub/sese_ws/install/sese/share/sese/package.ps1'
[1.233s] INFO:colcon.colcon_core.shell:Creating package descriptor '/home/jakub/sese_ws/install/sese/share/sese/package.dsv'
[1.233s] INFO:colcon.colcon_core.shell:Creating package script '/home/jakub/sese_ws/install/sese/share/sese/package.sh'
[1.233s] INFO:colcon.colcon_core.shell:Creating package script '/home/jakub/sese_ws/install/sese/share/sese/package.bash'
[1.233s] INFO:colcon.colcon_core.shell:Creating package script '/home/jakub/sese_ws/install/sese/share/sese/package.zsh'
[1.233s] Level 1:colcon.colcon_core.environment:create_file_with_runtime_dependencies(/home/jakub/sese_ws/install/sese/share/colcon-core/packages/sese)
[1.233s] DEBUG:colcon.colcon_parallel_executor.executor.parallel:closing loop
[1.234s] DEBUG:colcon.colcon_parallel_executor.executor.parallel:loop closed
[1.234s] DEBUG:colcon.colcon_parallel_executor.executor.parallel:run_until_complete finished with '0'
[1.234s] DEBUG:colcon.colcon_core.event_reactor:joining thread
[1.237s] INFO:colcon.colcon_core.plugin_system:Skipping extension 'colcon_notification.desktop_notification.terminal_notifier': Not used on non-Darwin systems
[1.237s] INFO:colcon.colcon_core.plugin_system:Skipping extension 'colcon_notification.desktop_notification.win32': Not used on non-Windows systems
[1.237s] INFO:colcon.colcon_notification.desktop_notification:Sending desktop notification using 'notify2'
[1.249s] DEBUG:colcon.colcon_core.event_reactor:joined thread
[1.250s] INFO:colcon.colcon_core.shell:Creating prefix script '/home/jakub/sese_ws/install/local_setup.ps1'
[1.251s] INFO:colcon.colcon_core.shell:Creating prefix util module '/home/jakub/sese_ws/install/_local_setup_util_ps1.py'
[1.251s] INFO:colcon.colcon_core.shell:Creating prefix chain script '/home/jakub/sese_ws/install/setup.ps1'
[1.252s] INFO:colcon.colcon_core.shell:Creating prefix script '/home/jakub/sese_ws/install/local_setup.sh'
[1.252s] INFO:colcon.colcon_core.shell:Creating prefix util module '/home/jakub/sese_ws/install/_local_setup_util_sh.py'
[1.252s] INFO:colcon.colcon_core.shell:Creating prefix chain script '/home/jakub/sese_ws/install/setup.sh'
[1.253s] INFO:colcon.colcon_core.shell:Creating prefix script '/home/jakub/sese_ws/install/local_setup.bash'
[1.253s] INFO:colcon.colcon_core.shell:Creating prefix chain script '/home/jakub/sese_ws/install/setup.bash'
[1.254s] INFO:colcon.colcon_core.shell:Creating prefix script '/home/jakub/sese_ws/install/local_setup.zsh'
[1.254s] INFO:colcon.colcon_core.shell:Creating prefix chain script '/home/jakub/sese_ws/install/setup.zsh'
