[0.417s] Invoking command in '/home/jakub/sese_ws/build/sese': PYTHONPATH=/home/jakub/sese_ws/build/sese/prefix_override:/home/jakub/sese_ws/install/sese/lib/python3.8/site-packages:${PYTHONPATH} /usr/bin/python3 setup.py develop --uninstall --editable --build-directory /home/jakub/sese_ws/build/sese/build
[0.483s] /home/jakub/.local/lib/python3.8/site-packages/setuptools/dist.py:755: SetuptoolsDeprecationWarning: Invalid dash-separated options
[0.483s] !!
[0.483s] 
[0.483s]         ********************************************************************************
[0.483s]         Usage of dash-separated 'script-dir' will not be supported in future
[0.483s]         versions. Please use the underscore name 'script_dir' instead.
[0.483s] 
[0.483s]         By 2023-Sep-26, you need to update your project and remove deprecated calls
[0.483s]         or your builds will no longer be supported.
[0.483s] 
[0.483s]         See https://setuptools.pypa.io/en/latest/userguide/declarative_config.html for details.
[0.483s]         ********************************************************************************
[0.483s] 
[0.483s] !!
[0.483s]   opt = self.warn_dash_deprecation(opt, section)
[0.583s] running develop
[0.583s] /home/jakub/.local/lib/python3.8/site-packages/setuptools/command/develop.py:40: EasyInstallDeprecationWarning: easy_install command is deprecated.
[0.583s] !!
[0.583s] 
[0.583s]         ********************************************************************************
[0.583s]         Please avoid running ``setup.py`` and ``easy_install``.
[0.583s]         Instead, use pypa/build, pypa/installer, pypa/build or
[0.583s]         other standards-based tools.
[0.583s] 
[0.583s]         See https://github.com/pypa/setuptools/issues/917 for details.
[0.583s]         ********************************************************************************
[0.583s] 
[0.583s] !!
[0.583s]   easy_install.initialize_options(self)
[0.600s] /home/jakub/.local/lib/python3.8/site-packages/setuptools/_distutils/cmd.py:66: SetuptoolsDeprecationWarning: setup.py install is deprecated.
[0.600s] !!
[0.600s] 
[0.600s]         ********************************************************************************
[0.600s]         Please avoid running ``setup.py`` directly.
[0.600s]         Instead, use pypa/build, pypa/installer, pypa/build or
[0.600s]         other standards-based tools.
[0.600s] 
[0.600s]         See https://blog.ganssle.io/articles/2021/10/setup-py-deprecated.html for details.
[0.600s]         ********************************************************************************
[0.600s] 
[0.600s] !!
[0.600s]   self.initialize_options()
[0.708s] Invoked command in '/home/jakub/sese_ws/build/sese' returned '0': PYTHONPATH=/home/jakub/sese_ws/build/sese/prefix_override:/home/jakub/sese_ws/install/sese/lib/python3.8/site-packages:${PYTHONPATH} /usr/bin/python3 setup.py develop --uninstall --editable --build-directory /home/jakub/sese_ws/build/sese/build
[0.708s] Invoking command in '/home/jakub/sese_ws/src/sese': PYTHONPATH=/home/jakub/sese_ws/build/sese/prefix_override:/home/jakub/sese_ws/install/sese/lib/python3.8/site-packages:${PYTHONPATH} /usr/bin/python3 setup.py egg_info --egg-base ../../build/sese build --build-base /home/jakub/sese_ws/build/sese/build install --record /home/jakub/sese_ws/build/sese/install.log --install-scripts $base/lib/sese --single-version-externally-managed
[0.772s] /home/jakub/.local/lib/python3.8/site-packages/setuptools/dist.py:755: SetuptoolsDeprecationWarning: Invalid dash-separated options
[0.772s] !!
[0.772s] 
[0.772s]         ********************************************************************************
[0.772s]         Usage of dash-separated 'script-dir' will not be supported in future
[0.772s]         versions. Please use the underscore name 'script_dir' instead.
[0.772s] 
[0.772s]         By 2023-Sep-26, you need to update your project and remove deprecated calls
[0.772s]         or your builds will no longer be supported.
[0.772s] 
[0.772s]         See https://setuptools.pypa.io/en/latest/userguide/declarative_config.html for details.
[0.772s]         ********************************************************************************
[0.772s] 
[0.772s] !!
[0.772s]   opt = self.warn_dash_deprecation(opt, section)
[0.822s] running egg_info
[0.830s] writing ../../build/sese/sese.egg-info/PKG-INFO
[0.830s] writing dependency_links to ../../build/sese/sese.egg-info/dependency_links.txt
[0.830s] writing entry points to ../../build/sese/sese.egg-info/entry_points.txt
[0.830s] writing requirements to ../../build/sese/sese.egg-info/requires.txt
[0.830s] writing top-level names to ../../build/sese/sese.egg-info/top_level.txt
[0.900s] reading manifest file '../../build/sese/sese.egg-info/SOURCES.txt'
[0.900s] writing manifest file '../../build/sese/sese.egg-info/SOURCES.txt'
[0.900s] running build
[0.900s] running build_py
[0.900s] running install
[0.900s] /home/jakub/.local/lib/python3.8/site-packages/setuptools/_distutils/cmd.py:66: SetuptoolsDeprecationWarning: setup.py install is deprecated.
[0.900s] !!
[0.900s] 
[0.900s]         ********************************************************************************
[0.900s]         Please avoid running ``setup.py`` directly.
[0.900s]         Instead, use pypa/build, pypa/installer, pypa/build or
[0.900s]         other standards-based tools.
[0.900s] 
[0.901s]         See https://blog.ganssle.io/articles/2021/10/setup-py-deprecated.html for details.
[0.901s]         ********************************************************************************
[0.901s] 
[0.901s] !!
[0.901s]   self.initialize_options()
[0.903s] running install_lib
[0.912s] running install_data
[0.920s] running install_egg_info
[0.928s] removing '/home/jakub/sese_ws/install/sese/lib/python3.8/site-packages/sese-0.0.0-py3.8.egg-info' (and everything under it)
[0.928s] Copying ../../build/sese/sese.egg-info to /home/jakub/sese_ws/install/sese/lib/python3.8/site-packages/sese-0.0.0-py3.8.egg-info
[0.928s] running install_scripts
[0.962s] Installing scan_publisher script to /home/jakub/sese_ws/install/sese/lib/sese
[0.962s] writing list of installed files to '/home/jakub/sese_ws/build/sese/install.log'
[0.976s] Invoked command in '/home/jakub/sese_ws/src/sese' returned '0': PYTHONPATH=/home/jakub/sese_ws/build/sese/prefix_override:/home/jakub/sese_ws/install/sese/lib/python3.8/site-packages:${PYTHONPATH} /usr/bin/python3 setup.py egg_info --egg-base ../../build/sese build --build-base /home/jakub/sese_ws/build/sese/build install --record /home/jakub/sese_ws/build/sese/install.log --install-scripts $base/lib/sese --single-version-externally-managed
