[0.587s] Invoking command in '/home/jakub/sese_ws/build/sese': PYTHONPATH=/home/jakub/sese_ws/build/sese/prefix_override:/home/jakub/sese_ws/install/sese/lib/python3.8/site-packages:${PYTHONPATH} /usr/bin/python3 setup.py develop --uninstall --editable --build-directory /home/jakub/sese_ws/build/sese/build
[0.667s] /home/jakub/.local/lib/python3.8/site-packages/setuptools/dist.py:755: SetuptoolsDeprecationWarning: Invalid dash-separated options
[0.667s] !!
[0.667s] 
[0.667s]         ********************************************************************************
[0.667s]         Usage of dash-separated 'script-dir' will not be supported in future
[0.667s]         versions. Please use the underscore name 'script_dir' instead.
[0.667s] 
[0.667s]         By 2023-Sep-26, you need to update your project and remove deprecated calls
[0.667s]         or your builds will no longer be supported.
[0.667s] 
[0.667s]         See https://setuptools.pypa.io/en/latest/userguide/declarative_config.html for details.
[0.667s]         ********************************************************************************
[0.667s] 
[0.667s] !!
[0.667s]   opt = self.warn_dash_deprecation(opt, section)
[0.773s] running develop
[0.773s] /home/jakub/.local/lib/python3.8/site-packages/setuptools/command/develop.py:40: EasyInstallDeprecationWarning: easy_install command is deprecated.
[0.773s] !!
[0.773s] 
[0.773s]         ********************************************************************************
[0.773s]         Please avoid running ``setup.py`` and ``easy_install``.
[0.773s]         Instead, use pypa/build, pypa/installer, pypa/build or
[0.773s]         other standards-based tools.
[0.773s] 
[0.773s]         See https://github.com/pypa/setuptools/issues/917 for details.
[0.773s]         ********************************************************************************
[0.773s] 
[0.773s] !!
[0.773s]   easy_install.initialize_options(self)
[0.792s] /home/jakub/.local/lib/python3.8/site-packages/setuptools/_distutils/cmd.py:66: SetuptoolsDeprecationWarning: setup.py install is deprecated.
[0.792s] !!
[0.792s] 
[0.792s]         ********************************************************************************
[0.792s]         Please avoid running ``setup.py`` directly.
[0.792s]         Instead, use pypa/build, pypa/installer, pypa/build or
[0.792s]         other standards-based tools.
[0.792s] 
[0.792s]         See https://blog.ganssle.io/articles/2021/10/setup-py-deprecated.html for details.
[0.792s]         ********************************************************************************
[0.792s] 
[0.792s] !!
[0.792s]   self.initialize_options()
[0.904s] Invoked command in '/home/jakub/sese_ws/build/sese' returned '0': PYTHONPATH=/home/jakub/sese_ws/build/sese/prefix_override:/home/jakub/sese_ws/install/sese/lib/python3.8/site-packages:${PYTHONPATH} /usr/bin/python3 setup.py develop --uninstall --editable --build-directory /home/jakub/sese_ws/build/sese/build
[0.904s] Invoking command in '/home/jakub/sese_ws/src/sese': PYTHONPATH=/home/jakub/sese_ws/build/sese/prefix_override:/home/jakub/sese_ws/install/sese/lib/python3.8/site-packages:${PYTHONPATH} /usr/bin/python3 setup.py egg_info --egg-base ../../build/sese build --build-base /home/jakub/sese_ws/build/sese/build install --record /home/jakub/sese_ws/build/sese/install.log --install-scripts $base/lib/sese --single-version-externally-managed
[0.976s] /home/jakub/.local/lib/python3.8/site-packages/setuptools/dist.py:755: SetuptoolsDeprecationWarning: Invalid dash-separated options
[0.976s] !!
[0.976s] 
[0.976s]         ********************************************************************************
[0.976s]         Usage of dash-separated 'script-dir' will not be supported in future
[0.976s]         versions. Please use the underscore name 'script_dir' instead.
[0.976s] 
[0.976s]         By 2023-Sep-26, you need to update your project and remove deprecated calls
[0.976s]         or your builds will no longer be supported.
[0.976s] 
[0.976s]         See https://setuptools.pypa.io/en/latest/userguide/declarative_config.html for details.
[0.976s]         ********************************************************************************
[0.976s] 
[0.976s] !!
[0.976s]   opt = self.warn_dash_deprecation(opt, section)
[1.030s] running egg_info
[1.039s] writing ../../build/sese/sese.egg-info/PKG-INFO
[1.039s] writing dependency_links to ../../build/sese/sese.egg-info/dependency_links.txt
[1.039s] writing entry points to ../../build/sese/sese.egg-info/entry_points.txt
[1.039s] writing requirements to ../../build/sese/sese.egg-info/requires.txt
[1.039s] writing top-level names to ../../build/sese/sese.egg-info/top_level.txt
[1.113s] reading manifest file '../../build/sese/sese.egg-info/SOURCES.txt'
[1.113s] writing manifest file '../../build/sese/sese.egg-info/SOURCES.txt'
[1.113s] running build
[1.113s] running build_py
[1.114s] copying sese/scan_publisher.py -> /home/jakub/sese_ws/build/sese/build/lib/sese
[1.114s] running install
[1.114s] /home/jakub/.local/lib/python3.8/site-packages/setuptools/_distutils/cmd.py:66: SetuptoolsDeprecationWarning: setup.py install is deprecated.
[1.114s] !!
[1.114s] 
[1.114s]         ********************************************************************************
[1.114s]         Please avoid running ``setup.py`` directly.
[1.114s]         Instead, use pypa/build, pypa/installer, pypa/build or
[1.114s]         other standards-based tools.
[1.114s] 
[1.114s]         See https://blog.ganssle.io/articles/2021/10/setup-py-deprecated.html for details.
[1.114s]         ********************************************************************************
[1.114s] 
[1.114s] !!
[1.114s]   self.initialize_options()
[1.117s] running install_lib
[1.126s] copying /home/jakub/sese_ws/build/sese/build/lib/sese/scan_publisher.py -> /home/jakub/sese_ws/install/sese/lib/python3.8/site-packages/sese
[1.127s] byte-compiling /home/jakub/sese_ws/install/sese/lib/python3.8/site-packages/sese/image_display.py to image_display.cpython-38.pyc
[1.127s]   File "/home/jakub/sese_ws/install/sese/lib/python3.8/site-packages/sese/image_display.py", line 20
[1.127s]     detection_subscriber = self.create_subscription(ObjectHypothesisWithPose, topic='/asv_vision/front_cam/detections', self.callback, 10)
[1.127s]                                                                                                                         ^
[1.127s] SyntaxError: positional argument follows keyword argument
[1.127s] 
[1.127s] byte-compiling /home/jakub/sese_ws/install/sese/lib/python3.8/site-packages/sese/scan_publisher.py to scan_publisher.cpython-38.pyc
[1.128s] running install_data
[1.137s] running install_egg_info
[1.146s] removing '/home/jakub/sese_ws/install/sese/lib/python3.8/site-packages/sese-0.0.0-py3.8.egg-info' (and everything under it)
[1.146s] Copying ../../build/sese/sese.egg-info to /home/jakub/sese_ws/install/sese/lib/python3.8/site-packages/sese-0.0.0-py3.8.egg-info
[1.146s] running install_scripts
[1.181s] Installing scan_publisher script to /home/jakub/sese_ws/install/sese/lib/sese
[1.182s] writing list of installed files to '/home/jakub/sese_ws/build/sese/install.log'
[1.200s] Invoked command in '/home/jakub/sese_ws/src/sese' returned '0': PYTHONPATH=/home/jakub/sese_ws/build/sese/prefix_override:/home/jakub/sese_ws/install/sese/lib/python3.8/site-packages:${PYTHONPATH} /usr/bin/python3 setup.py egg_info --egg-base ../../build/sese build --build-base /home/jakub/sese_ws/build/sese/build install --record /home/jakub/sese_ws/build/sese/install.log --install-scripts $base/lib/sese --single-version-externally-managed
