[0.421s] Invoking command in '/home/jakub/sese_ws/src/my_package': PYTHONPATH=/home/jakub/sese_ws/build/my_package/prefix_override:/home/jakub/sese_ws/install/my_package/lib/python3.8/site-packages:${PYTHONPATH} /usr/bin/python3 setup.py egg_info --egg-base ../../build/my_package build --build-base /home/jakub/sese_ws/build/my_package/build install --record /home/jakub/sese_ws/build/my_package/install.log --install-scripts $base/lib/my_package --single-version-externally-managed
[0.487s] /home/jakub/.local/lib/python3.8/site-packages/setuptools/dist.py:755: SetuptoolsDeprecationWarning: Invalid dash-separated options
[0.487s] !!
[0.487s] 
[0.487s]         ********************************************************************************
[0.487s]         Usage of dash-separated 'script-dir' will not be supported in future
[0.487s]         versions. Please use the underscore name 'script_dir' instead.
[0.487s] 
[0.487s]         By 2023-Sep-26, you need to update your project and remove deprecated calls
[0.487s]         or your builds will no longer be supported.
[0.487s] 
[0.487s]         See https://setuptools.pypa.io/en/latest/userguide/declarative_config.html for details.
[0.487s]         ********************************************************************************
[0.487s] 
[0.487s] !!
[0.487s]   opt = self.warn_dash_deprecation(opt, section)
[0.538s] running egg_info
[0.538s] creating ../../build/my_package/my_package.egg-info
[0.546s] writing ../../build/my_package/my_package.egg-info/PKG-INFO
[0.546s] writing dependency_links to ../../build/my_package/my_package.egg-info/dependency_links.txt
[0.546s] writing entry points to ../../build/my_package/my_package.egg-info/entry_points.txt
[0.546s] writing requirements to ../../build/my_package/my_package.egg-info/requires.txt
[0.546s] writing top-level names to ../../build/my_package/my_package.egg-info/top_level.txt
[0.598s] writing manifest file '../../build/my_package/my_package.egg-info/SOURCES.txt'
[0.614s] reading manifest file '../../build/my_package/my_package.egg-info/SOURCES.txt'
[0.614s] writing manifest file '../../build/my_package/my_package.egg-info/SOURCES.txt'
[0.614s] running build
[0.614s] running build_py
[0.614s] creating /home/jakub/sese_ws/build/my_package/build
[0.614s] creating /home/jakub/sese_ws/build/my_package/build/lib
[0.614s] creating /home/jakub/sese_ws/build/my_package/build/lib/my_package
[0.615s] copying my_package/__init__.py -> /home/jakub/sese_ws/build/my_package/build/lib/my_package
[0.615s] copying my_package/my_node.py -> /home/jakub/sese_ws/build/my_package/build/lib/my_package
[0.615s] running install
[0.615s] /home/jakub/.local/lib/python3.8/site-packages/setuptools/_distutils/cmd.py:66: SetuptoolsDeprecationWarning: setup.py install is deprecated.
[0.615s] !!
[0.615s] 
[0.615s]         ********************************************************************************
[0.615s]         Please avoid running ``setup.py`` directly.
[0.615s]         Instead, use pypa/build, pypa/installer, pypa/build or
[0.615s]         other standards-based tools.
[0.615s] 
[0.615s]         See https://blog.ganssle.io/articles/2021/10/setup-py-deprecated.html for details.
[0.615s]         ********************************************************************************
[0.615s] 
[0.615s] !!
[0.615s]   self.initialize_options()
[0.618s] running install_lib
[0.626s] creating /home/jakub/sese_ws/install/my_package/lib/python3.8/site-packages/my_package
[0.626s] copying /home/jakub/sese_ws/build/my_package/build/lib/my_package/__init__.py -> /home/jakub/sese_ws/install/my_package/lib/python3.8/site-packages/my_package
[0.626s] copying /home/jakub/sese_ws/build/my_package/build/lib/my_package/my_node.py -> /home/jakub/sese_ws/install/my_package/lib/python3.8/site-packages/my_package
[0.626s] byte-compiling /home/jakub/sese_ws/install/my_package/lib/python3.8/site-packages/my_package/__init__.py to __init__.cpython-38.pyc
[0.626s] byte-compiling /home/jakub/sese_ws/install/my_package/lib/python3.8/site-packages/my_package/my_node.py to my_node.cpython-38.pyc
[0.626s] running install_data
[0.634s] creating /home/jakub/sese_ws/install/my_package/share/ament_index
[0.634s] creating /home/jakub/sese_ws/install/my_package/share/ament_index/resource_index
[0.634s] creating /home/jakub/sese_ws/install/my_package/share/ament_index/resource_index/packages
[0.634s] copying resource/my_package -> /home/jakub/sese_ws/install/my_package/share/ament_index/resource_index/packages
[0.635s] copying package.xml -> /home/jakub/sese_ws/install/my_package/share/my_package
[0.635s] running install_egg_info
[0.643s] Copying ../../build/my_package/my_package.egg-info to /home/jakub/sese_ws/install/my_package/lib/python3.8/site-packages/my_package-0.0.0-py3.8.egg-info
[0.643s] running install_scripts
[0.678s] Installing my_node script to /home/jakub/sese_ws/install/my_package/lib/my_package
[0.678s] writing list of installed files to '/home/jakub/sese_ws/build/my_package/install.log'
[0.692s] Invoked command in '/home/jakub/sese_ws/src/my_package' returned '0': PYTHONPATH=/home/jakub/sese_ws/build/my_package/prefix_override:/home/jakub/sese_ws/install/my_package/lib/python3.8/site-packages:${PYTHONPATH} /usr/bin/python3 setup.py egg_info --egg-base ../../build/my_package build --build-base /home/jakub/sese_ws/build/my_package/build install --record /home/jakub/sese_ws/build/my_package/install.log --install-scripts $base/lib/my_package --single-version-externally-managed
