[0.580s] Invoking command in '/home/jakub/sese_ws/build/sese': PYTHONPATH=/home/jakub/sese_ws/build/sese/prefix_override:/home/jakub/sese_ws/install/sese/lib/python3.8/site-packages:${PYTHONPATH} /usr/bin/python3 setup.py develop --editable --build-directory /home/jakub/sese_ws/build/sese/build --no-deps install_data
[0.654s] /home/jakub/.local/lib/python3.8/site-packages/setuptools/dist.py:755: SetuptoolsDeprecationWarning: Invalid dash-separated options
[0.654s] !!
[0.654s] 
[0.654s]         ********************************************************************************
[0.654s]         Usage of dash-separated 'script-dir' will not be supported in future
[0.654s]         versions. Please use the underscore name 'script_dir' instead.
[0.654s] 
[0.654s]         By 2023-Sep-26, you need to update your project and remove deprecated calls
[0.654s]         or your builds will no longer be supported.
[0.654s] 
[0.654s]         See https://setuptools.pypa.io/en/latest/userguide/declarative_config.html for details.
[0.655s]         ********************************************************************************
[0.655s] 
[0.655s] !!
[0.655s]   opt = self.warn_dash_deprecation(opt, section)
[0.765s] running develop
[0.765s] /home/jakub/.local/lib/python3.8/site-packages/setuptools/command/develop.py:40: EasyInstallDeprecationWarning: easy_install command is deprecated.
[0.765s] !!
[0.765s] 
[0.765s]         ********************************************************************************
[0.765s]         Please avoid running ``setup.py`` and ``easy_install``.
[0.766s]         Instead, use pypa/build, pypa/installer, pypa/build or
[0.766s]         other standards-based tools.
[0.766s] 
[0.766s]         See https://github.com/pypa/setuptools/issues/917 for details.
[0.766s]         ********************************************************************************
[0.766s] 
[0.766s] !!
[0.766s]   easy_install.initialize_options(self)
[0.784s] /home/jakub/.local/lib/python3.8/site-packages/setuptools/_distutils/cmd.py:66: SetuptoolsDeprecationWarning: setup.py install is deprecated.
[0.784s] !!
[0.784s] 
[0.784s]         ********************************************************************************
[0.784s]         Please avoid running ``setup.py`` directly.
[0.784s]         Instead, use pypa/build, pypa/installer, pypa/build or
[0.784s]         other standards-based tools.
[0.784s] 
[0.784s]         See https://blog.ganssle.io/articles/2021/10/setup-py-deprecated.html for details.
[0.784s]         ********************************************************************************
[0.784s] 
[0.785s] !!
[0.785s]   self.initialize_options()
[0.880s] running egg_info
[0.889s] writing sese.egg-info/PKG-INFO
[0.890s] writing dependency_links to sese.egg-info/dependency_links.txt
[0.890s] writing entry points to sese.egg-info/entry_points.txt
[0.890s] writing requirements to sese.egg-info/requires.txt
[0.890s] writing top-level names to sese.egg-info/top_level.txt
[0.908s] reading manifest file 'sese.egg-info/SOURCES.txt'
[0.908s] writing manifest file 'sese.egg-info/SOURCES.txt'
[0.944s] running build_ext
[0.944s] Creating /home/jakub/sese_ws/install/sese/lib/python3.8/site-packages/sese.egg-link (link to .)
[0.945s] Installing scan_publisher script to /home/jakub/sese_ws/install/sese/lib/sese
[0.945s] 
[0.945s] Installed /home/jakub/sese_ws/build/sese
[0.945s] running install_data
[0.966s] Invoked command in '/home/jakub/sese_ws/build/sese' returned '0': PYTHONPATH=/home/jakub/sese_ws/build/sese/prefix_override:/home/jakub/sese_ws/install/sese/lib/python3.8/site-packages:${PYTHONPATH} /usr/bin/python3 setup.py develop --editable --build-directory /home/jakub/sese_ws/build/sese/build --no-deps install_data
