[0.458s] Invoking command in '/home/jakub/sese_ws/build/sese': PYTHONPATH=/home/jakub/sese_ws/build/sese/prefix_override:/home/jakub/sese_ws/install/sese/lib/python3.8/site-packages:${PYTHONPATH} /usr/bin/python3 setup.py develop --uninstall --editable --build-directory /home/jakub/sese_ws/build/sese/build
[0.534s] /home/jakub/.local/lib/python3.8/site-packages/setuptools/dist.py:744: SetuptoolsDeprecationWarning: Invalid dash-separated options
[0.534s] !!
[0.534s] 
[0.534s]         ********************************************************************************
[0.534s]         Usage of dash-separated 'script-dir' will not be supported in future
[0.534s]         versions. Please use the underscore name 'script_dir' instead.
[0.534s] 
[0.534s]         By 2023-Sep-26, you need to update your project and remove deprecated calls
[0.534s]         or your builds will no longer be supported.
[0.534s] 
[0.534s]         See https://setuptools.pypa.io/en/latest/userguide/declarative_config.html for details.
[0.534s]         ********************************************************************************
[0.534s] 
[0.534s] !!
[0.534s]   opt = self.warn_dash_deprecation(opt, section)
[0.637s] running develop
[0.637s] /home/jakub/.local/lib/python3.8/site-packages/setuptools/command/develop.py:40: EasyInstallDeprecationWarning: easy_install command is deprecated.
[0.637s] !!
[0.638s] 
[0.638s]         ********************************************************************************
[0.638s]         Please avoid running ``setup.py`` and ``easy_install``.
[0.638s]         Instead, use pypa/build, pypa/installer or other
[0.638s]         standards-based tools.
[0.638s] 
[0.638s]         See https://github.com/pypa/setuptools/issues/917 for details.
[0.638s]         ********************************************************************************
[0.638s] 
[0.638s] !!
[0.638s]   easy_install.initialize_options(self)
[0.665s] /home/jakub/.local/lib/python3.8/site-packages/setuptools/_distutils/cmd.py:66: SetuptoolsDeprecationWarning: setup.py install is deprecated.
[0.666s] !!
[0.666s] 
[0.666s]         ********************************************************************************
[0.666s]         Please avoid running ``setup.py`` directly.
[0.666s]         Instead, use pypa/build, pypa/installer or other
[0.666s]         standards-based tools.
[0.666s] 
[0.666s]         See https://blog.ganssle.io/articles/2021/10/setup-py-deprecated.html for details.
[0.666s]         ********************************************************************************
[0.666s] 
[0.666s] !!
[0.666s]   self.initialize_options()
[0.776s] Invoked command in '/home/jakub/sese_ws/build/sese' returned '0': PYTHONPATH=/home/jakub/sese_ws/build/sese/prefix_override:/home/jakub/sese_ws/install/sese/lib/python3.8/site-packages:${PYTHONPATH} /usr/bin/python3 setup.py develop --uninstall --editable --build-directory /home/jakub/sese_ws/build/sese/build
[0.777s] Invoking command in '/home/jakub/sese_ws/src/sese': PYTHONPATH=/home/jakub/sese_ws/build/sese/prefix_override:/home/jakub/sese_ws/install/sese/lib/python3.8/site-packages:${PYTHONPATH} /usr/bin/python3 setup.py egg_info --egg-base ../../build/sese build --build-base /home/jakub/sese_ws/build/sese/build install --record /home/jakub/sese_ws/build/sese/install.log --install-scripts $base/lib/sese --single-version-externally-managed
[0.848s] /home/jakub/.local/lib/python3.8/site-packages/setuptools/dist.py:744: SetuptoolsDeprecationWarning: Invalid dash-separated options
[0.848s] !!
[0.848s] 
[0.848s]         ********************************************************************************
[0.848s]         Usage of dash-separated 'script-dir' will not be supported in future
[0.848s]         versions. Please use the underscore name 'script_dir' instead.
[0.848s] 
[0.848s]         By 2023-Sep-26, you need to update your project and remove deprecated calls
[0.848s]         or your builds will no longer be supported.
[0.848s] 
[0.848s]         See https://setuptools.pypa.io/en/latest/userguide/declarative_config.html for details.
[0.848s]         ********************************************************************************
[0.848s] 
[0.848s] !!
[0.848s]   opt = self.warn_dash_deprecation(opt, section)
[0.904s] running egg_info
[0.912s] writing ../../build/sese/sese.egg-info/PKG-INFO
[0.912s] writing dependency_links to ../../build/sese/sese.egg-info/dependency_links.txt
[0.913s] writing entry points to ../../build/sese/sese.egg-info/entry_points.txt
[0.913s] writing requirements to ../../build/sese/sese.egg-info/requires.txt
[0.913s] writing top-level names to ../../build/sese/sese.egg-info/top_level.txt
[0.987s] reading manifest file '../../build/sese/sese.egg-info/SOURCES.txt'
[0.988s] writing manifest file '../../build/sese/sese.egg-info/SOURCES.txt'
[0.988s] running build
[0.988s] running build_py
[0.988s] running install
[0.988s] /home/jakub/.local/lib/python3.8/site-packages/setuptools/_distutils/cmd.py:66: SetuptoolsDeprecationWarning: setup.py install is deprecated.
[0.988s] !!
[0.988s] 
[0.988s]         ********************************************************************************
[0.988s]         Please avoid running ``setup.py`` directly.
[0.988s]         Instead, use pypa/build, pypa/installer or other
[0.988s]         standards-based tools.
[0.988s] 
[0.988s]         See https://blog.ganssle.io/articles/2021/10/setup-py-deprecated.html for details.
[0.988s]         ********************************************************************************
[0.988s] 
[0.988s] !!
[0.988s]   self.initialize_options()
[0.991s] running install_lib
[1.001s] byte-compiling /home/jakub/sese_ws/install/sese/lib/python3.8/site-packages/sese/image_display.py to image_display.cpython-38.pyc
[1.001s]   File "/home/jakub/sese_ws/install/sese/lib/python3.8/site-packages/sese/image_display.py", line 20
[1.001s]     detection_subscriber = self.create_subscription(ObjectHypothesisWithPose, topic='/asv_vision/front_cam/detections', self.callback, 10)
[1.001s]                                                                                                                         ^
[1.001s] SyntaxError: positional argument follows keyword argument
[1.001s] 
[1.001s] running install_data
[1.010s] copying description/robot_core.xacro -> /home/jakub/sese_ws/install/sese/share/sese/description
[1.010s] running install_egg_info
[1.019s] removing '/home/jakub/sese_ws/install/sese/lib/python3.8/site-packages/sese-0.0.0-py3.8.egg-info' (and everything under it)
[1.019s] Copying ../../build/sese/sese.egg-info to /home/jakub/sese_ws/install/sese/lib/python3.8/site-packages/sese-0.0.0-py3.8.egg-info
[1.019s] running install_scripts
[1.047s] Installing scan_publisher script to /home/jakub/sese_ws/install/sese/lib/sese
[1.047s] writing list of installed files to '/home/jakub/sese_ws/build/sese/install.log'
[1.065s] Invoked command in '/home/jakub/sese_ws/src/sese' returned '0': PYTHONPATH=/home/jakub/sese_ws/build/sese/prefix_override:/home/jakub/sese_ws/install/sese/lib/python3.8/site-packages:${PYTHONPATH} /usr/bin/python3 setup.py egg_info --egg-base ../../build/sese build --build-base /home/jakub/sese_ws/build/sese/build install --record /home/jakub/sese_ws/build/sese/install.log --install-scripts $base/lib/sese --single-version-externally-managed
