[0.575s] Invoking command in '/home/jakub/sese_ws/build/sese': PYTHONPATH=/home/jakub/sese_ws/build/sese/prefix_override:/home/jakub/sese_ws/install/sese/lib/python3.8/site-packages:${PYTHONPATH} /usr/bin/python3 setup.py develop --uninstall --editable --build-directory /home/jakub/sese_ws/build/sese/build
[0.648s] /home/jakub/.local/lib/python3.8/site-packages/setuptools/dist.py:755: SetuptoolsDeprecationWarning: Invalid dash-separated options
[0.648s] !!
[0.648s] 
[0.648s]         ********************************************************************************
[0.648s]         Usage of dash-separated 'script-dir' will not be supported in future
[0.648s]         versions. Please use the underscore name 'script_dir' instead.
[0.648s] 
[0.648s]         By 2023-Sep-26, you need to update your project and remove deprecated calls
[0.648s]         or your builds will no longer be supported.
[0.648s] 
[0.648s]         See https://setuptools.pypa.io/en/latest/userguide/declarative_config.html for details.
[0.648s]         ********************************************************************************
[0.648s] 
[0.648s] !!
[0.648s]   opt = self.warn_dash_deprecation(opt, section)
[0.753s] running develop
[0.753s] /home/jakub/.local/lib/python3.8/site-packages/setuptools/command/develop.py:40: EasyInstallDeprecationWarning: easy_install command is deprecated.
[0.753s] !!
[0.753s] 
[0.753s]         ********************************************************************************
[0.753s]         Please avoid running ``setup.py`` and ``easy_install``.
[0.753s]         Instead, use pypa/build, pypa/installer, pypa/build or
[0.753s]         other standards-based tools.
[0.753s] 
[0.753s]         See https://github.com/pypa/setuptools/issues/917 for details.
[0.753s]         ********************************************************************************
[0.753s] 
[0.753s] !!
[0.754s]   easy_install.initialize_options(self)
[0.772s] /home/jakub/.local/lib/python3.8/site-packages/setuptools/_distutils/cmd.py:66: SetuptoolsDeprecationWarning: setup.py install is deprecated.
[0.772s] !!
[0.772s] 
[0.772s]         ********************************************************************************
[0.772s]         Please avoid running ``setup.py`` directly.
[0.772s]         Instead, use pypa/build, pypa/installer, pypa/build or
[0.772s]         other standards-based tools.
[0.772s] 
[0.772s]         See https://blog.ganssle.io/articles/2021/10/setup-py-deprecated.html for details.
[0.772s]         ********************************************************************************
[0.772s] 
[0.772s] !!
[0.772s]   self.initialize_options()
[0.888s] Invoked command in '/home/jakub/sese_ws/build/sese' returned '0': PYTHONPATH=/home/jakub/sese_ws/build/sese/prefix_override:/home/jakub/sese_ws/install/sese/lib/python3.8/site-packages:${PYTHONPATH} /usr/bin/python3 setup.py develop --uninstall --editable --build-directory /home/jakub/sese_ws/build/sese/build
[0.890s] Invoking command in '/home/jakub/sese_ws/src/sese': PYTHONPATH=/home/jakub/sese_ws/build/sese/prefix_override:/home/jakub/sese_ws/install/sese/lib/python3.8/site-packages:${PYTHONPATH} /usr/bin/python3 setup.py egg_info --egg-base ../../build/sese build --build-base /home/jakub/sese_ws/build/sese/build install --record /home/jakub/sese_ws/build/sese/install.log --install-scripts $base/lib/sese --single-version-externally-managed
[0.965s] /home/jakub/.local/lib/python3.8/site-packages/setuptools/dist.py:755: SetuptoolsDeprecationWarning: Invalid dash-separated options
[0.965s] !!
[0.965s] 
[0.965s]         ********************************************************************************
[0.965s]         Usage of dash-separated 'script-dir' will not be supported in future
[0.965s]         versions. Please use the underscore name 'script_dir' instead.
[0.965s] 
[0.965s]         By 2023-Sep-26, you need to update your project and remove deprecated calls
[0.965s]         or your builds will no longer be supported.
[0.965s] 
[0.965s]         See https://setuptools.pypa.io/en/latest/userguide/declarative_config.html for details.
[0.965s]         ********************************************************************************
[0.965s] 
[0.965s] !!
[0.965s]   opt = self.warn_dash_deprecation(opt, section)
[1.021s] running egg_info
[1.030s] writing ../../build/sese/sese.egg-info/PKG-INFO
[1.030s] writing dependency_links to ../../build/sese/sese.egg-info/dependency_links.txt
[1.030s] writing entry points to ../../build/sese/sese.egg-info/entry_points.txt
[1.030s] writing requirements to ../../build/sese/sese.egg-info/requires.txt
[1.030s] writing top-level names to ../../build/sese/sese.egg-info/top_level.txt
[1.105s] reading manifest file '../../build/sese/sese.egg-info/SOURCES.txt'
[1.106s] writing manifest file '../../build/sese/sese.egg-info/SOURCES.txt'
[1.106s] running build
[1.106s] running build_py
[1.106s] running install
[1.107s] /home/jakub/.local/lib/python3.8/site-packages/setuptools/_distutils/cmd.py:66: SetuptoolsDeprecationWarning: setup.py install is deprecated.
[1.107s] !!
[1.107s] 
[1.107s]         ********************************************************************************
[1.107s]         Please avoid running ``setup.py`` directly.
[1.107s]         Instead, use pypa/build, pypa/installer, pypa/build or
[1.107s]         other standards-based tools.
[1.107s] 
[1.107s]         See https://blog.ganssle.io/articles/2021/10/setup-py-deprecated.html for details.
[1.107s]         ********************************************************************************
[1.107s] 
[1.107s] !!
[1.107s]   self.initialize_options()
[1.110s] running install_lib
[1.120s] byte-compiling /home/jakub/sese_ws/install/sese/lib/python3.8/site-packages/sese/image_display.py to image_display.cpython-38.pyc
[1.120s]   File "/home/jakub/sese_ws/install/sese/lib/python3.8/site-packages/sese/image_display.py", line 20
[1.120s]     detection_subscriber = self.create_subscription(ObjectHypothesisWithPose, topic='/asv_vision/front_cam/detections', self.callback, 10)
[1.120s]                                                                                                                         ^
[1.120s] SyntaxError: positional argument follows keyword argument
[1.120s] 
[1.120s] running install_data
[1.129s] copying launch/launch_sim.launch.py -> /home/jakub/sese_ws/install/sese/share/sese/launch
[1.129s] running install_egg_info
[1.139s] removing '/home/jakub/sese_ws/install/sese/lib/python3.8/site-packages/sese-0.0.0-py3.8.egg-info' (and everything under it)
[1.139s] Copying ../../build/sese/sese.egg-info to /home/jakub/sese_ws/install/sese/lib/python3.8/site-packages/sese-0.0.0-py3.8.egg-info
[1.139s] running install_scripts
[1.175s] Installing scan_publisher script to /home/jakub/sese_ws/install/sese/lib/sese
[1.175s] writing list of installed files to '/home/jakub/sese_ws/build/sese/install.log'
[1.198s] Invoked command in '/home/jakub/sese_ws/src/sese' returned '0': PYTHONPATH=/home/jakub/sese_ws/build/sese/prefix_override:/home/jakub/sese_ws/install/sese/lib/python3.8/site-packages:${PYTHONPATH} /usr/bin/python3 setup.py egg_info --egg-base ../../build/sese build --build-base /home/jakub/sese_ws/build/sese/build install --record /home/jakub/sese_ws/build/sese/install.log --install-scripts $base/lib/sese --single-version-externally-managed
