/home/jakub/sese_ws/install/sese/lib/python3.8/site-packages/sese/__init__.py
/home/jakub/sese_ws/install/sese/lib/python3.8/site-packages/sese/detect_front.py
/home/jakub/sese_ws/install/sese/lib/python3.8/site-packages/sese/image_display.py
/home/jakub/sese_ws/install/sese/lib/python3.8/site-packages/sese/labels.py
/home/jakub/sese_ws/install/sese/lib/python3.8/site-packages/sese/scan_publisher.py
/home/jakub/sese_ws/install/sese/lib/python3.8/site-packages/sese/ros2_detect_front.py
/home/jakub/sese_ws/install/sese/lib/python3.8/site-packages/sese/point_to_laserscan_test.py
/home/jakub/sese_ws/install/sese/lib/python3.8/site-packages/sese/__pycache__/__init__.cpython-38.pyc
/home/jakub/sese_ws/install/sese/lib/python3.8/site-packages/sese/__pycache__/detect_front.cpython-38.pyc
/home/jakub/sese_ws/install/sese/lib/python3.8/site-packages/sese/__pycache__/image_display.cpython-38.pyc
/home/jakub/sese_ws/install/sese/lib/python3.8/site-packages/sese/__pycache__/labels.cpython-38.pyc
/home/jakub/sese_ws/install/sese/lib/python3.8/site-packages/sese/__pycache__/scan_publisher.cpython-38.pyc
/home/jakub/sese_ws/install/sese/lib/python3.8/site-packages/sese/__pycache__/ros2_detect_front.cpython-38.pyc
/home/jakub/sese_ws/install/sese/lib/python3.8/site-packages/sese/__pycache__/point_to_laserscan_test.cpython-38.pyc
/home/jakub/sese_ws/install/sese/share/ament_index/resource_index/packages/sese
/home/jakub/sese_ws/install/sese/share/sese/package.xml
/home/jakub/sese_ws/install/sese/share/sese/launch/launch_sim.launch.py
/home/jakub/sese_ws/install/sese/share/sese/launch/rsp.launch.py
/home/jakub/sese_ws/install/sese/share/sese/launch/nav2_launch.py
/home/jakub/sese_ws/install/sese/share/sese/launch/scan_publisher.launch.py
/home/jakub/sese_ws/install/sese/share/sese/launch/rviz.launch.py
/home/jakub/sese_ws/install/sese/share/sese/rviz/my_config.rviz
/home/jakub/sese_ws/install/sese/share/sese/rviz/urdf_config.rviz
/home/jakub/sese_ws/install/sese/share/sese/description/camera.xacro
/home/jakub/sese_ws/install/sese/share/sese/description/inertial_macros.xacro
/home/jakub/sese_ws/install/sese/share/sese/description/robot.urdf.xacro
/home/jakub/sese_ws/install/sese/share/sese/description/materials.xacro
/home/jakub/sese_ws/install/sese/share/sese/description/gazebo_control.xacro
/home/jakub/sese_ws/install/sese/share/sese/description/lidar.xacro
/home/jakub/sese_ws/install/sese/share/sese/description/robot_core.xacro
/home/jakub/sese_ws/install/sese/share/sese/config/ekf.yaml
/home/jakub/sese_ws/install/sese/share/sese/config/nav2_params.yaml
/home/jakub/sese_ws/install/sese/share/sese/worlds/worlds_combined.world
/home/jakub/sese_ws/install/sese/share/sese/worlds/empty.world
/home/jakub/sese_ws/install/sese/lib/python3.8/site-packages/sese-0.0.0-py3.8.egg-info/top_level.txt
/home/jakub/sese_ws/install/sese/lib/python3.8/site-packages/sese-0.0.0-py3.8.egg-info/zip-safe
/home/jakub/sese_ws/install/sese/lib/python3.8/site-packages/sese-0.0.0-py3.8.egg-info/requires.txt
/home/jakub/sese_ws/install/sese/lib/python3.8/site-packages/sese-0.0.0-py3.8.egg-info/entry_points.txt
/home/jakub/sese_ws/install/sese/lib/python3.8/site-packages/sese-0.0.0-py3.8.egg-info/dependency_links.txt
/home/jakub/sese_ws/install/sese/lib/python3.8/site-packages/sese-0.0.0-py3.8.egg-info/PKG-INFO
/home/jakub/sese_ws/install/sese/lib/python3.8/site-packages/sese-0.0.0-py3.8.egg-info/SOURCES.txt
/home/jakub/sese_ws/install/sese/lib/sese/scan_publisher
