[0.449s] Invoking command in '/home/jakub/sese_ws/build/sese': PYTHONPATH=/home/jakub/sese_ws/build/sese/prefix_override:/home/jakub/sese_ws/install/sese/lib/python3.8/site-packages:${PYTHONPATH} /usr/bin/python3 setup.py develop --uninstall --editable --build-directory /home/jakub/sese_ws/build/sese/build
[0.523s] /home/jakub/.local/lib/python3.8/site-packages/setuptools/dist.py:744: SetuptoolsDeprecationWarning: Invalid dash-separated options
[0.523s] !!
[0.523s] 
[0.523s]         ********************************************************************************
[0.523s]         Usage of dash-separated 'script-dir' will not be supported in future
[0.523s]         versions. Please use the underscore name 'script_dir' instead.
[0.523s] 
[0.523s]         By 2023-Sep-26, you need to update your project and remove deprecated calls
[0.523s]         or your builds will no longer be supported.
[0.523s] 
[0.523s]         See https://setuptools.pypa.io/en/latest/userguide/declarative_config.html for details.
[0.523s]         ********************************************************************************
[0.523s] 
[0.523s] !!
[0.523s]   opt = self.warn_dash_deprecation(opt, section)
[0.628s] running develop
[0.628s] /home/jakub/.local/lib/python3.8/site-packages/setuptools/command/develop.py:40: EasyInstallDeprecationWarning: easy_install command is deprecated.
[0.628s] !!
[0.628s] 
[0.628s]         ********************************************************************************
[0.628s]         Please avoid running ``setup.py`` and ``easy_install``.
[0.628s]         Instead, use pypa/build, pypa/installer or other
[0.629s]         standards-based tools.
[0.629s] 
[0.629s]         See https://github.com/pypa/setuptools/issues/917 for details.
[0.629s]         ********************************************************************************
[0.629s] 
[0.629s] !!
[0.629s]   easy_install.initialize_options(self)
[0.647s] /home/jakub/.local/lib/python3.8/site-packages/setuptools/_distutils/cmd.py:66: SetuptoolsDeprecationWarning: setup.py install is deprecated.
[0.647s] !!
[0.647s] 
[0.647s]         ********************************************************************************
[0.647s]         Please avoid running ``setup.py`` directly.
[0.647s]         Instead, use pypa/build, pypa/installer or other
[0.647s]         standards-based tools.
[0.647s] 
[0.647s]         See https://blog.ganssle.io/articles/2021/10/setup-py-deprecated.html for details.
[0.647s]         ********************************************************************************
[0.648s] 
[0.648s] !!
[0.648s]   self.initialize_options()
[0.761s] Invoked command in '/home/jakub/sese_ws/build/sese' returned '0': PYTHONPATH=/home/jakub/sese_ws/build/sese/prefix_override:/home/jakub/sese_ws/install/sese/lib/python3.8/site-packages:${PYTHONPATH} /usr/bin/python3 setup.py develop --uninstall --editable --build-directory /home/jakub/sese_ws/build/sese/build
[0.761s] Invoking command in '/home/jakub/sese_ws/src/sese': PYTHONPATH=/home/jakub/sese_ws/build/sese/prefix_override:/home/jakub/sese_ws/install/sese/lib/python3.8/site-packages:${PYTHONPATH} /usr/bin/python3 setup.py egg_info --egg-base ../../build/sese build --build-base /home/jakub/sese_ws/build/sese/build install --record /home/jakub/sese_ws/build/sese/install.log --install-scripts $base/lib/sese --single-version-externally-managed
[0.835s] /home/jakub/.local/lib/python3.8/site-packages/setuptools/dist.py:744: SetuptoolsDeprecationWarning: Invalid dash-separated options
[0.835s] !!
[0.835s] 
[0.835s]         ********************************************************************************
[0.835s]         Usage of dash-separated 'script-dir' will not be supported in future
[0.835s]         versions. Please use the underscore name 'script_dir' instead.
[0.835s] 
[0.835s]         By 2023-Sep-26, you need to update your project and remove deprecated calls
[0.835s]         or your builds will no longer be supported.
[0.835s] 
[0.835s]         See https://setuptools.pypa.io/en/latest/userguide/declarative_config.html for details.
[0.835s]         ********************************************************************************
[0.835s] 
[0.835s] !!
[0.835s]   opt = self.warn_dash_deprecation(opt, section)
[0.892s] running egg_info
[0.901s] writing ../../build/sese/sese.egg-info/PKG-INFO
[0.901s] writing dependency_links to ../../build/sese/sese.egg-info/dependency_links.txt
[0.901s] writing entry points to ../../build/sese/sese.egg-info/entry_points.txt
[0.901s] writing requirements to ../../build/sese/sese.egg-info/requires.txt
[0.901s] writing top-level names to ../../build/sese/sese.egg-info/top_level.txt
[0.978s] reading manifest file '../../build/sese/sese.egg-info/SOURCES.txt'
[0.979s] writing manifest file '../../build/sese/sese.egg-info/SOURCES.txt'
[0.979s] running build
[0.979s] running build_py
[0.979s] running install
[0.979s] /home/jakub/.local/lib/python3.8/site-packages/setuptools/_distutils/cmd.py:66: SetuptoolsDeprecationWarning: setup.py install is deprecated.
[0.979s] !!
[0.979s] 
[0.979s]         ********************************************************************************
[0.979s]         Please avoid running ``setup.py`` directly.
[0.979s]         Instead, use pypa/build, pypa/installer or other
[0.979s]         standards-based tools.
[0.979s] 
[0.979s]         See https://blog.ganssle.io/articles/2021/10/setup-py-deprecated.html for details.
[0.979s]         ********************************************************************************
[0.979s] 
[0.979s] !!
[0.979s]   self.initialize_options()
[0.982s] running install_lib
[0.992s] byte-compiling /home/jakub/sese_ws/install/sese/lib/python3.8/site-packages/sese/image_display.py to image_display.cpython-38.pyc
[0.992s]   File "/home/jakub/sese_ws/install/sese/lib/python3.8/site-packages/sese/image_display.py", line 20
[0.992s]     detection_subscriber = self.create_subscription(ObjectHypothesisWithPose, topic='/asv_vision/front_cam/detections', self.callback, 10)
[0.992s]                                                                                                                         ^
[0.992s] SyntaxError: positional argument follows keyword argument
[0.992s] 
[0.992s] running install_data
[1.001s] copying launch/launch_sim.launch.py -> /home/jakub/sese_ws/install/sese/share/sese/launch
[1.001s] running install_egg_info
[1.011s] removing '/home/jakub/sese_ws/install/sese/lib/python3.8/site-packages/sese-0.0.0-py3.8.egg-info' (and everything under it)
[1.011s] Copying ../../build/sese/sese.egg-info to /home/jakub/sese_ws/install/sese/lib/python3.8/site-packages/sese-0.0.0-py3.8.egg-info
[1.011s] running install_scripts
[1.039s] Installing scan_publisher script to /home/jakub/sese_ws/install/sese/lib/sese
[1.039s] writing list of installed files to '/home/jakub/sese_ws/build/sese/install.log'
[1.055s] Invoked command in '/home/jakub/sese_ws/src/sese' returned '0': PYTHONPATH=/home/jakub/sese_ws/build/sese/prefix_override:/home/jakub/sese_ws/install/sese/lib/python3.8/site-packages:${PYTHONPATH} /usr/bin/python3 setup.py egg_info --egg-base ../../build/sese build --build-base /home/jakub/sese_ws/build/sese/build install --record /home/jakub/sese_ws/build/sese/install.log --install-scripts $base/lib/sese --single-version-externally-managed
