[0.499s] Invoking command in '/home/jakub/sese_ws/build/sese': PYTHONPATH=/home/jakub/sese_ws/build/sese/prefix_override:/home/jakub/sese_ws/install/sese/lib/python3.8/site-packages:${PYTHONPATH} /usr/bin/python3 setup.py develop --uninstall --editable --build-directory /home/jakub/sese_ws/build/sese/build
[0.575s] /home/jakub/.local/lib/python3.8/site-packages/setuptools/dist.py:744: SetuptoolsDeprecationWarning: Invalid dash-separated options
[0.575s] !!
[0.575s] 
[0.575s]         ********************************************************************************
[0.575s]         Usage of dash-separated 'script-dir' will not be supported in future
[0.575s]         versions. Please use the underscore name 'script_dir' instead.
[0.575s] 
[0.575s]         By 2023-Sep-26, you need to update your project and remove deprecated calls
[0.575s]         or your builds will no longer be supported.
[0.575s] 
[0.575s]         See https://setuptools.pypa.io/en/latest/userguide/declarative_config.html for details.
[0.575s]         ********************************************************************************
[0.575s] 
[0.575s] !!
[0.575s]   opt = self.warn_dash_deprecation(opt, section)
[0.679s] running develop
[0.681s] /home/jakub/.local/lib/python3.8/site-packages/setuptools/command/develop.py:40: EasyInstallDeprecationWarning: easy_install command is deprecated.
[0.681s] !!
[0.681s] 
[0.681s]         ********************************************************************************
[0.681s]         Please avoid running ``setup.py`` and ``easy_install``.
[0.681s]         Instead, use pypa/build, pypa/installer or other
[0.681s]         standards-based tools.
[0.681s] 
[0.681s]         See https://github.com/pypa/setuptools/issues/917 for details.
[0.681s]         ********************************************************************************
[0.681s] 
[0.681s] !!
[0.681s]   easy_install.initialize_options(self)
[0.700s] /home/jakub/.local/lib/python3.8/site-packages/setuptools/_distutils/cmd.py:66: SetuptoolsDeprecationWarning: setup.py install is deprecated.
[0.700s] !!
[0.700s] 
[0.700s]         ********************************************************************************
[0.700s]         Please avoid running ``setup.py`` directly.
[0.700s]         Instead, use pypa/build, pypa/installer or other
[0.700s]         standards-based tools.
[0.700s] 
[0.700s]         See https://blog.ganssle.io/articles/2021/10/setup-py-deprecated.html for details.
[0.700s]         ********************************************************************************
[0.700s] 
[0.700s] !!
[0.700s]   self.initialize_options()
[0.813s] Invoked command in '/home/jakub/sese_ws/build/sese' returned '0': PYTHONPATH=/home/jakub/sese_ws/build/sese/prefix_override:/home/jakub/sese_ws/install/sese/lib/python3.8/site-packages:${PYTHONPATH} /usr/bin/python3 setup.py develop --uninstall --editable --build-directory /home/jakub/sese_ws/build/sese/build
[0.813s] Invoking command in '/home/jakub/sese_ws/src/sese': PYTHONPATH=/home/jakub/sese_ws/build/sese/prefix_override:/home/jakub/sese_ws/install/sese/lib/python3.8/site-packages:${PYTHONPATH} /usr/bin/python3 setup.py egg_info --egg-base ../../build/sese build --build-base /home/jakub/sese_ws/build/sese/build install --record /home/jakub/sese_ws/build/sese/install.log --install-scripts $base/lib/sese --single-version-externally-managed
[0.884s] /home/jakub/.local/lib/python3.8/site-packages/setuptools/dist.py:744: SetuptoolsDeprecationWarning: Invalid dash-separated options
[0.885s] !!
[0.885s] 
[0.885s]         ********************************************************************************
[0.885s]         Usage of dash-separated 'script-dir' will not be supported in future
[0.885s]         versions. Please use the underscore name 'script_dir' instead.
[0.885s] 
[0.885s]         By 2023-Sep-26, you need to update your project and remove deprecated calls
[0.885s]         or your builds will no longer be supported.
[0.885s] 
[0.885s]         See https://setuptools.pypa.io/en/latest/userguide/declarative_config.html for details.
[0.885s]         ********************************************************************************
[0.885s] 
[0.885s] !!
[0.885s]   opt = self.warn_dash_deprecation(opt, section)
[0.957s] running egg_info
[0.968s] writing ../../build/sese/sese.egg-info/PKG-INFO
[0.969s] writing dependency_links to ../../build/sese/sese.egg-info/dependency_links.txt
[0.971s] writing entry points to ../../build/sese/sese.egg-info/entry_points.txt
[0.971s] writing requirements to ../../build/sese/sese.egg-info/requires.txt
[0.972s] writing top-level names to ../../build/sese/sese.egg-info/top_level.txt
[1.081s] reading manifest file '../../build/sese/sese.egg-info/SOURCES.txt'
[1.082s] writing manifest file '../../build/sese/sese.egg-info/SOURCES.txt'
[1.082s] running build
[1.082s] running build_py
[1.082s] running install
[1.083s] /home/jakub/.local/lib/python3.8/site-packages/setuptools/_distutils/cmd.py:66: SetuptoolsDeprecationWarning: setup.py install is deprecated.
[1.083s] !!
[1.083s] 
[1.083s]         ********************************************************************************
[1.083s]         Please avoid running ``setup.py`` directly.
[1.083s]         Instead, use pypa/build, pypa/installer or other
[1.083s]         standards-based tools.
[1.083s] 
[1.083s]         See https://blog.ganssle.io/articles/2021/10/setup-py-deprecated.html for details.
[1.083s]         ********************************************************************************
[1.083s] 
[1.083s] !!
[1.083s]   self.initialize_options()
[1.085s] running install_lib
[1.095s] byte-compiling /home/jakub/sese_ws/install/sese/lib/python3.8/site-packages/sese/image_display.py to image_display.cpython-38.pyc
[1.095s]   File "/home/jakub/sese_ws/install/sese/lib/python3.8/site-packages/sese/image_display.py", line 20
[1.095s]     detection_subscriber = self.create_subscription(ObjectHypothesisWithPose, topic='/asv_vision/front_cam/detections', self.callback, 10)
[1.095s]                                                                                                                         ^
[1.095s] SyntaxError: positional argument follows keyword argument
[1.095s] 
[1.095s] running install_data
[1.104s] copying description/lidar.xacro -> /home/jakub/sese_ws/install/sese/share/sese/description
[1.104s] running install_egg_info
[1.113s] removing '/home/jakub/sese_ws/install/sese/lib/python3.8/site-packages/sese-0.0.0-py3.8.egg-info' (and everything under it)
[1.113s] Copying ../../build/sese/sese.egg-info to /home/jakub/sese_ws/install/sese/lib/python3.8/site-packages/sese-0.0.0-py3.8.egg-info
[1.114s] running install_scripts
[1.142s] Installing scan_publisher script to /home/jakub/sese_ws/install/sese/lib/sese
[1.142s] writing list of installed files to '/home/jakub/sese_ws/build/sese/install.log'
[1.157s] Invoked command in '/home/jakub/sese_ws/src/sese' returned '0': PYTHONPATH=/home/jakub/sese_ws/build/sese/prefix_override:/home/jakub/sese_ws/install/sese/lib/python3.8/site-packages:${PYTHONPATH} /usr/bin/python3 setup.py egg_info --egg-base ../../build/sese build --build-base /home/jakub/sese_ws/build/sese/build install --record /home/jakub/sese_ws/build/sese/install.log --install-scripts $base/lib/sese --single-version-externally-managed
