[1.041s] Invoking command in '/home/jakub/sese_ws/build/my_package': PYTHONPATH=/home/jakub/sese_ws/build/my_package/prefix_override:/home/jakub/sese_ws/install/my_package/lib/python3.8/site-packages:${PYTHONPATH} /usr/bin/python3 setup.py develop --uninstall --editable --build-directory /home/jakub/sese_ws/build/my_package/build
[1.147s] /home/jakub/.local/lib/python3.8/site-packages/setuptools/dist.py:755: SetuptoolsDeprecationWarning: Invalid dash-separated options
[1.147s] !!
[1.147s] 
[1.147s]         ********************************************************************************
[1.147s]         Usage of dash-separated 'script-dir' will not be supported in future
[1.147s]         versions. Please use the underscore name 'script_dir' instead.
[1.147s] 
[1.147s]         By 2023-Sep-26, you need to update your project and remove deprecated calls
[1.147s]         or your builds will no longer be supported.
[1.147s] 
[1.147s]         See https://setuptools.pypa.io/en/latest/userguide/declarative_config.html for details.
[1.147s]         ********************************************************************************
[1.147s] 
[1.147s] !!
[1.147s]   opt = self.warn_dash_deprecation(opt, section)
[1.248s] running develop
[1.248s] /home/jakub/.local/lib/python3.8/site-packages/setuptools/command/develop.py:40: EasyInstallDeprecationWarning: easy_install command is deprecated.
[1.248s] !!
[1.248s] 
[1.248s]         ********************************************************************************
[1.248s]         Please avoid running ``setup.py`` and ``easy_install``.
[1.248s]         Instead, use pypa/build, pypa/installer, pypa/build or
[1.248s]         other standards-based tools.
[1.248s] 
[1.248s]         See https://github.com/pypa/setuptools/issues/917 for details.
[1.248s]         ********************************************************************************
[1.248s] 
[1.248s] !!
[1.248s]   easy_install.initialize_options(self)
[1.277s] /home/jakub/.local/lib/python3.8/site-packages/setuptools/_distutils/cmd.py:66: SetuptoolsDeprecationWarning: setup.py install is deprecated.
[1.277s] !!
[1.277s] 
[1.277s]         ********************************************************************************
[1.277s]         Please avoid running ``setup.py`` directly.
[1.278s]         Instead, use pypa/build, pypa/installer, pypa/build or
[1.278s]         other standards-based tools.
[1.278s] 
[1.278s]         See https://blog.ganssle.io/articles/2021/10/setup-py-deprecated.html for details.
[1.279s]         ********************************************************************************
[1.279s] 
[1.279s] !!
[1.280s]   self.initialize_options()
[1.410s] Invoked command in '/home/jakub/sese_ws/build/my_package' returned '0': PYTHONPATH=/home/jakub/sese_ws/build/my_package/prefix_override:/home/jakub/sese_ws/install/my_package/lib/python3.8/site-packages:${PYTHONPATH} /usr/bin/python3 setup.py develop --uninstall --editable --build-directory /home/jakub/sese_ws/build/my_package/build
[1.411s] Invoking command in '/home/jakub/sese_ws/src/my_package': PYTHONPATH=/home/jakub/sese_ws/build/my_package/prefix_override:/home/jakub/sese_ws/install/my_package/lib/python3.8/site-packages:${PYTHONPATH} /usr/bin/python3 setup.py egg_info --egg-base ../../build/my_package build --build-base /home/jakub/sese_ws/build/my_package/build install --record /home/jakub/sese_ws/build/my_package/install.log --install-scripts $base/lib/my_package --single-version-externally-managed
[1.482s] /home/jakub/.local/lib/python3.8/site-packages/setuptools/dist.py:755: SetuptoolsDeprecationWarning: Invalid dash-separated options
[1.482s] !!
[1.482s] 
[1.482s]         ********************************************************************************
[1.482s]         Usage of dash-separated 'script-dir' will not be supported in future
[1.482s]         versions. Please use the underscore name 'script_dir' instead.
[1.482s] 
[1.482s]         By 2023-Sep-26, you need to update your project and remove deprecated calls
[1.482s]         or your builds will no longer be supported.
[1.482s] 
[1.482s]         See https://setuptools.pypa.io/en/latest/userguide/declarative_config.html for details.
[1.482s]         ********************************************************************************
[1.482s] 
[1.482s] !!
[1.482s]   opt = self.warn_dash_deprecation(opt, section)
[1.534s] running egg_info
[1.543s] writing ../../build/my_package/my_package.egg-info/PKG-INFO
[1.543s] writing dependency_links to ../../build/my_package/my_package.egg-info/dependency_links.txt
[1.543s] writing entry points to ../../build/my_package/my_package.egg-info/entry_points.txt
[1.543s] writing requirements to ../../build/my_package/my_package.egg-info/requires.txt
[1.543s] writing top-level names to ../../build/my_package/my_package.egg-info/top_level.txt
[1.615s] reading manifest file '../../build/my_package/my_package.egg-info/SOURCES.txt'
[1.616s] writing manifest file '../../build/my_package/my_package.egg-info/SOURCES.txt'
[1.616s] running build
[1.616s] running build_py
[1.616s] running install
[1.616s] /home/jakub/.local/lib/python3.8/site-packages/setuptools/_distutils/cmd.py:66: SetuptoolsDeprecationWarning: setup.py install is deprecated.
[1.616s] !!
[1.617s] 
[1.617s]         ********************************************************************************
[1.617s]         Please avoid running ``setup.py`` directly.
[1.617s]         Instead, use pypa/build, pypa/installer, pypa/build or
[1.617s]         other standards-based tools.
[1.617s] 
[1.617s]         See https://blog.ganssle.io/articles/2021/10/setup-py-deprecated.html for details.
[1.617s]         ********************************************************************************
[1.617s] 
[1.617s] !!
[1.617s]   self.initialize_options()
[1.619s] running install_lib
[1.628s] running install_data
[1.636s] running install_egg_info
[1.645s] removing '/home/jakub/sese_ws/install/my_package/lib/python3.8/site-packages/my_package-0.0.0-py3.8.egg-info' (and everything under it)
[1.645s] Copying ../../build/my_package/my_package.egg-info to /home/jakub/sese_ws/install/my_package/lib/python3.8/site-packages/my_package-0.0.0-py3.8.egg-info
[1.646s] running install_scripts
[1.680s] Installing my_node script to /home/jakub/sese_ws/install/my_package/lib/my_package
[1.680s] writing list of installed files to '/home/jakub/sese_ws/build/my_package/install.log'
[1.695s] Invoked command in '/home/jakub/sese_ws/src/my_package' returned '0': PYTHONPATH=/home/jakub/sese_ws/build/my_package/prefix_override:/home/jakub/sese_ws/install/my_package/lib/python3.8/site-packages:${PYTHONPATH} /usr/bin/python3 setup.py egg_info --egg-base ../../build/my_package build --build-base /home/jakub/sese_ws/build/my_package/build install --record /home/jakub/sese_ws/build/my_package/install.log --install-scripts $base/lib/my_package --single-version-externally-managed
