[0.470s] Invoking command in '/home/jakub/sese_ws/build/sese': PYTHONPATH=/home/jakub/sese_ws/build/sese/prefix_override:/home/jakub/sese_ws/install/sese/lib/python3.8/site-packages:${PYTHONPATH} /usr/bin/python3 setup.py develop --uninstall --editable --build-directory /home/jakub/sese_ws/build/sese/build
[0.548s] /home/jakub/.local/lib/python3.8/site-packages/setuptools/dist.py:744: SetuptoolsDeprecationWarning: Invalid dash-separated options
[0.548s] !!
[0.548s] 
[0.548s]         ********************************************************************************
[0.548s]         Usage of dash-separated 'script-dir' will not be supported in future
[0.548s]         versions. Please use the underscore name 'script_dir' instead.
[0.548s] 
[0.548s]         By 2023-Sep-26, you need to update your project and remove deprecated calls
[0.548s]         or your builds will no longer be supported.
[0.548s] 
[0.549s]         See https://setuptools.pypa.io/en/latest/userguide/declarative_config.html for details.
[0.549s]         ********************************************************************************
[0.549s] 
[0.549s] !!
[0.549s]   opt = self.warn_dash_deprecation(opt, section)
[0.668s] /home/jakub/.local/lib/python3.8/site-packages/setuptools/command/develop.py:40: EasyInstallDeprecationWarning: easy_install command is deprecated.
[0.668s] !!
[0.668s] 
[0.668s]         ********************************************************************************
[0.668s]         Please avoid running ``setup.py`` and ``easy_install``.
[0.668s]         Instead, use pypa/build, pypa/installer or other
[0.668s]         standards-based tools.
[0.668s] 
[0.668s]         See https://github.com/pypa/setuptools/issues/917 for details.
[0.668s]         ********************************************************************************
[0.668s] 
[0.669s] !!
[0.669s]   easy_install.initialize_options(self)
[0.669s] running develop
[0.687s] /home/jakub/.local/lib/python3.8/site-packages/setuptools/_distutils/cmd.py:66: SetuptoolsDeprecationWarning: setup.py install is deprecated.
[0.687s] !!
[0.687s] 
[0.687s]         ********************************************************************************
[0.687s]         Please avoid running ``setup.py`` directly.
[0.687s]         Instead, use pypa/build, pypa/installer or other
[0.687s]         standards-based tools.
[0.687s] 
[0.688s]         See https://blog.ganssle.io/articles/2021/10/setup-py-deprecated.html for details.
[0.688s]         ********************************************************************************
[0.688s] 
[0.688s] !!
[0.688s]   self.initialize_options()
[0.801s] Invoked command in '/home/jakub/sese_ws/build/sese' returned '0': PYTHONPATH=/home/jakub/sese_ws/build/sese/prefix_override:/home/jakub/sese_ws/install/sese/lib/python3.8/site-packages:${PYTHONPATH} /usr/bin/python3 setup.py develop --uninstall --editable --build-directory /home/jakub/sese_ws/build/sese/build
[0.802s] Invoking command in '/home/jakub/sese_ws/src/sese': PYTHONPATH=/home/jakub/sese_ws/build/sese/prefix_override:/home/jakub/sese_ws/install/sese/lib/python3.8/site-packages:${PYTHONPATH} /usr/bin/python3 setup.py egg_info --egg-base ../../build/sese build --build-base /home/jakub/sese_ws/build/sese/build install --record /home/jakub/sese_ws/build/sese/install.log --install-scripts $base/lib/sese --single-version-externally-managed
[0.874s] /home/jakub/.local/lib/python3.8/site-packages/setuptools/dist.py:744: SetuptoolsDeprecationWarning: Invalid dash-separated options
[0.874s] !!
[0.874s] 
[0.874s]         ********************************************************************************
[0.874s]         Usage of dash-separated 'script-dir' will not be supported in future
[0.874s]         versions. Please use the underscore name 'script_dir' instead.
[0.874s] 
[0.874s]         By 2023-Sep-26, you need to update your project and remove deprecated calls
[0.874s]         or your builds will no longer be supported.
[0.874s] 
[0.874s]         See https://setuptools.pypa.io/en/latest/userguide/declarative_config.html for details.
[0.874s]         ********************************************************************************
[0.874s] 
[0.875s] !!
[0.875s]   opt = self.warn_dash_deprecation(opt, section)
[0.931s] running egg_info
[0.940s] writing ../../build/sese/sese.egg-info/PKG-INFO
[0.940s] writing dependency_links to ../../build/sese/sese.egg-info/dependency_links.txt
[0.940s] writing entry points to ../../build/sese/sese.egg-info/entry_points.txt
[0.940s] writing requirements to ../../build/sese/sese.egg-info/requires.txt
[0.940s] writing top-level names to ../../build/sese/sese.egg-info/top_level.txt
[1.017s] reading manifest file '../../build/sese/sese.egg-info/SOURCES.txt'
[1.018s] writing manifest file '../../build/sese/sese.egg-info/SOURCES.txt'
[1.018s] running build
[1.018s] running build_py
[1.018s] running install
[1.018s] /home/jakub/.local/lib/python3.8/site-packages/setuptools/_distutils/cmd.py:66: SetuptoolsDeprecationWarning: setup.py install is deprecated.
[1.018s] !!
[1.018s] 
[1.018s]         ********************************************************************************
[1.018s]         Please avoid running ``setup.py`` directly.
[1.019s]         Instead, use pypa/build, pypa/installer or other
[1.019s]         standards-based tools.
[1.019s] 
[1.019s]         See https://blog.ganssle.io/articles/2021/10/setup-py-deprecated.html for details.
[1.019s]         ********************************************************************************
[1.019s] 
[1.019s] !!
[1.019s]   self.initialize_options()
[1.022s] running install_lib
[1.031s] byte-compiling /home/jakub/sese_ws/install/sese/lib/python3.8/site-packages/sese/image_display.py to image_display.cpython-38.pyc
[1.032s]   File "/home/jakub/sese_ws/install/sese/lib/python3.8/site-packages/sese/image_display.py", line 20
[1.032s]     detection_subscriber = self.create_subscription(ObjectHypothesisWithPose, topic='/asv_vision/front_cam/detections', self.callback, 10)
[1.032s]                                                                                                                         ^
[1.032s] SyntaxError: positional argument follows keyword argument
[1.032s] 
[1.032s] running install_data
[1.041s] copying launch/launch_sim.launch.py -> /home/jakub/sese_ws/install/sese/share/sese/launch
[1.041s] running install_egg_info
[1.050s] removing '/home/jakub/sese_ws/install/sese/lib/python3.8/site-packages/sese-0.0.0-py3.8.egg-info' (and everything under it)
[1.050s] Copying ../../build/sese/sese.egg-info to /home/jakub/sese_ws/install/sese/lib/python3.8/site-packages/sese-0.0.0-py3.8.egg-info
[1.051s] running install_scripts
[1.079s] Installing scan_publisher script to /home/jakub/sese_ws/install/sese/lib/sese
[1.079s] writing list of installed files to '/home/jakub/sese_ws/build/sese/install.log'
[1.094s] Invoked command in '/home/jakub/sese_ws/src/sese' returned '0': PYTHONPATH=/home/jakub/sese_ws/build/sese/prefix_override:/home/jakub/sese_ws/install/sese/lib/python3.8/site-packages:${PYTHONPATH} /usr/bin/python3 setup.py egg_info --egg-base ../../build/sese build --build-base /home/jakub/sese_ws/build/sese/build install --record /home/jakub/sese_ws/build/sese/install.log --install-scripts $base/lib/sese --single-version-externally-managed
