[0.614s] Invoking command in '/home/jakub/sese_ws/build/sese': PYTHONPATH=/home/jakub/sese_ws/build/sese/prefix_override:/home/jakub/sese_ws/install/sese/lib/python3.8/site-packages:${PYTHONPATH} /usr/bin/python3 setup.py develop --editable --build-directory /home/jakub/sese_ws/build/sese/build --no-deps install_data
[0.689s] /home/jakub/.local/lib/python3.8/site-packages/setuptools/dist.py:755: SetuptoolsDeprecationWarning: Invalid dash-separated options
[0.689s] !!
[0.689s] 
[0.689s]         ********************************************************************************
[0.690s]         Usage of dash-separated 'script-dir' will not be supported in future
[0.690s]         versions. Please use the underscore name 'script_dir' instead.
[0.690s] 
[0.690s]         By 2023-Sep-26, you need to update your project and remove deprecated calls
[0.690s]         or your builds will no longer be supported.
[0.690s] 
[0.690s]         See https://setuptools.pypa.io/en/latest/userguide/declarative_config.html for details.
[0.690s]         ********************************************************************************
[0.690s] 
[0.690s] !!
[0.690s]   opt = self.warn_dash_deprecation(opt, section)
[0.803s] running develop
[0.803s] /home/jakub/.local/lib/python3.8/site-packages/setuptools/command/develop.py:40: EasyInstallDeprecationWarning: easy_install command is deprecated.
[0.803s] !!
[0.803s] 
[0.803s]         ********************************************************************************
[0.804s]         Please avoid running ``setup.py`` and ``easy_install``.
[0.804s]         Instead, use pypa/build, pypa/installer, pypa/build or
[0.804s]         other standards-based tools.
[0.804s] 
[0.804s]         See https://github.com/pypa/setuptools/issues/917 for details.
[0.804s]         ********************************************************************************
[0.804s] 
[0.804s] !!
[0.804s]   easy_install.initialize_options(self)
[0.822s] /home/jakub/.local/lib/python3.8/site-packages/setuptools/_distutils/cmd.py:66: SetuptoolsDeprecationWarning: setup.py install is deprecated.
[0.822s] !!
[0.822s] 
[0.822s]         ********************************************************************************
[0.822s]         Please avoid running ``setup.py`` directly.
[0.822s]         Instead, use pypa/build, pypa/installer, pypa/build or
[0.822s]         other standards-based tools.
[0.822s] 
[0.822s]         See https://blog.ganssle.io/articles/2021/10/setup-py-deprecated.html for details.
[0.822s]         ********************************************************************************
[0.822s] 
[0.822s] !!
[0.822s]   self.initialize_options()
[0.918s] running egg_info
[0.927s] writing sese.egg-info/PKG-INFO
[0.927s] writing dependency_links to sese.egg-info/dependency_links.txt
[0.927s] writing entry points to sese.egg-info/entry_points.txt
[0.928s] writing requirements to sese.egg-info/requires.txt
[0.928s] writing top-level names to sese.egg-info/top_level.txt
[0.946s] reading manifest file 'sese.egg-info/SOURCES.txt'
[0.947s] writing manifest file 'sese.egg-info/SOURCES.txt'
[0.983s] running build_ext
[0.983s] Creating /home/jakub/sese_ws/install/sese/lib/python3.8/site-packages/sese.egg-link (link to .)
[0.983s] Installing scan_publisher script to /home/jakub/sese_ws/install/sese/lib/sese
[0.984s] 
[0.984s] Installed /home/jakub/sese_ws/build/sese
[0.984s] running install_data
[0.984s] copying launch/launch_sim.launch.py -> /home/jakub/sese_ws/install/sese/share/sese/launch
[1.012s] Invoked command in '/home/jakub/sese_ws/build/sese' returned '0': PYTHONPATH=/home/jakub/sese_ws/build/sese/prefix_override:/home/jakub/sese_ws/install/sese/lib/python3.8/site-packages:${PYTHONPATH} /usr/bin/python3 setup.py develop --editable --build-directory /home/jakub/sese_ws/build/sese/build --no-deps install_data
