[0.491s] Invoking command in '/home/jakub/sese_ws/build/sese': PYTHONPATH=/home/jakub/sese_ws/build/sese/prefix_override:/home/jakub/sese_ws/install/sese/lib/python3.8/site-packages:${PYTHONPATH} /usr/bin/python3 setup.py develop --uninstall --editable --build-directory /home/jakub/sese_ws/build/sese/build
[0.567s] /home/jakub/.local/lib/python3.8/site-packages/setuptools/dist.py:744: SetuptoolsDeprecationWarning: Invalid dash-separated options
[0.567s] !!
[0.568s] 
[0.568s]         ********************************************************************************
[0.568s]         Usage of dash-separated 'script-dir' will not be supported in future
[0.568s]         versions. Please use the underscore name 'script_dir' instead.
[0.568s] 
[0.568s]         By 2023-Sep-26, you need to update your project and remove deprecated calls
[0.568s]         or your builds will no longer be supported.
[0.568s] 
[0.568s]         See https://setuptools.pypa.io/en/latest/userguide/declarative_config.html for details.
[0.568s]         ********************************************************************************
[0.568s] 
[0.568s] !!
[0.568s]   opt = self.warn_dash_deprecation(opt, section)
[0.675s] running develop
[0.675s] /home/jakub/.local/lib/python3.8/site-packages/setuptools/command/develop.py:40: EasyInstallDeprecationWarning: easy_install command is deprecated.
[0.675s] !!
[0.675s] 
[0.675s]         ********************************************************************************
[0.676s]         Please avoid running ``setup.py`` and ``easy_install``.
[0.676s]         Instead, use pypa/build, pypa/installer or other
[0.676s]         standards-based tools.
[0.676s] 
[0.676s]         See https://github.com/pypa/setuptools/issues/917 for details.
[0.676s]         ********************************************************************************
[0.676s] 
[0.676s] !!
[0.676s]   easy_install.initialize_options(self)
[0.694s] /home/jakub/.local/lib/python3.8/site-packages/setuptools/_distutils/cmd.py:66: SetuptoolsDeprecationWarning: setup.py install is deprecated.
[0.694s] !!
[0.694s] 
[0.694s]         ********************************************************************************
[0.695s]         Please avoid running ``setup.py`` directly.
[0.695s]         Instead, use pypa/build, pypa/installer or other
[0.695s]         standards-based tools.
[0.695s] 
[0.695s]         See https://blog.ganssle.io/articles/2021/10/setup-py-deprecated.html for details.
[0.695s]         ********************************************************************************
[0.695s] 
[0.695s] !!
[0.695s]   self.initialize_options()
[0.811s] Invoked command in '/home/jakub/sese_ws/build/sese' returned '0': PYTHONPATH=/home/jakub/sese_ws/build/sese/prefix_override:/home/jakub/sese_ws/install/sese/lib/python3.8/site-packages:${PYTHONPATH} /usr/bin/python3 setup.py develop --uninstall --editable --build-directory /home/jakub/sese_ws/build/sese/build
[0.812s] Invoking command in '/home/jakub/sese_ws/src/sese': PYTHONPATH=/home/jakub/sese_ws/build/sese/prefix_override:/home/jakub/sese_ws/install/sese/lib/python3.8/site-packages:${PYTHONPATH} /usr/bin/python3 setup.py egg_info --egg-base ../../build/sese build --build-base /home/jakub/sese_ws/build/sese/build install --record /home/jakub/sese_ws/build/sese/install.log --install-scripts $base/lib/sese --single-version-externally-managed
[0.887s] /home/jakub/.local/lib/python3.8/site-packages/setuptools/dist.py:744: SetuptoolsDeprecationWarning: Invalid dash-separated options
[0.887s] !!
[0.887s] 
[0.887s]         ********************************************************************************
[0.887s]         Usage of dash-separated 'script-dir' will not be supported in future
[0.887s]         versions. Please use the underscore name 'script_dir' instead.
[0.887s] 
[0.887s]         By 2023-Sep-26, you need to update your project and remove deprecated calls
[0.887s]         or your builds will no longer be supported.
[0.887s] 
[0.887s]         See https://setuptools.pypa.io/en/latest/userguide/declarative_config.html for details.
[0.887s]         ********************************************************************************
[0.887s] 
[0.887s] !!
[0.887s]   opt = self.warn_dash_deprecation(opt, section)
[0.946s] running egg_info
[0.955s] writing ../../build/sese/sese.egg-info/PKG-INFO
[0.955s] writing dependency_links to ../../build/sese/sese.egg-info/dependency_links.txt
[0.955s] writing entry points to ../../build/sese/sese.egg-info/entry_points.txt
[0.955s] writing requirements to ../../build/sese/sese.egg-info/requires.txt
[0.955s] writing top-level names to ../../build/sese/sese.egg-info/top_level.txt
[1.034s] reading manifest file '../../build/sese/sese.egg-info/SOURCES.txt'
[1.035s] writing manifest file '../../build/sese/sese.egg-info/SOURCES.txt'
[1.035s] running build
[1.035s] running build_py
[1.036s] running install
[1.036s] /home/jakub/.local/lib/python3.8/site-packages/setuptools/_distutils/cmd.py:66: SetuptoolsDeprecationWarning: setup.py install is deprecated.
[1.036s] !!
[1.036s] 
[1.036s]         ********************************************************************************
[1.036s]         Please avoid running ``setup.py`` directly.
[1.036s]         Instead, use pypa/build, pypa/installer or other
[1.036s]         standards-based tools.
[1.036s] 
[1.036s]         See https://blog.ganssle.io/articles/2021/10/setup-py-deprecated.html for details.
[1.036s]         ********************************************************************************
[1.036s] 
[1.036s] !!
[1.036s]   self.initialize_options()
[1.039s] running install_lib
[1.049s] byte-compiling /home/jakub/sese_ws/install/sese/lib/python3.8/site-packages/sese/image_display.py to image_display.cpython-38.pyc
[1.049s]   File "/home/jakub/sese_ws/install/sese/lib/python3.8/site-packages/sese/image_display.py", line 20
[1.049s]     detection_subscriber = self.create_subscription(ObjectHypothesisWithPose, topic='/asv_vision/front_cam/detections', self.callback, 10)
[1.049s]                                                                                                                         ^
[1.049s] SyntaxError: positional argument follows keyword argument
[1.049s] 
[1.049s] running install_data
[1.058s] copying launch/launch_sim.launch.py -> /home/jakub/sese_ws/install/sese/share/sese/launch
[1.058s] running install_egg_info
[1.068s] removing '/home/jakub/sese_ws/install/sese/lib/python3.8/site-packages/sese-0.0.0-py3.8.egg-info' (and everything under it)
[1.068s] Copying ../../build/sese/sese.egg-info to /home/jakub/sese_ws/install/sese/lib/python3.8/site-packages/sese-0.0.0-py3.8.egg-info
[1.069s] running install_scripts
[1.097s] Installing scan_publisher script to /home/jakub/sese_ws/install/sese/lib/sese
[1.097s] writing list of installed files to '/home/jakub/sese_ws/build/sese/install.log'
[1.113s] Invoked command in '/home/jakub/sese_ws/src/sese' returned '0': PYTHONPATH=/home/jakub/sese_ws/build/sese/prefix_override:/home/jakub/sese_ws/install/sese/lib/python3.8/site-packages:${PYTHONPATH} /usr/bin/python3 setup.py egg_info --egg-base ../../build/sese build --build-base /home/jakub/sese_ws/build/sese/build install --record /home/jakub/sese_ws/build/sese/install.log --install-scripts $base/lib/sese --single-version-externally-managed
