[0.593s] Invoking command in '/home/jakub/sese_ws/build/sese': PYTHONPATH=/home/jakub/sese_ws/build/sese/prefix_override:/home/jakub/sese_ws/install/sese/lib/python3.8/site-packages:${PYTHONPATH} /usr/bin/python3 setup.py develop --uninstall --editable --build-directory /home/jakub/sese_ws/build/sese/build
[0.664s] /home/jakub/.local/lib/python3.8/site-packages/setuptools/dist.py:755: SetuptoolsDeprecationWarning: Invalid dash-separated options
[0.664s] !!
[0.664s] 
[0.664s]         ********************************************************************************
[0.664s]         Usage of dash-separated 'script-dir' will not be supported in future
[0.664s]         versions. Please use the underscore name 'script_dir' instead.
[0.664s] 
[0.664s]         By 2023-Sep-26, you need to update your project and remove deprecated calls
[0.664s]         or your builds will no longer be supported.
[0.664s] 
[0.664s]         See https://setuptools.pypa.io/en/latest/userguide/declarative_config.html for details.
[0.664s]         ********************************************************************************
[0.664s] 
[0.664s] !!
[0.664s]   opt = self.warn_dash_deprecation(opt, section)
[0.770s] running develop
[0.770s] /home/jakub/.local/lib/python3.8/site-packages/setuptools/command/develop.py:40: EasyInstallDeprecationWarning: easy_install command is deprecated.
[0.770s] !!
[0.770s] 
[0.770s]         ********************************************************************************
[0.770s]         Please avoid running ``setup.py`` and ``easy_install``.
[0.770s]         Instead, use pypa/build, pypa/installer, pypa/build or
[0.770s]         other standards-based tools.
[0.770s] 
[0.770s]         See https://github.com/pypa/setuptools/issues/917 for details.
[0.770s]         ********************************************************************************
[0.770s] 
[0.770s] !!
[0.770s]   easy_install.initialize_options(self)
[0.788s] /home/jakub/.local/lib/python3.8/site-packages/setuptools/_distutils/cmd.py:66: SetuptoolsDeprecationWarning: setup.py install is deprecated.
[0.788s] !!
[0.788s] 
[0.788s]         ********************************************************************************
[0.788s]         Please avoid running ``setup.py`` directly.
[0.788s]         Instead, use pypa/build, pypa/installer, pypa/build or
[0.788s]         other standards-based tools.
[0.789s] 
[0.789s]         See https://blog.ganssle.io/articles/2021/10/setup-py-deprecated.html for details.
[0.789s]         ********************************************************************************
[0.789s] 
[0.789s] !!
[0.789s]   self.initialize_options()
[0.902s] Invoked command in '/home/jakub/sese_ws/build/sese' returned '0': PYTHONPATH=/home/jakub/sese_ws/build/sese/prefix_override:/home/jakub/sese_ws/install/sese/lib/python3.8/site-packages:${PYTHONPATH} /usr/bin/python3 setup.py develop --uninstall --editable --build-directory /home/jakub/sese_ws/build/sese/build
[0.903s] Invoking command in '/home/jakub/sese_ws/src/sese': PYTHONPATH=/home/jakub/sese_ws/build/sese/prefix_override:/home/jakub/sese_ws/install/sese/lib/python3.8/site-packages:${PYTHONPATH} /usr/bin/python3 setup.py egg_info --egg-base ../../build/sese build --build-base /home/jakub/sese_ws/build/sese/build install --record /home/jakub/sese_ws/build/sese/install.log --install-scripts $base/lib/sese --single-version-externally-managed
[0.972s] /home/jakub/.local/lib/python3.8/site-packages/setuptools/dist.py:755: SetuptoolsDeprecationWarning: Invalid dash-separated options
[0.972s] !!
[0.972s] 
[0.972s]         ********************************************************************************
[0.972s]         Usage of dash-separated 'script-dir' will not be supported in future
[0.972s]         versions. Please use the underscore name 'script_dir' instead.
[0.972s] 
[0.972s]         By 2023-Sep-26, you need to update your project and remove deprecated calls
[0.973s]         or your builds will no longer be supported.
[0.973s] 
[0.973s]         See https://setuptools.pypa.io/en/latest/userguide/declarative_config.html for details.
[0.973s]         ********************************************************************************
[0.973s] 
[0.973s] !!
[0.973s]   opt = self.warn_dash_deprecation(opt, section)
[1.029s] running egg_info
[1.039s] writing ../../build/sese/sese.egg-info/PKG-INFO
[1.039s] writing dependency_links to ../../build/sese/sese.egg-info/dependency_links.txt
[1.039s] writing entry points to ../../build/sese/sese.egg-info/entry_points.txt
[1.039s] writing requirements to ../../build/sese/sese.egg-info/requires.txt
[1.039s] writing top-level names to ../../build/sese/sese.egg-info/top_level.txt
[1.115s] reading manifest file '../../build/sese/sese.egg-info/SOURCES.txt'
[1.116s] writing manifest file '../../build/sese/sese.egg-info/SOURCES.txt'
[1.116s] running build
[1.116s] running build_py
[1.116s] running install
[1.116s] /home/jakub/.local/lib/python3.8/site-packages/setuptools/_distutils/cmd.py:66: SetuptoolsDeprecationWarning: setup.py install is deprecated.
[1.116s] !!
[1.116s] 
[1.116s]         ********************************************************************************
[1.116s]         Please avoid running ``setup.py`` directly.
[1.116s]         Instead, use pypa/build, pypa/installer, pypa/build or
[1.116s]         other standards-based tools.
[1.116s] 
[1.116s]         See https://blog.ganssle.io/articles/2021/10/setup-py-deprecated.html for details.
[1.116s]         ********************************************************************************
[1.116s] 
[1.117s] !!
[1.117s]   self.initialize_options()
[1.119s] running install_lib
[1.129s] byte-compiling /home/jakub/sese_ws/install/sese/lib/python3.8/site-packages/sese/image_display.py to image_display.cpython-38.pyc
[1.129s] running install_data
[1.129s]   File "/home/jakub/sese_ws/install/sese/lib/python3.8/site-packages/sese/image_display.py", line 20
[1.129s]     detection_subscriber = self.create_subscription(ObjectHypothesisWithPose, topic='/asv_vision/front_cam/detections', self.callback, 10)
[1.129s]                                                                                                                         ^
[1.129s] SyntaxError: positional argument follows keyword argument
[1.129s] 
[1.138s] running install_egg_info
[1.148s] removing '/home/jakub/sese_ws/install/sese/lib/python3.8/site-packages/sese-0.0.0-py3.8.egg-info' (and everything under it)
[1.148s] Copying ../../build/sese/sese.egg-info to /home/jakub/sese_ws/install/sese/lib/python3.8/site-packages/sese-0.0.0-py3.8.egg-info
[1.148s] running install_scripts
[1.184s] Installing scan_publisher script to /home/jakub/sese_ws/install/sese/lib/sese
[1.185s] writing list of installed files to '/home/jakub/sese_ws/build/sese/install.log'
[1.200s] Invoked command in '/home/jakub/sese_ws/src/sese' returned '0': PYTHONPATH=/home/jakub/sese_ws/build/sese/prefix_override:/home/jakub/sese_ws/install/sese/lib/python3.8/site-packages:${PYTHONPATH} /usr/bin/python3 setup.py egg_info --egg-base ../../build/sese build --build-base /home/jakub/sese_ws/build/sese/build install --record /home/jakub/sese_ws/build/sese/install.log --install-scripts $base/lib/sese --single-version-externally-managed
