[0.438s] Invoking command in '/home/jakub/sese_ws/build/sese': PYTHONPATH=/home/jakub/sese_ws/build/sese/prefix_override:/home/jakub/sese_ws/install/sese/lib/python3.8/site-packages:${PYTHONPATH} /usr/bin/python3 setup.py develop --uninstall --editable --build-directory /home/jakub/sese_ws/build/sese/build
[0.505s] /home/jakub/.local/lib/python3.8/site-packages/setuptools/dist.py:755: SetuptoolsDeprecationWarning: Invalid dash-separated options
[0.505s] !!
[0.505s] 
[0.505s]         ********************************************************************************
[0.505s]         Usage of dash-separated 'script-dir' will not be supported in future
[0.505s]         versions. Please use the underscore name 'script_dir' instead.
[0.505s] 
[0.505s]         By 2023-Sep-26, you need to update your project and remove deprecated calls
[0.505s]         or your builds will no longer be supported.
[0.505s] 
[0.505s]         See https://setuptools.pypa.io/en/latest/userguide/declarative_config.html for details.
[0.505s]         ********************************************************************************
[0.505s] 
[0.505s] !!
[0.505s]   opt = self.warn_dash_deprecation(opt, section)
[0.600s] running develop
[0.600s] /home/jakub/.local/lib/python3.8/site-packages/setuptools/command/develop.py:40: EasyInstallDeprecationWarning: easy_install command is deprecated.
[0.600s] !!
[0.600s] 
[0.600s]         ********************************************************************************
[0.600s]         Please avoid running ``setup.py`` and ``easy_install``.
[0.600s]         Instead, use pypa/build, pypa/installer, pypa/build or
[0.600s]         other standards-based tools.
[0.600s] 
[0.600s]         See https://github.com/pypa/setuptools/issues/917 for details.
[0.600s]         ********************************************************************************
[0.600s] 
[0.600s] !!
[0.600s]   easy_install.initialize_options(self)
[0.617s] /home/jakub/.local/lib/python3.8/site-packages/setuptools/_distutils/cmd.py:66: SetuptoolsDeprecationWarning: setup.py install is deprecated.
[0.617s] !!
[0.617s] 
[0.617s]         ********************************************************************************
[0.617s]         Please avoid running ``setup.py`` directly.
[0.617s]         Instead, use pypa/build, pypa/installer, pypa/build or
[0.617s]         other standards-based tools.
[0.617s] 
[0.617s]         See https://blog.ganssle.io/articles/2021/10/setup-py-deprecated.html for details.
[0.617s]         ********************************************************************************
[0.617s] 
[0.617s] !!
[0.617s]   self.initialize_options()
[0.706s] Removing /home/jakub/sese_ws/install/sese/lib/python3.8/site-packages/sese.egg-link (link to .)
[0.722s] Invoked command in '/home/jakub/sese_ws/build/sese' returned '0': PYTHONPATH=/home/jakub/sese_ws/build/sese/prefix_override:/home/jakub/sese_ws/install/sese/lib/python3.8/site-packages:${PYTHONPATH} /usr/bin/python3 setup.py develop --uninstall --editable --build-directory /home/jakub/sese_ws/build/sese/build
[0.722s] Invoking command in '/home/jakub/sese_ws/src/sese': PYTHONPATH=/home/jakub/sese_ws/build/sese/prefix_override:/home/jakub/sese_ws/install/sese/lib/python3.8/site-packages:${PYTHONPATH} /usr/bin/python3 setup.py egg_info --egg-base ../../build/sese build --build-base /home/jakub/sese_ws/build/sese/build install --record /home/jakub/sese_ws/build/sese/install.log --install-scripts $base/lib/sese --single-version-externally-managed
[0.790s] /home/jakub/.local/lib/python3.8/site-packages/setuptools/dist.py:755: SetuptoolsDeprecationWarning: Invalid dash-separated options
[0.790s] !!
[0.790s] 
[0.790s]         ********************************************************************************
[0.790s]         Usage of dash-separated 'script-dir' will not be supported in future
[0.790s]         versions. Please use the underscore name 'script_dir' instead.
[0.790s] 
[0.790s]         By 2023-Sep-26, you need to update your project and remove deprecated calls
[0.790s]         or your builds will no longer be supported.
[0.790s] 
[0.790s]         See https://setuptools.pypa.io/en/latest/userguide/declarative_config.html for details.
[0.790s]         ********************************************************************************
[0.790s] 
[0.790s] !!
[0.790s]   opt = self.warn_dash_deprecation(opt, section)
[0.841s] running egg_info
[0.850s] writing ../../build/sese/sese.egg-info/PKG-INFO
[0.850s] writing dependency_links to ../../build/sese/sese.egg-info/dependency_links.txt
[0.850s] writing entry points to ../../build/sese/sese.egg-info/entry_points.txt
[0.850s] writing requirements to ../../build/sese/sese.egg-info/requires.txt
[0.850s] writing top-level names to ../../build/sese/sese.egg-info/top_level.txt
[0.919s] reading manifest file '../../build/sese/sese.egg-info/SOURCES.txt'
[0.920s] writing manifest file '../../build/sese/sese.egg-info/SOURCES.txt'
[0.920s] running build
[0.920s] running build_py
[0.920s] running install
[0.920s] /home/jakub/.local/lib/python3.8/site-packages/setuptools/_distutils/cmd.py:66: SetuptoolsDeprecationWarning: setup.py install is deprecated.
[0.920s] !!
[0.920s] 
[0.920s]         ********************************************************************************
[0.920s]         Please avoid running ``setup.py`` directly.
[0.920s]         Instead, use pypa/build, pypa/installer, pypa/build or
[0.920s]         other standards-based tools.
[0.920s] 
[0.920s]         See https://blog.ganssle.io/articles/2021/10/setup-py-deprecated.html for details.
[0.920s]         ********************************************************************************
[0.920s] 
[0.920s] !!
[0.921s]   self.initialize_options()
[0.923s] running install_lib
[0.932s] creating /home/jakub/sese_ws/install/sese/lib/python3.8/site-packages/sese
[0.932s] copying /home/jakub/sese_ws/build/sese/build/lib/sese/__init__.py -> /home/jakub/sese_ws/install/sese/lib/python3.8/site-packages/sese
[0.932s] copying /home/jakub/sese_ws/build/sese/build/lib/sese/detect_front.py -> /home/jakub/sese_ws/install/sese/lib/python3.8/site-packages/sese
[0.932s] copying /home/jakub/sese_ws/build/sese/build/lib/sese/image_display.py -> /home/jakub/sese_ws/install/sese/lib/python3.8/site-packages/sese
[0.932s] copying /home/jakub/sese_ws/build/sese/build/lib/sese/labels.py -> /home/jakub/sese_ws/install/sese/lib/python3.8/site-packages/sese
[0.932s] copying /home/jakub/sese_ws/build/sese/build/lib/sese/scan_publisher.py -> /home/jakub/sese_ws/install/sese/lib/python3.8/site-packages/sese
[0.932s] copying /home/jakub/sese_ws/build/sese/build/lib/sese/ros2_detect_front.py -> /home/jakub/sese_ws/install/sese/lib/python3.8/site-packages/sese
[0.932s] copying /home/jakub/sese_ws/build/sese/build/lib/sese/point_to_laserscan_test.py -> /home/jakub/sese_ws/install/sese/lib/python3.8/site-packages/sese
[0.932s] byte-compiling /home/jakub/sese_ws/install/sese/lib/python3.8/site-packages/sese/__init__.py to __init__.cpython-38.pyc
[0.932s] byte-compiling /home/jakub/sese_ws/install/sese/lib/python3.8/site-packages/sese/detect_front.py to detect_front.cpython-38.pyc
[0.933s] byte-compiling /home/jakub/sese_ws/install/sese/lib/python3.8/site-packages/sese/image_display.py to image_display.cpython-38.pyc
[0.933s] byte-compiling /home/jakub/sese_ws/install/sese/lib/python3.8/site-packages/sese/labels.py to labels.cpython-38.pyc
[0.933s]   File "/home/jakub/sese_ws/install/sese/lib/python3.8/site-packages/sese/image_display.py", line 20
[0.933s]     detection_subscriber = self.create_subscription(ObjectHypothesisWithPose, topic='/asv_vision/front_cam/detections', self.callback, 10)
[0.933s]                                                                                                                         ^
[0.933s] SyntaxError: positional argument follows keyword argument
[0.934s] 
[0.934s] byte-compiling /home/jakub/sese_ws/install/sese/lib/python3.8/site-packages/sese/scan_publisher.py to scan_publisher.cpython-38.pyc
[0.934s] byte-compiling /home/jakub/sese_ws/install/sese/lib/python3.8/site-packages/sese/ros2_detect_front.py to ros2_detect_front.cpython-38.pyc
[0.935s] byte-compiling /home/jakub/sese_ws/install/sese/lib/python3.8/site-packages/sese/point_to_laserscan_test.py to point_to_laserscan_test.cpython-38.pyc
[0.935s] running install_data
[0.943s] running install_egg_info
[0.952s] Copying ../../build/sese/sese.egg-info to /home/jakub/sese_ws/install/sese/lib/python3.8/site-packages/sese-0.0.0-py3.8.egg-info
[0.952s] running install_scripts
[0.986s] Installing scan_publisher script to /home/jakub/sese_ws/install/sese/lib/sese
[0.986s] writing list of installed files to '/home/jakub/sese_ws/build/sese/install.log'
[1.001s] Invoked command in '/home/jakub/sese_ws/src/sese' returned '0': PYTHONPATH=/home/jakub/sese_ws/build/sese/prefix_override:/home/jakub/sese_ws/install/sese/lib/python3.8/site-packages:${PYTHONPATH} /usr/bin/python3 setup.py egg_info --egg-base ../../build/sese build --build-base /home/jakub/sese_ws/build/sese/build install --record /home/jakub/sese_ws/build/sese/install.log --install-scripts $base/lib/sese --single-version-externally-managed
