[0.430s] Invoking command in '/home/jakub/sese_ws/build/sese': PYTHONPATH=/home/jakub/sese_ws/build/sese/prefix_override:/home/jakub/sese_ws/install/sese/lib/python3.8/site-packages:${PYTHONPATH} /usr/bin/python3 setup.py develop --uninstall --editable --build-directory /home/jakub/sese_ws/build/sese/build
[0.500s] /home/jakub/.local/lib/python3.8/site-packages/setuptools/dist.py:755: SetuptoolsDeprecationWarning: Invalid dash-separated options
[0.500s] !!
[0.500s] 
[0.500s]         ********************************************************************************
[0.500s]         Usage of dash-separated 'script-dir' will not be supported in future
[0.500s]         versions. Please use the underscore name 'script_dir' instead.
[0.500s] 
[0.501s]         By 2023-Sep-26, you need to update your project and remove deprecated calls
[0.501s]         or your builds will no longer be supported.
[0.501s] 
[0.501s]         See https://setuptools.pypa.io/en/latest/userguide/declarative_config.html for details.
[0.501s]         ********************************************************************************
[0.501s] 
[0.501s] !!
[0.501s]   opt = self.warn_dash_deprecation(opt, section)
[0.606s] running develop
[0.606s] /home/jakub/.local/lib/python3.8/site-packages/setuptools/command/develop.py:40: EasyInstallDeprecationWarning: easy_install command is deprecated.
[0.606s] !!
[0.606s] 
[0.606s]         ********************************************************************************
[0.606s]         Please avoid running ``setup.py`` and ``easy_install``.
[0.606s]         Instead, use pypa/build, pypa/installer, pypa/build or
[0.606s]         other standards-based tools.
[0.606s] 
[0.606s]         See https://github.com/pypa/setuptools/issues/917 for details.
[0.606s]         ********************************************************************************
[0.606s] 
[0.606s] !!
[0.606s]   easy_install.initialize_options(self)
[0.624s] /home/jakub/.local/lib/python3.8/site-packages/setuptools/_distutils/cmd.py:66: SetuptoolsDeprecationWarning: setup.py install is deprecated.
[0.624s] !!
[0.624s] 
[0.624s]         ********************************************************************************
[0.624s]         Please avoid running ``setup.py`` directly.
[0.624s]         Instead, use pypa/build, pypa/installer, pypa/build or
[0.624s]         other standards-based tools.
[0.624s] 
[0.624s]         See https://blog.ganssle.io/articles/2021/10/setup-py-deprecated.html for details.
[0.624s]         ********************************************************************************
[0.624s] 
[0.624s] !!
[0.624s]   self.initialize_options()
[0.734s] Invoked command in '/home/jakub/sese_ws/build/sese' returned '0': PYTHONPATH=/home/jakub/sese_ws/build/sese/prefix_override:/home/jakub/sese_ws/install/sese/lib/python3.8/site-packages:${PYTHONPATH} /usr/bin/python3 setup.py develop --uninstall --editable --build-directory /home/jakub/sese_ws/build/sese/build
[0.734s] Invoking command in '/home/jakub/sese_ws/src/sese': PYTHONPATH=/home/jakub/sese_ws/build/sese/prefix_override:/home/jakub/sese_ws/install/sese/lib/python3.8/site-packages:${PYTHONPATH} /usr/bin/python3 setup.py egg_info --egg-base ../../build/sese build --build-base /home/jakub/sese_ws/build/sese/build install --record /home/jakub/sese_ws/build/sese/install.log --install-scripts $base/lib/sese --single-version-externally-managed
[0.799s] /home/jakub/.local/lib/python3.8/site-packages/setuptools/dist.py:755: SetuptoolsDeprecationWarning: Invalid dash-separated options
[0.799s] !!
[0.799s] 
[0.799s]         ********************************************************************************
[0.799s]         Usage of dash-separated 'script-dir' will not be supported in future
[0.799s]         versions. Please use the underscore name 'script_dir' instead.
[0.800s] 
[0.800s]         By 2023-Sep-26, you need to update your project and remove deprecated calls
[0.800s]         or your builds will no longer be supported.
[0.800s] 
[0.800s]         See https://setuptools.pypa.io/en/latest/userguide/declarative_config.html for details.
[0.800s]         ********************************************************************************
[0.800s] 
[0.800s] !!
[0.800s]   opt = self.warn_dash_deprecation(opt, section)
[0.852s] running egg_info
[0.860s] writing ../../build/sese/sese.egg-info/PKG-INFO
[0.860s] writing dependency_links to ../../build/sese/sese.egg-info/dependency_links.txt
[0.860s] writing entry points to ../../build/sese/sese.egg-info/entry_points.txt
[0.860s] writing requirements to ../../build/sese/sese.egg-info/requires.txt
[0.860s] writing top-level names to ../../build/sese/sese.egg-info/top_level.txt
[0.929s] reading manifest file '../../build/sese/sese.egg-info/SOURCES.txt'
[0.929s] writing manifest file '../../build/sese/sese.egg-info/SOURCES.txt'
[0.929s] running build
[0.929s] running build_py
[0.929s] copying sese/detect_front.py -> /home/jakub/sese_ws/build/sese/build/lib/sese
[0.929s] copying sese/image_display.py -> /home/jakub/sese_ws/build/sese/build/lib/sese
[0.929s] copying sese/labels.py -> /home/jakub/sese_ws/build/sese/build/lib/sese
[0.929s] copying sese/scan_publisher.py -> /home/jakub/sese_ws/build/sese/build/lib/sese
[0.929s] copying sese/ros2_detect_front.py -> /home/jakub/sese_ws/build/sese/build/lib/sese
[0.930s] copying sese/point_to_laserscan_test.py -> /home/jakub/sese_ws/build/sese/build/lib/sese
[0.930s] running install
[0.930s] /home/jakub/.local/lib/python3.8/site-packages/setuptools/_distutils/cmd.py:66: SetuptoolsDeprecationWarning: setup.py install is deprecated.
[0.930s] !!
[0.930s] 
[0.930s]         ********************************************************************************
[0.930s]         Please avoid running ``setup.py`` directly.
[0.930s]         Instead, use pypa/build, pypa/installer, pypa/build or
[0.930s]         other standards-based tools.
[0.930s] 
[0.930s]         See https://blog.ganssle.io/articles/2021/10/setup-py-deprecated.html for details.
[0.930s]         ********************************************************************************
[0.930s] 
[0.930s] !!
[0.930s]   self.initialize_options()
[0.933s] running install_lib
[0.941s] copying /home/jakub/sese_ws/build/sese/build/lib/sese/detect_front.py -> /home/jakub/sese_ws/install/sese/lib/python3.8/site-packages/sese
[0.941s] copying /home/jakub/sese_ws/build/sese/build/lib/sese/image_display.py -> /home/jakub/sese_ws/install/sese/lib/python3.8/site-packages/sese
[0.941s] copying /home/jakub/sese_ws/build/sese/build/lib/sese/labels.py -> /home/jakub/sese_ws/install/sese/lib/python3.8/site-packages/sese
[0.941s] copying /home/jakub/sese_ws/build/sese/build/lib/sese/scan_publisher.py -> /home/jakub/sese_ws/install/sese/lib/python3.8/site-packages/sese
[0.941s] copying /home/jakub/sese_ws/build/sese/build/lib/sese/ros2_detect_front.py -> /home/jakub/sese_ws/install/sese/lib/python3.8/site-packages/sese
[0.941s] copying /home/jakub/sese_ws/build/sese/build/lib/sese/point_to_laserscan_test.py -> /home/jakub/sese_ws/install/sese/lib/python3.8/site-packages/sese
[0.941s] byte-compiling /home/jakub/sese_ws/install/sese/lib/python3.8/site-packages/sese/detect_front.py to detect_front.cpython-38.pyc
[0.942s] byte-compiling /home/jakub/sese_ws/install/sese/lib/python3.8/site-packages/sese/image_display.py to image_display.cpython-38.pyc
[0.943s] byte-compiling /home/jakub/sese_ws/install/sese/lib/python3.8/site-packages/sese/labels.py to labels.cpython-38.pyc
[0.943s]   File "/home/jakub/sese_ws/install/sese/lib/python3.8/site-packages/sese/image_display.py", line 20
[0.943s]     detection_subscriber = self.create_subscription(ObjectHypothesisWithPose, topic='/asv_vision/front_cam/detections', self.callback, 10)
[0.943s]                                                                                                                         ^
[0.943s] SyntaxError: positional argument follows keyword argument
[0.943s] 
[0.943s] byte-compiling /home/jakub/sese_ws/install/sese/lib/python3.8/site-packages/sese/scan_publisher.py to scan_publisher.cpython-38.pyc
[0.943s] byte-compiling /home/jakub/sese_ws/install/sese/lib/python3.8/site-packages/sese/ros2_detect_front.py to ros2_detect_front.cpython-38.pyc
[0.944s] byte-compiling /home/jakub/sese_ws/install/sese/lib/python3.8/site-packages/sese/point_to_laserscan_test.py to point_to_laserscan_test.cpython-38.pyc
[0.944s] running install_data
[0.952s] running install_egg_info
[0.961s] removing '/home/jakub/sese_ws/install/sese/lib/python3.8/site-packages/sese-0.0.0-py3.8.egg-info' (and everything under it)
[0.961s] Copying ../../build/sese/sese.egg-info to /home/jakub/sese_ws/install/sese/lib/python3.8/site-packages/sese-0.0.0-py3.8.egg-info
[0.961s] running install_scripts
[0.994s] Installing scan_publisher script to /home/jakub/sese_ws/install/sese/lib/sese
[0.994s] writing list of installed files to '/home/jakub/sese_ws/build/sese/install.log'
[1.008s] Invoked command in '/home/jakub/sese_ws/src/sese' returned '0': PYTHONPATH=/home/jakub/sese_ws/build/sese/prefix_override:/home/jakub/sese_ws/install/sese/lib/python3.8/site-packages:${PYTHONPATH} /usr/bin/python3 setup.py egg_info --egg-base ../../build/sese build --build-base /home/jakub/sese_ws/build/sese/build install --record /home/jakub/sese_ws/build/sese/install.log --install-scripts $base/lib/sese --single-version-externally-managed
