[0.587s] Invoking command in '/home/jakub/sese_ws/build/my_package': PYTHONPATH=/home/jakub/sese_ws/build/my_package/prefix_override:/home/jakub/sese_ws/install/my_package/lib/python3.8/site-packages:${PYTHONPATH} /usr/bin/python3 setup.py develop --uninstall --editable --build-directory /home/jakub/sese_ws/build/my_package/build
[0.660s] /home/jakub/.local/lib/python3.8/site-packages/setuptools/dist.py:755: SetuptoolsDeprecationWarning: Invalid dash-separated options
[0.660s] !!
[0.660s] 
[0.660s]         ********************************************************************************
[0.660s]         Usage of dash-separated 'script-dir' will not be supported in future
[0.660s]         versions. Please use the underscore name 'script_dir' instead.
[0.660s] 
[0.660s]         By 2023-Sep-26, you need to update your project and remove deprecated calls
[0.660s]         or your builds will no longer be supported.
[0.660s] 
[0.660s]         See https://setuptools.pypa.io/en/latest/userguide/declarative_config.html for details.
[0.660s]         ********************************************************************************
[0.660s] 
[0.660s] !!
[0.660s]   opt = self.warn_dash_deprecation(opt, section)
[0.758s] running develop
[0.760s] /home/jakub/.local/lib/python3.8/site-packages/setuptools/command/develop.py:40: EasyInstallDeprecationWarning: easy_install command is deprecated.
[0.760s] !!
[0.760s] 
[0.760s]         ********************************************************************************
[0.761s]         Please avoid running ``setup.py`` and ``easy_install``.
[0.761s]         Instead, use pypa/build, pypa/installer, pypa/build or
[0.761s]         other standards-based tools.
[0.761s] 
[0.761s]         See https://github.com/pypa/setuptools/issues/917 for details.
[0.761s]         ********************************************************************************
[0.761s] 
[0.761s] !!
[0.761s]   easy_install.initialize_options(self)
[0.778s] /home/jakub/.local/lib/python3.8/site-packages/setuptools/_distutils/cmd.py:66: SetuptoolsDeprecationWarning: setup.py install is deprecated.
[0.778s] !!
[0.778s] 
[0.778s]         ********************************************************************************
[0.778s]         Please avoid running ``setup.py`` directly.
[0.779s]         Instead, use pypa/build, pypa/installer, pypa/build or
[0.779s]         other standards-based tools.
[0.779s] 
[0.779s]         See https://blog.ganssle.io/articles/2021/10/setup-py-deprecated.html for details.
[0.779s]         ********************************************************************************
[0.779s] 
[0.779s] !!
[0.779s]   self.initialize_options()
[0.868s] Removing /home/jakub/sese_ws/install/my_package/lib/python3.8/site-packages/my-package.egg-link (link to .)
[0.887s] Invoked command in '/home/jakub/sese_ws/build/my_package' returned '0': PYTHONPATH=/home/jakub/sese_ws/build/my_package/prefix_override:/home/jakub/sese_ws/install/my_package/lib/python3.8/site-packages:${PYTHONPATH} /usr/bin/python3 setup.py develop --uninstall --editable --build-directory /home/jakub/sese_ws/build/my_package/build
[0.888s] Invoking command in '/home/jakub/sese_ws/src/my_package': PYTHONPATH=/home/jakub/sese_ws/build/my_package/prefix_override:/home/jakub/sese_ws/install/my_package/lib/python3.8/site-packages:${PYTHONPATH} /usr/bin/python3 setup.py egg_info --egg-base ../../build/my_package build --build-base /home/jakub/sese_ws/build/my_package/build install --record /home/jakub/sese_ws/build/my_package/install.log --install-scripts $base/lib/my_package --single-version-externally-managed
[0.958s] /home/jakub/.local/lib/python3.8/site-packages/setuptools/dist.py:755: SetuptoolsDeprecationWarning: Invalid dash-separated options
[0.958s] !!
[0.958s] 
[0.958s]         ********************************************************************************
[0.958s]         Usage of dash-separated 'script-dir' will not be supported in future
[0.958s]         versions. Please use the underscore name 'script_dir' instead.
[0.958s] 
[0.958s]         By 2023-Sep-26, you need to update your project and remove deprecated calls
[0.958s]         or your builds will no longer be supported.
[0.958s] 
[0.958s]         See https://setuptools.pypa.io/en/latest/userguide/declarative_config.html for details.
[0.958s]         ********************************************************************************
[0.959s] 
[0.959s] !!
[0.959s]   opt = self.warn_dash_deprecation(opt, section)
[1.011s] running egg_info
[1.020s] writing ../../build/my_package/my_package.egg-info/PKG-INFO
[1.020s] writing dependency_links to ../../build/my_package/my_package.egg-info/dependency_links.txt
[1.020s] writing entry points to ../../build/my_package/my_package.egg-info/entry_points.txt
[1.020s] writing requirements to ../../build/my_package/my_package.egg-info/requires.txt
[1.020s] writing top-level names to ../../build/my_package/my_package.egg-info/top_level.txt
[1.093s] reading manifest file '../../build/my_package/my_package.egg-info/SOURCES.txt'
[1.094s] writing manifest file '../../build/my_package/my_package.egg-info/SOURCES.txt'
[1.094s] running build
[1.094s] running build_py
[1.095s] running install
[1.095s] /home/jakub/.local/lib/python3.8/site-packages/setuptools/_distutils/cmd.py:66: SetuptoolsDeprecationWarning: setup.py install is deprecated.
[1.095s] !!
[1.095s] 
[1.095s]         ********************************************************************************
[1.095s]         Please avoid running ``setup.py`` directly.
[1.095s]         Instead, use pypa/build, pypa/installer, pypa/build or
[1.095s]         other standards-based tools.
[1.095s] 
[1.095s]         See https://blog.ganssle.io/articles/2021/10/setup-py-deprecated.html for details.
[1.095s]         ********************************************************************************
[1.095s] 
[1.096s] !!
[1.096s]   self.initialize_options()
[1.097s] running install_lib
[1.106s] creating /home/jakub/sese_ws/install/my_package/lib/python3.8/site-packages/my_package
[1.106s] copying /home/jakub/sese_ws/build/my_package/build/lib/my_package/__init__.py -> /home/jakub/sese_ws/install/my_package/lib/python3.8/site-packages/my_package
[1.106s] copying /home/jakub/sese_ws/build/my_package/build/lib/my_package/my_node.py -> /home/jakub/sese_ws/install/my_package/lib/python3.8/site-packages/my_package
[1.107s] byte-compiling /home/jakub/sese_ws/install/my_package/lib/python3.8/site-packages/my_package/__init__.py to __init__.cpython-38.pyc
[1.107s] byte-compiling /home/jakub/sese_ws/install/my_package/lib/python3.8/site-packages/my_package/my_node.py to my_node.cpython-38.pyc
[1.107s] running install_data
[1.115s] running install_egg_info
[1.124s] Copying ../../build/my_package/my_package.egg-info to /home/jakub/sese_ws/install/my_package/lib/python3.8/site-packages/my_package-0.0.0-py3.8.egg-info
[1.124s] running install_scripts
[1.159s] Installing my_node script to /home/jakub/sese_ws/install/my_package/lib/my_package
[1.159s] writing list of installed files to '/home/jakub/sese_ws/build/my_package/install.log'
[1.174s] Invoked command in '/home/jakub/sese_ws/src/my_package' returned '0': PYTHONPATH=/home/jakub/sese_ws/build/my_package/prefix_override:/home/jakub/sese_ws/install/my_package/lib/python3.8/site-packages:${PYTHONPATH} /usr/bin/python3 setup.py egg_info --egg-base ../../build/my_package build --build-base /home/jakub/sese_ws/build/my_package/build install --record /home/jakub/sese_ws/build/my_package/install.log --install-scripts $base/lib/my_package --single-version-externally-managed
