[0.624s] Invoking command in '/home/jakub/sese_ws/build/my_package': PYTHONPATH=/home/jakub/sese_ws/build/my_package/prefix_override:/home/jakub/sese_ws/install/my_package/lib/python3.8/site-packages:${PYTHONPATH} /usr/bin/python3 setup.py develop --editable --build-directory /home/jakub/sese_ws/build/my_package/build --no-deps install_data
[0.702s] /home/jakub/.local/lib/python3.8/site-packages/setuptools/dist.py:755: SetuptoolsDeprecationWarning: Invalid dash-separated options
[0.702s] !!
[0.702s] 
[0.702s]         ********************************************************************************
[0.702s]         Usage of dash-separated 'script-dir' will not be supported in future
[0.702s]         versions. Please use the underscore name 'script_dir' instead.
[0.702s] 
[0.702s]         By 2023-Sep-26, you need to update your project and remove deprecated calls
[0.703s]         or your builds will no longer be supported.
[0.703s] 
[0.703s]         See https://setuptools.pypa.io/en/latest/userguide/declarative_config.html for details.
[0.703s]         ********************************************************************************
[0.703s] 
[0.703s] !!
[0.703s]   opt = self.warn_dash_deprecation(opt, section)
[0.820s] running develop
[0.820s] /home/jakub/.local/lib/python3.8/site-packages/setuptools/command/develop.py:40: EasyInstallDeprecationWarning: easy_install command is deprecated.
[0.820s] !!
[0.820s] 
[0.820s]         ********************************************************************************
[0.820s]         Please avoid running ``setup.py`` and ``easy_install``.
[0.820s]         Instead, use pypa/build, pypa/installer, pypa/build or
[0.820s]         other standards-based tools.
[0.820s] 
[0.820s]         See https://github.com/pypa/setuptools/issues/917 for details.
[0.820s]         ********************************************************************************
[0.820s] 
[0.820s] !!
[0.820s]   easy_install.initialize_options(self)
[0.838s] /home/jakub/.local/lib/python3.8/site-packages/setuptools/_distutils/cmd.py:66: SetuptoolsDeprecationWarning: setup.py install is deprecated.
[0.838s] !!
[0.838s] 
[0.838s]         ********************************************************************************
[0.838s]         Please avoid running ``setup.py`` directly.
[0.838s]         Instead, use pypa/build, pypa/installer, pypa/build or
[0.838s]         other standards-based tools.
[0.838s] 
[0.838s]         See https://blog.ganssle.io/articles/2021/10/setup-py-deprecated.html for details.
[0.838s]         ********************************************************************************
[0.838s] 
[0.838s] !!
[0.838s]   self.initialize_options()
[0.937s] running egg_info
[0.946s] writing my_package.egg-info/PKG-INFO
[0.946s] writing dependency_links to my_package.egg-info/dependency_links.txt
[0.946s] writing entry points to my_package.egg-info/entry_points.txt
[0.946s] writing requirements to my_package.egg-info/requires.txt
[0.946s] writing top-level names to my_package.egg-info/top_level.txt
[0.965s] reading manifest file 'my_package.egg-info/SOURCES.txt'
[0.966s] writing manifest file 'my_package.egg-info/SOURCES.txt'
[1.002s] running build_ext
[1.002s] Creating /home/jakub/sese_ws/install/my_package/lib/python3.8/site-packages/my-package.egg-link (link to .)
[1.002s] Installing my_node script to /home/jakub/sese_ws/install/my_package/lib/my_package
[1.003s] 
[1.003s] Installed /home/jakub/sese_ws/build/my_package
[1.003s] running install_data
[1.024s] Invoked command in '/home/jakub/sese_ws/build/my_package' returned '0': PYTHONPATH=/home/jakub/sese_ws/build/my_package/prefix_override:/home/jakub/sese_ws/install/my_package/lib/python3.8/site-packages:${PYTHONPATH} /usr/bin/python3 setup.py develop --editable --build-directory /home/jakub/sese_ws/build/my_package/build --no-deps install_data
