[0.618s] Invoking command in '/home/jakub/sese_ws/build/my_package': PYTHONPATH=/home/jakub/sese_ws/build/my_package/prefix_override:/home/jakub/sese_ws/install/my_package/lib/python3.8/site-packages:${PYTHONPATH} /usr/bin/python3 setup.py develop --editable --build-directory /home/jakub/sese_ws/build/my_package/build --no-deps install_data
[0.693s] /home/jakub/.local/lib/python3.8/site-packages/setuptools/dist.py:755: SetuptoolsDeprecationWarning: Invalid dash-separated options
[0.694s] !!
[0.694s] 
[0.694s]         ********************************************************************************
[0.694s]         Usage of dash-separated 'script-dir' will not be supported in future
[0.694s]         versions. Please use the underscore name 'script_dir' instead.
[0.694s] 
[0.694s]         By 2023-Sep-26, you need to update your project and remove deprecated calls
[0.694s]         or your builds will no longer be supported.
[0.694s] 
[0.694s]         See https://setuptools.pypa.io/en/latest/userguide/declarative_config.html for details.
[0.694s]         ********************************************************************************
[0.694s] 
[0.694s] !!
[0.694s]   opt = self.warn_dash_deprecation(opt, section)
[0.807s] /home/jakub/.local/lib/python3.8/site-packages/setuptools/command/develop.py:40: EasyInstallDeprecationWarning: easy_install command is deprecated.
[0.807s] !!
[0.807s] 
[0.807s]         ********************************************************************************
[0.808s]         Please avoid running ``setup.py`` and ``easy_install``.
[0.808s]         Instead, use pypa/build, pypa/installer, pypa/build or
[0.808s]         other standards-based tools.
[0.808s] 
[0.808s]         See https://github.com/pypa/setuptools/issues/917 for details.
[0.808s]         ********************************************************************************
[0.808s] 
[0.808s] !!
[0.808s]   easy_install.initialize_options(self)
[0.808s] running develop
[0.825s] /home/jakub/.local/lib/python3.8/site-packages/setuptools/_distutils/cmd.py:66: SetuptoolsDeprecationWarning: setup.py install is deprecated.
[0.825s] !!
[0.825s] 
[0.826s]         ********************************************************************************
[0.826s]         Please avoid running ``setup.py`` directly.
[0.826s]         Instead, use pypa/build, pypa/installer, pypa/build or
[0.826s]         other standards-based tools.
[0.826s] 
[0.826s]         See https://blog.ganssle.io/articles/2021/10/setup-py-deprecated.html for details.
[0.826s]         ********************************************************************************
[0.826s] 
[0.826s] !!
[0.826s]   self.initialize_options()
[0.922s] running egg_info
[0.932s] writing my_package.egg-info/PKG-INFO
[0.932s] writing dependency_links to my_package.egg-info/dependency_links.txt
[0.932s] writing entry points to my_package.egg-info/entry_points.txt
[0.932s] writing requirements to my_package.egg-info/requires.txt
[0.932s] writing top-level names to my_package.egg-info/top_level.txt
[0.950s] reading manifest file 'my_package.egg-info/SOURCES.txt'
[0.951s] writing manifest file 'my_package.egg-info/SOURCES.txt'
[0.987s] running build_ext
[0.987s] Creating /home/jakub/sese_ws/install/my_package/lib/python3.8/site-packages/my-package.egg-link (link to .)
[0.987s] Installing my_node script to /home/jakub/sese_ws/install/my_package/lib/my_package
[0.987s] 
[0.988s] Installed /home/jakub/sese_ws/build/my_package
[0.988s] running install_data
[1.009s] Invoked command in '/home/jakub/sese_ws/build/my_package' returned '0': PYTHONPATH=/home/jakub/sese_ws/build/my_package/prefix_override:/home/jakub/sese_ws/install/my_package/lib/python3.8/site-packages:${PYTHONPATH} /usr/bin/python3 setup.py develop --editable --build-directory /home/jakub/sese_ws/build/my_package/build --no-deps install_data
