[0.427s] Invoking command in '/home/jakub/sese_ws/build/sese': PYTHONPATH=/home/jakub/sese_ws/build/sese/prefix_override:/home/jakub/sese_ws/install/sese/lib/python3.8/site-packages:${PYTHONPATH} /usr/bin/python3 setup.py develop --uninstall --editable --build-directory /home/jakub/sese_ws/build/sese/build
[0.495s] /home/jakub/.local/lib/python3.8/site-packages/setuptools/dist.py:755: SetuptoolsDeprecationWarning: Invalid dash-separated options
[0.495s] !!
[0.495s] 
[0.495s]         ********************************************************************************
[0.495s]         Usage of dash-separated 'script-dir' will not be supported in future
[0.495s]         versions. Please use the underscore name 'script_dir' instead.
[0.495s] 
[0.495s]         By 2023-Sep-26, you need to update your project and remove deprecated calls
[0.495s]         or your builds will no longer be supported.
[0.495s] 
[0.495s]         See https://setuptools.pypa.io/en/latest/userguide/declarative_config.html for details.
[0.495s]         ********************************************************************************
[0.496s] 
[0.496s] !!
[0.496s]   opt = self.warn_dash_deprecation(opt, section)
[0.594s] running develop
[0.594s] /home/jakub/.local/lib/python3.8/site-packages/setuptools/command/develop.py:40: EasyInstallDeprecationWarning: easy_install command is deprecated.
[0.594s] !!
[0.594s] 
[0.594s]         ********************************************************************************
[0.594s]         Please avoid running ``setup.py`` and ``easy_install``.
[0.594s]         Instead, use pypa/build, pypa/installer, pypa/build or
[0.594s]         other standards-based tools.
[0.594s] 
[0.594s]         See https://github.com/pypa/setuptools/issues/917 for details.
[0.594s]         ********************************************************************************
[0.594s] 
[0.594s] !!
[0.594s]   easy_install.initialize_options(self)
[0.611s] /home/jakub/.local/lib/python3.8/site-packages/setuptools/_distutils/cmd.py:66: SetuptoolsDeprecationWarning: setup.py install is deprecated.
[0.611s] !!
[0.611s] 
[0.611s]         ********************************************************************************
[0.611s]         Please avoid running ``setup.py`` directly.
[0.611s]         Instead, use pypa/build, pypa/installer, pypa/build or
[0.611s]         other standards-based tools.
[0.611s] 
[0.611s]         See https://blog.ganssle.io/articles/2021/10/setup-py-deprecated.html for details.
[0.611s]         ********************************************************************************
[0.611s] 
[0.611s] !!
[0.611s]   self.initialize_options()
[0.713s] Invoked command in '/home/jakub/sese_ws/build/sese' returned '0': PYTHONPATH=/home/jakub/sese_ws/build/sese/prefix_override:/home/jakub/sese_ws/install/sese/lib/python3.8/site-packages:${PYTHONPATH} /usr/bin/python3 setup.py develop --uninstall --editable --build-directory /home/jakub/sese_ws/build/sese/build
[0.714s] Invoking command in '/home/jakub/sese_ws/src/sese': PYTHONPATH=/home/jakub/sese_ws/build/sese/prefix_override:/home/jakub/sese_ws/install/sese/lib/python3.8/site-packages:${PYTHONPATH} /usr/bin/python3 setup.py egg_info --egg-base ../../build/sese build --build-base /home/jakub/sese_ws/build/sese/build install --record /home/jakub/sese_ws/build/sese/install.log --install-scripts $base/lib/sese --single-version-externally-managed
[0.782s] /home/jakub/.local/lib/python3.8/site-packages/setuptools/dist.py:755: SetuptoolsDeprecationWarning: Invalid dash-separated options
[0.782s] !!
[0.782s] 
[0.782s]         ********************************************************************************
[0.782s]         Usage of dash-separated 'script-dir' will not be supported in future
[0.782s]         versions. Please use the underscore name 'script_dir' instead.
[0.782s] 
[0.782s]         By 2023-Sep-26, you need to update your project and remove deprecated calls
[0.782s]         or your builds will no longer be supported.
[0.782s] 
[0.782s]         See https://setuptools.pypa.io/en/latest/userguide/declarative_config.html for details.
[0.782s]         ********************************************************************************
[0.782s] 
[0.782s] !!
[0.782s]   opt = self.warn_dash_deprecation(opt, section)
[0.833s] running egg_info
[0.842s] writing ../../build/sese/sese.egg-info/PKG-INFO
[0.842s] writing dependency_links to ../../build/sese/sese.egg-info/dependency_links.txt
[0.842s] writing entry points to ../../build/sese/sese.egg-info/entry_points.txt
[0.842s] writing requirements to ../../build/sese/sese.egg-info/requires.txt
[0.842s] writing top-level names to ../../build/sese/sese.egg-info/top_level.txt
[0.917s] reading manifest file '../../build/sese/sese.egg-info/SOURCES.txt'
[0.917s] writing manifest file '../../build/sese/sese.egg-info/SOURCES.txt'
[0.918s] running build
[0.918s] running build_py
[0.918s] /home/jakub/.local/lib/python3.8/site-packages/setuptools/_distutils/cmd.py:66: SetuptoolsDeprecationWarning: setup.py install is deprecated.
[0.918s] !!
[0.918s] 
[0.918s]         ********************************************************************************
[0.918s]         Please avoid running ``setup.py`` directly.
[0.918s]         Instead, use pypa/build, pypa/installer, pypa/build or
[0.918s]         other standards-based tools.
[0.918s] 
[0.918s]         See https://blog.ganssle.io/articles/2021/10/setup-py-deprecated.html for details.
[0.918s]         ********************************************************************************
[0.918s] 
[0.918s] !!
[0.918s]   self.initialize_options()
[0.918s] running install
[0.921s] running install_lib
[0.929s] running install_data
[0.937s] running install_egg_info
[0.946s] removing '/home/jakub/sese_ws/install/sese/lib/python3.8/site-packages/sese-0.0.0-py3.8.egg-info' (and everything under it)
[0.946s] Copying ../../build/sese/sese.egg-info to /home/jakub/sese_ws/install/sese/lib/python3.8/site-packages/sese-0.0.0-py3.8.egg-info
[0.946s] running install_scripts
[0.980s] Installing scan_publisher script to /home/jakub/sese_ws/install/sese/lib/sese
[0.980s] writing list of installed files to '/home/jakub/sese_ws/build/sese/install.log'
[0.994s] Invoked command in '/home/jakub/sese_ws/src/sese' returned '0': PYTHONPATH=/home/jakub/sese_ws/build/sese/prefix_override:/home/jakub/sese_ws/install/sese/lib/python3.8/site-packages:${PYTHONPATH} /usr/bin/python3 setup.py egg_info --egg-base ../../build/sese build --build-base /home/jakub/sese_ws/build/sese/build install --record /home/jakub/sese_ws/build/sese/install.log --install-scripts $base/lib/sese --single-version-externally-managed
