[0.466s] Invoking command in '/home/jakub/sese_ws/build/sese': PYTHONPATH=/home/jakub/sese_ws/build/sese/prefix_override:/home/jakub/sese_ws/install/sese/lib/python3.8/site-packages:${PYTHONPATH} /usr/bin/python3 setup.py develop --uninstall --editable --build-directory /home/jakub/sese_ws/build/sese/build
[0.550s] /home/jakub/.local/lib/python3.8/site-packages/setuptools/dist.py:744: SetuptoolsDeprecationWarning: Invalid dash-separated options
[0.550s] !!
[0.550s] 
[0.550s]         ********************************************************************************
[0.550s]         Usage of dash-separated 'script-dir' will not be supported in future
[0.550s]         versions. Please use the underscore name 'script_dir' instead.
[0.550s] 
[0.550s]         By 2023-Sep-26, you need to update your project and remove deprecated calls
[0.550s]         or your builds will no longer be supported.
[0.550s] 
[0.550s]         See https://setuptools.pypa.io/en/latest/userguide/declarative_config.html for details.
[0.550s]         ********************************************************************************
[0.550s] 
[0.550s] !!
[0.550s]   opt = self.warn_dash_deprecation(opt, section)
[0.652s] running develop
[0.652s] /home/jakub/.local/lib/python3.8/site-packages/setuptools/command/develop.py:40: EasyInstallDeprecationWarning: easy_install command is deprecated.
[0.652s] !!
[0.652s] 
[0.652s]         ********************************************************************************
[0.652s]         Please avoid running ``setup.py`` and ``easy_install``.
[0.652s]         Instead, use pypa/build, pypa/installer or other
[0.652s]         standards-based tools.
[0.652s] 
[0.652s]         See https://github.com/pypa/setuptools/issues/917 for details.
[0.652s]         ********************************************************************************
[0.652s] 
[0.652s] !!
[0.652s]   easy_install.initialize_options(self)
[0.670s] /home/jakub/.local/lib/python3.8/site-packages/setuptools/_distutils/cmd.py:66: SetuptoolsDeprecationWarning: setup.py install is deprecated.
[0.670s] !!
[0.670s] 
[0.671s]         ********************************************************************************
[0.671s]         Please avoid running ``setup.py`` directly.
[0.671s]         Instead, use pypa/build, pypa/installer or other
[0.671s]         standards-based tools.
[0.671s] 
[0.671s]         See https://blog.ganssle.io/articles/2021/10/setup-py-deprecated.html for details.
[0.671s]         ********************************************************************************
[0.671s] 
[0.671s] !!
[0.671s]   self.initialize_options()
[0.779s] Invoked command in '/home/jakub/sese_ws/build/sese' returned '0': PYTHONPATH=/home/jakub/sese_ws/build/sese/prefix_override:/home/jakub/sese_ws/install/sese/lib/python3.8/site-packages:${PYTHONPATH} /usr/bin/python3 setup.py develop --uninstall --editable --build-directory /home/jakub/sese_ws/build/sese/build
[0.780s] Invoking command in '/home/jakub/sese_ws/src/sese': PYTHONPATH=/home/jakub/sese_ws/build/sese/prefix_override:/home/jakub/sese_ws/install/sese/lib/python3.8/site-packages:${PYTHONPATH} /usr/bin/python3 setup.py egg_info --egg-base ../../build/sese build --build-base /home/jakub/sese_ws/build/sese/build install --record /home/jakub/sese_ws/build/sese/install.log --install-scripts $base/lib/sese --single-version-externally-managed
[0.852s] /home/jakub/.local/lib/python3.8/site-packages/setuptools/dist.py:744: SetuptoolsDeprecationWarning: Invalid dash-separated options
[0.852s] !!
[0.852s] 
[0.852s]         ********************************************************************************
[0.852s]         Usage of dash-separated 'script-dir' will not be supported in future
[0.852s]         versions. Please use the underscore name 'script_dir' instead.
[0.852s] 
[0.852s]         By 2023-Sep-26, you need to update your project and remove deprecated calls
[0.852s]         or your builds will no longer be supported.
[0.852s] 
[0.852s]         See https://setuptools.pypa.io/en/latest/userguide/declarative_config.html for details.
[0.852s]         ********************************************************************************
[0.852s] 
[0.852s] !!
[0.853s]   opt = self.warn_dash_deprecation(opt, section)
[0.906s] running egg_info
[0.915s] writing ../../build/sese/sese.egg-info/PKG-INFO
[0.915s] writing dependency_links to ../../build/sese/sese.egg-info/dependency_links.txt
[0.915s] writing entry points to ../../build/sese/sese.egg-info/entry_points.txt
[0.915s] writing requirements to ../../build/sese/sese.egg-info/requires.txt
[0.915s] writing top-level names to ../../build/sese/sese.egg-info/top_level.txt
[0.989s] reading manifest file '../../build/sese/sese.egg-info/SOURCES.txt'
[0.989s] writing manifest file '../../build/sese/sese.egg-info/SOURCES.txt'
[0.989s] running build
[0.989s] running build_py
[0.989s] running install
[0.990s] /home/jakub/.local/lib/python3.8/site-packages/setuptools/_distutils/cmd.py:66: SetuptoolsDeprecationWarning: setup.py install is deprecated.
[0.990s] !!
[0.990s] 
[0.990s]         ********************************************************************************
[0.990s]         Please avoid running ``setup.py`` directly.
[0.990s]         Instead, use pypa/build, pypa/installer or other
[0.990s]         standards-based tools.
[0.990s] 
[0.990s]         See https://blog.ganssle.io/articles/2021/10/setup-py-deprecated.html for details.
[0.990s]         ********************************************************************************
[0.990s] 
[0.990s] !!
[0.990s]   self.initialize_options()
[0.993s] running install_lib
[1.002s] byte-compiling /home/jakub/sese_ws/install/sese/lib/python3.8/site-packages/sese/image_display.py to image_display.cpython-38.pyc
[1.002s] running install_data
[1.002s]   File "/home/jakub/sese_ws/install/sese/lib/python3.8/site-packages/sese/image_display.py", line 20
[1.002s]     detection_subscriber = self.create_subscription(ObjectHypothesisWithPose, topic='/asv_vision/front_cam/detections', self.callback, 10)
[1.002s]                                                                                                                         ^
[1.002s] SyntaxError: positional argument follows keyword argument
[1.002s] 
[1.010s] running install_egg_info
[1.019s] removing '/home/jakub/sese_ws/install/sese/lib/python3.8/site-packages/sese-0.0.0-py3.8.egg-info' (and everything under it)
[1.019s] Copying ../../build/sese/sese.egg-info to /home/jakub/sese_ws/install/sese/lib/python3.8/site-packages/sese-0.0.0-py3.8.egg-info
[1.020s] running install_scripts
[1.057s] Installing scan_publisher script to /home/jakub/sese_ws/install/sese/lib/sese
[1.057s] writing list of installed files to '/home/jakub/sese_ws/build/sese/install.log'
[1.072s] Invoked command in '/home/jakub/sese_ws/src/sese' returned '0': PYTHONPATH=/home/jakub/sese_ws/build/sese/prefix_override:/home/jakub/sese_ws/install/sese/lib/python3.8/site-packages:${PYTHONPATH} /usr/bin/python3 setup.py egg_info --egg-base ../../build/sese build --build-base /home/jakub/sese_ws/build/sese/build install --record /home/jakub/sese_ws/build/sese/install.log --install-scripts $base/lib/sese --single-version-externally-managed
