[0.460s] Invoking command in '/home/jakub/sese_ws/build/sese': PYTHONPATH=/home/jakub/sese_ws/build/sese/prefix_override:/home/jakub/sese_ws/install/sese/lib/python3.8/site-packages:${PYTHONPATH} /usr/bin/python3 setup.py develop --uninstall --editable --build-directory /home/jakub/sese_ws/build/sese/build
[0.615s] /home/jakub/.local/lib/python3.8/site-packages/setuptools/dist.py:744: SetuptoolsDeprecationWarning: Invalid dash-separated options
[0.616s] !!
[0.616s] 
[0.616s]         ********************************************************************************
[0.616s]         Usage of dash-separated 'script-dir' will not be supported in future
[0.616s]         versions. Please use the underscore name 'script_dir' instead.
[0.616s] 
[0.616s]         By 2023-Sep-26, you need to update your project and remove deprecated calls
[0.616s]         or your builds will no longer be supported.
[0.616s] 
[0.616s]         See https://setuptools.pypa.io/en/latest/userguide/declarative_config.html for details.
[0.616s]         ********************************************************************************
[0.616s] 
[0.616s] !!
[0.616s]   opt = self.warn_dash_deprecation(opt, section)
[0.711s] running develop
[0.711s] /home/jakub/.local/lib/python3.8/site-packages/setuptools/command/develop.py:40: EasyInstallDeprecationWarning: easy_install command is deprecated.
[0.711s] !!
[0.712s] 
[0.712s]         ********************************************************************************
[0.712s]         Please avoid running ``setup.py`` and ``easy_install``.
[0.712s]         Instead, use pypa/build, pypa/installer or other
[0.712s]         standards-based tools.
[0.712s] 
[0.712s]         See https://github.com/pypa/setuptools/issues/917 for details.
[0.712s]         ********************************************************************************
[0.712s] 
[0.712s] !!
[0.712s]   easy_install.initialize_options(self)
[0.728s] /home/jakub/.local/lib/python3.8/site-packages/setuptools/_distutils/cmd.py:66: SetuptoolsDeprecationWarning: setup.py install is deprecated.
[0.729s] !!
[0.729s] 
[0.729s]         ********************************************************************************
[0.729s]         Please avoid running ``setup.py`` directly.
[0.729s]         Instead, use pypa/build, pypa/installer or other
[0.729s]         standards-based tools.
[0.729s] 
[0.729s]         See https://blog.ganssle.io/articles/2021/10/setup-py-deprecated.html for details.
[0.729s]         ********************************************************************************
[0.729s] 
[0.729s] !!
[0.729s]   self.initialize_options()
[0.835s] Invoked command in '/home/jakub/sese_ws/build/sese' returned '0': PYTHONPATH=/home/jakub/sese_ws/build/sese/prefix_override:/home/jakub/sese_ws/install/sese/lib/python3.8/site-packages:${PYTHONPATH} /usr/bin/python3 setup.py develop --uninstall --editable --build-directory /home/jakub/sese_ws/build/sese/build
[0.837s] Invoking command in '/home/jakub/sese_ws/src/sese': PYTHONPATH=/home/jakub/sese_ws/build/sese/prefix_override:/home/jakub/sese_ws/install/sese/lib/python3.8/site-packages:${PYTHONPATH} /usr/bin/python3 setup.py egg_info --egg-base ../../build/sese build --build-base /home/jakub/sese_ws/build/sese/build install --record /home/jakub/sese_ws/build/sese/install.log --install-scripts $base/lib/sese --single-version-externally-managed
[0.905s] /home/jakub/.local/lib/python3.8/site-packages/setuptools/dist.py:744: SetuptoolsDeprecationWarning: Invalid dash-separated options
[0.905s] !!
[0.906s] 
[0.906s]         ********************************************************************************
[0.906s]         Usage of dash-separated 'script-dir' will not be supported in future
[0.906s]         versions. Please use the underscore name 'script_dir' instead.
[0.906s] 
[0.906s]         By 2023-Sep-26, you need to update your project and remove deprecated calls
[0.906s]         or your builds will no longer be supported.
[0.906s] 
[0.906s]         See https://setuptools.pypa.io/en/latest/userguide/declarative_config.html for details.
[0.906s]         ********************************************************************************
[0.906s] 
[0.906s] !!
[0.906s]   opt = self.warn_dash_deprecation(opt, section)
[0.960s] running egg_info
[0.969s] writing ../../build/sese/sese.egg-info/PKG-INFO
[0.969s] writing dependency_links to ../../build/sese/sese.egg-info/dependency_links.txt
[0.969s] writing entry points to ../../build/sese/sese.egg-info/entry_points.txt
[0.969s] writing requirements to ../../build/sese/sese.egg-info/requires.txt
[0.969s] writing top-level names to ../../build/sese/sese.egg-info/top_level.txt
[1.042s] reading manifest file '../../build/sese/sese.egg-info/SOURCES.txt'
[1.043s] writing manifest file '../../build/sese/sese.egg-info/SOURCES.txt'
[1.043s] running build
[1.043s] running build_py
[1.044s] running install
[1.044s] /home/jakub/.local/lib/python3.8/site-packages/setuptools/_distutils/cmd.py:66: SetuptoolsDeprecationWarning: setup.py install is deprecated.
[1.044s] !!
[1.044s] 
[1.044s]         ********************************************************************************
[1.044s]         Please avoid running ``setup.py`` directly.
[1.044s]         Instead, use pypa/build, pypa/installer or other
[1.044s]         standards-based tools.
[1.044s] 
[1.044s]         See https://blog.ganssle.io/articles/2021/10/setup-py-deprecated.html for details.
[1.044s]         ********************************************************************************
[1.044s] 
[1.045s] !!
[1.045s]   self.initialize_options()
[1.047s] running install_lib
[1.056s] byte-compiling /home/jakub/sese_ws/install/sese/lib/python3.8/site-packages/sese/image_display.py to image_display.cpython-38.pyc
[1.056s]   File "/home/jakub/sese_ws/install/sese/lib/python3.8/site-packages/sese/image_display.py", line 20
[1.056s]     detection_subscriber = self.create_subscription(ObjectHypothesisWithPose, topic='/asv_vision/front_cam/detections', self.callback, 10)
[1.056s]                                                                                                                         ^
[1.056s] SyntaxError: positional argument follows keyword argument
[1.056s] 
[1.056s] running install_data
[1.065s] running install_egg_info
[1.074s] removing '/home/jakub/sese_ws/install/sese/lib/python3.8/site-packages/sese-0.0.0-py3.8.egg-info' (and everything under it)
[1.074s] Copying ../../build/sese/sese.egg-info to /home/jakub/sese_ws/install/sese/lib/python3.8/site-packages/sese-0.0.0-py3.8.egg-info
[1.075s] running install_scripts
[1.101s] Installing scan_publisher script to /home/jakub/sese_ws/install/sese/lib/sese
[1.101s] writing list of installed files to '/home/jakub/sese_ws/build/sese/install.log'
[1.117s] Invoked command in '/home/jakub/sese_ws/src/sese' returned '0': PYTHONPATH=/home/jakub/sese_ws/build/sese/prefix_override:/home/jakub/sese_ws/install/sese/lib/python3.8/site-packages:${PYTHONPATH} /usr/bin/python3 setup.py egg_info --egg-base ../../build/sese build --build-base /home/jakub/sese_ws/build/sese/build install --record /home/jakub/sese_ws/build/sese/install.log --install-scripts $base/lib/sese --single-version-externally-managed
