[0.501s] Invoking command in '/home/jakub/sese_ws/build/sese': PYTHONPATH=/home/jakub/sese_ws/build/sese/prefix_override:/home/jakub/sese_ws/install/sese/lib/python3.8/site-packages:${PYTHONPATH} /usr/bin/python3 setup.py develop --uninstall --editable --build-directory /home/jakub/sese_ws/build/sese/build
[0.597s] /home/jakub/.local/lib/python3.8/site-packages/setuptools/dist.py:744: SetuptoolsDeprecationWarning: Invalid dash-separated options
[0.597s] !!
[0.597s] 
[0.598s]         ********************************************************************************
[0.598s]         Usage of dash-separated 'script-dir' will not be supported in future
[0.598s]         versions. Please use the underscore name 'script_dir' instead.
[0.598s] 
[0.598s]         By 2023-Sep-26, you need to update your project and remove deprecated calls
[0.598s]         or your builds will no longer be supported.
[0.598s] 
[0.598s]         See https://setuptools.pypa.io/en/latest/userguide/declarative_config.html for details.
[0.598s]         ********************************************************************************
[0.598s] 
[0.598s] !!
[0.598s]   opt = self.warn_dash_deprecation(opt, section)
[0.717s] running develop
[0.717s] /home/jakub/.local/lib/python3.8/site-packages/setuptools/command/develop.py:40: EasyInstallDeprecationWarning: easy_install command is deprecated.
[0.717s] !!
[0.717s] 
[0.717s]         ********************************************************************************
[0.717s]         Please avoid running ``setup.py`` and ``easy_install``.
[0.717s]         Instead, use pypa/build, pypa/installer or other
[0.717s]         standards-based tools.
[0.717s] 
[0.717s]         See https://github.com/pypa/setuptools/issues/917 for details.
[0.717s]         ********************************************************************************
[0.717s] 
[0.717s] !!
[0.717s]   easy_install.initialize_options(self)
[0.738s] /home/jakub/.local/lib/python3.8/site-packages/setuptools/_distutils/cmd.py:66: SetuptoolsDeprecationWarning: setup.py install is deprecated.
[0.738s] !!
[0.738s] 
[0.738s]         ********************************************************************************
[0.738s]         Please avoid running ``setup.py`` directly.
[0.738s]         Instead, use pypa/build, pypa/installer or other
[0.738s]         standards-based tools.
[0.738s] 
[0.738s]         See https://blog.ganssle.io/articles/2021/10/setup-py-deprecated.html for details.
[0.738s]         ********************************************************************************
[0.738s] 
[0.738s] !!
[0.738s]   self.initialize_options()
[0.863s] Invoked command in '/home/jakub/sese_ws/build/sese' returned '0': PYTHONPATH=/home/jakub/sese_ws/build/sese/prefix_override:/home/jakub/sese_ws/install/sese/lib/python3.8/site-packages:${PYTHONPATH} /usr/bin/python3 setup.py develop --uninstall --editable --build-directory /home/jakub/sese_ws/build/sese/build
[0.866s] Invoking command in '/home/jakub/sese_ws/src/sese': PYTHONPATH=/home/jakub/sese_ws/build/sese/prefix_override:/home/jakub/sese_ws/install/sese/lib/python3.8/site-packages:${PYTHONPATH} /usr/bin/python3 setup.py egg_info --egg-base ../../build/sese build --build-base /home/jakub/sese_ws/build/sese/build install --record /home/jakub/sese_ws/build/sese/install.log --install-scripts $base/lib/sese --single-version-externally-managed
[0.942s] /home/jakub/.local/lib/python3.8/site-packages/setuptools/dist.py:744: SetuptoolsDeprecationWarning: Invalid dash-separated options
[0.942s] !!
[0.942s] 
[0.942s]         ********************************************************************************
[0.942s]         Usage of dash-separated 'script-dir' will not be supported in future
[0.942s]         versions. Please use the underscore name 'script_dir' instead.
[0.942s] 
[0.942s]         By 2023-Sep-26, you need to update your project and remove deprecated calls
[0.942s]         or your builds will no longer be supported.
[0.942s] 
[0.942s]         See https://setuptools.pypa.io/en/latest/userguide/declarative_config.html for details.
[0.942s]         ********************************************************************************
[0.942s] 
[0.942s] !!
[0.942s]   opt = self.warn_dash_deprecation(opt, section)
[1.003s] running egg_info
[1.012s] writing ../../build/sese/sese.egg-info/PKG-INFO
[1.012s] writing dependency_links to ../../build/sese/sese.egg-info/dependency_links.txt
[1.012s] writing entry points to ../../build/sese/sese.egg-info/entry_points.txt
[1.013s] writing requirements to ../../build/sese/sese.egg-info/requires.txt
[1.013s] writing top-level names to ../../build/sese/sese.egg-info/top_level.txt
[1.096s] reading manifest file '../../build/sese/sese.egg-info/SOURCES.txt'
[1.097s] writing manifest file '../../build/sese/sese.egg-info/SOURCES.txt'
[1.097s] running build
[1.097s] running build_py
[1.097s] running install
[1.097s] /home/jakub/.local/lib/python3.8/site-packages/setuptools/_distutils/cmd.py:66: SetuptoolsDeprecationWarning: setup.py install is deprecated.
[1.097s] !!
[1.097s] 
[1.097s]         ********************************************************************************
[1.097s]         Please avoid running ``setup.py`` directly.
[1.097s]         Instead, use pypa/build, pypa/installer or other
[1.097s]         standards-based tools.
[1.097s] 
[1.097s]         See https://blog.ganssle.io/articles/2021/10/setup-py-deprecated.html for details.
[1.097s]         ********************************************************************************
[1.097s] 
[1.097s] !!
[1.097s]   self.initialize_options()
[1.100s] running install_lib
[1.111s] byte-compiling /home/jakub/sese_ws/install/sese/lib/python3.8/site-packages/sese/image_display.py to image_display.cpython-38.pyc
[1.111s]   File "/home/jakub/sese_ws/install/sese/lib/python3.8/site-packages/sese/image_display.py", line 20
[1.111s]     detection_subscriber = self.create_subscription(ObjectHypothesisWithPose, topic='/asv_vision/front_cam/detections', self.callback, 10)
[1.111s]                                                                                                                         ^
[1.111s] SyntaxError: positional argument follows keyword argument
[1.111s] 
[1.111s] running install_data
[1.121s] copying description/lidar.xacro -> /home/jakub/sese_ws/install/sese/share/sese/description
[1.121s] running install_egg_info
[1.132s] removing '/home/jakub/sese_ws/install/sese/lib/python3.8/site-packages/sese-0.0.0-py3.8.egg-info' (and everything under it)
[1.132s] Copying ../../build/sese/sese.egg-info to /home/jakub/sese_ws/install/sese/lib/python3.8/site-packages/sese-0.0.0-py3.8.egg-info
[1.132s] running install_scripts
[1.163s] Installing scan_publisher script to /home/jakub/sese_ws/install/sese/lib/sese
[1.163s] writing list of installed files to '/home/jakub/sese_ws/build/sese/install.log'
[1.180s] Invoked command in '/home/jakub/sese_ws/src/sese' returned '0': PYTHONPATH=/home/jakub/sese_ws/build/sese/prefix_override:/home/jakub/sese_ws/install/sese/lib/python3.8/site-packages:${PYTHONPATH} /usr/bin/python3 setup.py egg_info --egg-base ../../build/sese build --build-base /home/jakub/sese_ws/build/sese/build install --record /home/jakub/sese_ws/build/sese/install.log --install-scripts $base/lib/sese --single-version-externally-managed
