[0.568s] Invoking command in '/home/jakub/sese_ws/build/sese': PYTHONPATH=/home/jakub/sese_ws/build/sese/prefix_override:/home/jakub/sese_ws/install/sese/lib/python3.8/site-packages:${PYTHONPATH} /usr/bin/python3 setup.py develop --uninstall --editable --build-directory /home/jakub/sese_ws/build/sese/build
[0.636s] /home/jakub/.local/lib/python3.8/site-packages/setuptools/dist.py:755: SetuptoolsDeprecationWarning: Invalid dash-separated options
[0.636s] !!
[0.636s] 
[0.636s]         ********************************************************************************
[0.636s]         Usage of dash-separated 'script-dir' will not be supported in future
[0.636s]         versions. Please use the underscore name 'script_dir' instead.
[0.636s] 
[0.636s]         By 2023-Sep-26, you need to update your project and remove deprecated calls
[0.636s]         or your builds will no longer be supported.
[0.636s] 
[0.636s]         See https://setuptools.pypa.io/en/latest/userguide/declarative_config.html for details.
[0.636s]         ********************************************************************************
[0.636s] 
[0.636s] !!
[0.636s]   opt = self.warn_dash_deprecation(opt, section)
[0.735s] /home/jakub/.local/lib/python3.8/site-packages/setuptools/command/develop.py:40: EasyInstallDeprecationWarning: easy_install command is deprecated.
[0.735s] !!
[0.735s] 
[0.735s]         ********************************************************************************
[0.735s]         Please avoid running ``setup.py`` and ``easy_install``.
[0.735s]         Instead, use pypa/build, pypa/installer, pypa/build or
[0.736s]         other standards-based tools.
[0.736s] 
[0.736s]         See https://github.com/pypa/setuptools/issues/917 for details.
[0.736s]         ********************************************************************************
[0.736s] 
[0.736s] !!
[0.736s]   easy_install.initialize_options(self)
[0.736s] running develop
[0.753s] /home/jakub/.local/lib/python3.8/site-packages/setuptools/_distutils/cmd.py:66: SetuptoolsDeprecationWarning: setup.py install is deprecated.
[0.753s] !!
[0.753s] 
[0.753s]         ********************************************************************************
[0.753s]         Please avoid running ``setup.py`` directly.
[0.753s]         Instead, use pypa/build, pypa/installer, pypa/build or
[0.753s]         other standards-based tools.
[0.753s] 
[0.753s]         See https://blog.ganssle.io/articles/2021/10/setup-py-deprecated.html for details.
[0.753s]         ********************************************************************************
[0.753s] 
[0.753s] !!
[0.753s]   self.initialize_options()
[0.863s] Invoked command in '/home/jakub/sese_ws/build/sese' returned '0': PYTHONPATH=/home/jakub/sese_ws/build/sese/prefix_override:/home/jakub/sese_ws/install/sese/lib/python3.8/site-packages:${PYTHONPATH} /usr/bin/python3 setup.py develop --uninstall --editable --build-directory /home/jakub/sese_ws/build/sese/build
[0.864s] Invoking command in '/home/jakub/sese_ws/src/sese': PYTHONPATH=/home/jakub/sese_ws/build/sese/prefix_override:/home/jakub/sese_ws/install/sese/lib/python3.8/site-packages:${PYTHONPATH} /usr/bin/python3 setup.py egg_info --egg-base ../../build/sese build --build-base /home/jakub/sese_ws/build/sese/build install --record /home/jakub/sese_ws/build/sese/install.log --install-scripts $base/lib/sese --single-version-externally-managed
[0.936s] /home/jakub/.local/lib/python3.8/site-packages/setuptools/dist.py:755: SetuptoolsDeprecationWarning: Invalid dash-separated options
[0.936s] !!
[0.937s] 
[0.937s]         ********************************************************************************
[0.937s]         Usage of dash-separated 'script-dir' will not be supported in future
[0.937s]         versions. Please use the underscore name 'script_dir' instead.
[0.937s] 
[0.937s]         By 2023-Sep-26, you need to update your project and remove deprecated calls
[0.937s]         or your builds will no longer be supported.
[0.937s] 
[0.937s]         See https://setuptools.pypa.io/en/latest/userguide/declarative_config.html for details.
[0.937s]         ********************************************************************************
[0.937s] 
[0.937s] !!
[0.937s]   opt = self.warn_dash_deprecation(opt, section)
[0.991s] running egg_info
[1.000s] writing ../../build/sese/sese.egg-info/PKG-INFO
[1.000s] writing dependency_links to ../../build/sese/sese.egg-info/dependency_links.txt
[1.000s] writing entry points to ../../build/sese/sese.egg-info/entry_points.txt
[1.000s] writing requirements to ../../build/sese/sese.egg-info/requires.txt
[1.000s] writing top-level names to ../../build/sese/sese.egg-info/top_level.txt
[1.073s] reading manifest file '../../build/sese/sese.egg-info/SOURCES.txt'
[1.074s] writing manifest file '../../build/sese/sese.egg-info/SOURCES.txt'
[1.074s] running build
[1.074s] running build_py
[1.074s] running install
[1.074s] /home/jakub/.local/lib/python3.8/site-packages/setuptools/_distutils/cmd.py:66: SetuptoolsDeprecationWarning: setup.py install is deprecated.
[1.074s] !!
[1.074s] 
[1.074s]         ********************************************************************************
[1.074s]         Please avoid running ``setup.py`` directly.
[1.074s]         Instead, use pypa/build, pypa/installer, pypa/build or
[1.074s]         other standards-based tools.
[1.074s] 
[1.074s]         See https://blog.ganssle.io/articles/2021/10/setup-py-deprecated.html for details.
[1.074s]         ********************************************************************************
[1.074s] 
[1.074s] !!
[1.074s]   self.initialize_options()
[1.077s] running install_lib
[1.086s] byte-compiling /home/jakub/sese_ws/install/sese/lib/python3.8/site-packages/sese/image_display.py to image_display.cpython-38.pyc
[1.086s]   File "/home/jakub/sese_ws/install/sese/lib/python3.8/site-packages/sese/image_display.py", line 20
[1.086s]     detection_subscriber = self.create_subscription(ObjectHypothesisWithPose, topic='/asv_vision/front_cam/detections', self.callback, 10)
[1.086s]                                                                                                                         ^
[1.086s] SyntaxError: positional argument follows keyword argument
[1.086s] 
[1.086s] running install_data
[1.095s] running install_egg_info
[1.104s] removing '/home/jakub/sese_ws/install/sese/lib/python3.8/site-packages/sese-0.0.0-py3.8.egg-info' (and everything under it)
[1.104s] Copying ../../build/sese/sese.egg-info to /home/jakub/sese_ws/install/sese/lib/python3.8/site-packages/sese-0.0.0-py3.8.egg-info
[1.105s] running install_scripts
[1.140s] Installing scan_publisher script to /home/jakub/sese_ws/install/sese/lib/sese
[1.140s] writing list of installed files to '/home/jakub/sese_ws/build/sese/install.log'
[1.155s] Invoked command in '/home/jakub/sese_ws/src/sese' returned '0': PYTHONPATH=/home/jakub/sese_ws/build/sese/prefix_override:/home/jakub/sese_ws/install/sese/lib/python3.8/site-packages:${PYTHONPATH} /usr/bin/python3 setup.py egg_info --egg-base ../../build/sese build --build-base /home/jakub/sese_ws/build/sese/build install --record /home/jakub/sese_ws/build/sese/install.log --install-scripts $base/lib/sese --single-version-externally-managed
