running egg_info
creating ../../build/sese/sese.egg-info
writing ../../build/sese/sese.egg-info/PKG-INFO
writing dependency_links to ../../build/sese/sese.egg-info/dependency_links.txt
writing requirements to ../../build/sese/sese.egg-info/requires.txt
writing top-level names to ../../build/sese/sese.egg-info/top_level.txt
writing manifest file '../../build/sese/sese.egg-info/SOURCES.txt'
reading manifest file '../../build/sese/sese.egg-info/SOURCES.txt'
writing manifest file '../../build/sese/sese.egg-info/SOURCES.txt'
running build
running build_py
creating /home/jakub/sese_ws/build/sese/build
creating /home/jakub/sese_ws/build/sese/build/lib
creating /home/jakub/sese_ws/build/sese/build/lib/sese
copying sese/__init__.py -> /home/jakub/sese_ws/build/sese/build/lib/sese
running install
running install_lib
creating /home/jakub/sese_ws/install/sese/lib/python3.8/site-packages/sese
copying /home/jakub/sese_ws/build/sese/build/lib/sese/__init__.py -> /home/jakub/sese_ws/install/sese/lib/python3.8/site-packages/sese
byte-compiling /home/jakub/sese_ws/install/sese/lib/python3.8/site-packages/sese/__init__.py to __init__.cpython-38.pyc
running install_data
creating /home/jakub/sese_ws/install/sese/share/ament_index
creating /home/jakub/sese_ws/install/sese/share/ament_index/resource_index
creating /home/jakub/sese_ws/install/sese/share/ament_index/resource_index/packages
copying resource/sese -> /home/jakub/sese_ws/install/sese/share/ament_index/resource_index/packages
copying package.xml -> /home/jakub/sese_ws/install/sese/share/sese
running install_egg_info
Copying ../../build/sese/sese.egg-info to /home/jakub/sese_ws/install/sese/lib/python3.8/site-packages/sese-0.0.0-py3.8.egg-info
running install_scripts
writing list of installed files to '/home/jakub/sese_ws/build/sese/install.log'
