[0.423s] Invoking command in '/home/jakub/sese_ws/src/sese': PYTHONPATH=/home/jakub/sese_ws/build/sese/prefix_override:/home/jakub/sese_ws/install/sese/lib/python3.8/site-packages:${PYTHONPATH} /usr/bin/python3 setup.py egg_info --egg-base ../../build/sese build --build-base /home/jakub/sese_ws/build/sese/build install --record /home/jakub/sese_ws/build/sese/install.log --install-scripts $base/lib/sese --single-version-externally-managed
[0.491s] /home/jakub/.local/lib/python3.8/site-packages/setuptools/dist.py:755: SetuptoolsDeprecationWarning: Invalid dash-separated options
[0.491s] !!
[0.491s] 
[0.491s]         ********************************************************************************
[0.491s]         Usage of dash-separated 'script-dir' will not be supported in future
[0.491s]         versions. Please use the underscore name 'script_dir' instead.
[0.491s] 
[0.491s]         By 2023-Sep-26, you need to update your project and remove deprecated calls
[0.491s]         or your builds will no longer be supported.
[0.491s] 
[0.491s]         See https://setuptools.pypa.io/en/latest/userguide/declarative_config.html for details.
[0.491s]         ********************************************************************************
[0.491s] 
[0.491s] !!
[0.491s]   opt = self.warn_dash_deprecation(opt, section)
[0.541s] running egg_info
[0.541s] creating ../../build/sese/sese.egg-info
[0.549s] writing ../../build/sese/sese.egg-info/PKG-INFO
[0.549s] writing dependency_links to ../../build/sese/sese.egg-info/dependency_links.txt
[0.550s] writing requirements to ../../build/sese/sese.egg-info/requires.txt
[0.550s] writing top-level names to ../../build/sese/sese.egg-info/top_level.txt
[0.602s] writing manifest file '../../build/sese/sese.egg-info/SOURCES.txt'
[0.619s] reading manifest file '../../build/sese/sese.egg-info/SOURCES.txt'
[0.619s] writing manifest file '../../build/sese/sese.egg-info/SOURCES.txt'
[0.619s] running build
[0.619s] running build_py
[0.620s] creating /home/jakub/sese_ws/build/sese/build
[0.620s] creating /home/jakub/sese_ws/build/sese/build/lib
[0.620s] creating /home/jakub/sese_ws/build/sese/build/lib/sese
[0.620s] copying sese/__init__.py -> /home/jakub/sese_ws/build/sese/build/lib/sese
[0.620s] running install
[0.620s] /home/jakub/.local/lib/python3.8/site-packages/setuptools/_distutils/cmd.py:66: SetuptoolsDeprecationWarning: setup.py install is deprecated.
[0.620s] !!
[0.620s] 
[0.620s]         ********************************************************************************
[0.620s]         Please avoid running ``setup.py`` directly.
[0.620s]         Instead, use pypa/build, pypa/installer, pypa/build or
[0.620s]         other standards-based tools.
[0.620s] 
[0.620s]         See https://blog.ganssle.io/articles/2021/10/setup-py-deprecated.html for details.
[0.620s]         ********************************************************************************
[0.620s] 
[0.620s] !!
[0.620s]   self.initialize_options()
[0.623s] running install_lib
[0.631s] creating /home/jakub/sese_ws/install/sese/lib/python3.8/site-packages/sese
[0.632s] copying /home/jakub/sese_ws/build/sese/build/lib/sese/__init__.py -> /home/jakub/sese_ws/install/sese/lib/python3.8/site-packages/sese
[0.632s] byte-compiling /home/jakub/sese_ws/install/sese/lib/python3.8/site-packages/sese/__init__.py to __init__.cpython-38.pyc
[0.632s] running install_data
[0.640s] creating /home/jakub/sese_ws/install/sese/share/ament_index
[0.640s] creating /home/jakub/sese_ws/install/sese/share/ament_index/resource_index
[0.640s] creating /home/jakub/sese_ws/install/sese/share/ament_index/resource_index/packages
[0.640s] copying resource/sese -> /home/jakub/sese_ws/install/sese/share/ament_index/resource_index/packages
[0.640s] copying package.xml -> /home/jakub/sese_ws/install/sese/share/sese
[0.640s] running install_egg_info
[0.648s] Copying ../../build/sese/sese.egg-info to /home/jakub/sese_ws/install/sese/lib/python3.8/site-packages/sese-0.0.0-py3.8.egg-info
[0.648s] running install_scripts
[0.681s] writing list of installed files to '/home/jakub/sese_ws/build/sese/install.log'
[0.696s] Invoked command in '/home/jakub/sese_ws/src/sese' returned '0': PYTHONPATH=/home/jakub/sese_ws/build/sese/prefix_override:/home/jakub/sese_ws/install/sese/lib/python3.8/site-packages:${PYTHONPATH} /usr/bin/python3 setup.py egg_info --egg-base ../../build/sese build --build-base /home/jakub/sese_ws/build/sese/build install --record /home/jakub/sese_ws/build/sese/install.log --install-scripts $base/lib/sese --single-version-externally-managed
