[0.461s] Invoking command in '/home/jakub/sese_ws/build/sese': PYTHONPATH=/home/jakub/sese_ws/build/sese/prefix_override:/home/jakub/sese_ws/install/sese/lib/python3.8/site-packages:${PYTHONPATH} /usr/bin/python3 setup.py develop --uninstall --editable --build-directory /home/jakub/sese_ws/build/sese/build
[0.534s] /home/jakub/.local/lib/python3.8/site-packages/setuptools/dist.py:755: SetuptoolsDeprecationWarning: Invalid dash-separated options
[0.535s] !!
[0.535s] 
[0.535s]         ********************************************************************************
[0.535s]         Usage of dash-separated 'script-dir' will not be supported in future
[0.535s]         versions. Please use the underscore name 'script_dir' instead.
[0.535s] 
[0.535s]         By 2023-Sep-26, you need to update your project and remove deprecated calls
[0.535s]         or your builds will no longer be supported.
[0.535s] 
[0.535s]         See https://setuptools.pypa.io/en/latest/userguide/declarative_config.html for details.
[0.535s]         ********************************************************************************
[0.535s] 
[0.535s] !!
[0.535s]   opt = self.warn_dash_deprecation(opt, section)
[0.648s] running develop
[0.648s] /home/jakub/.local/lib/python3.8/site-packages/setuptools/command/develop.py:40: EasyInstallDeprecationWarning: easy_install command is deprecated.
[0.648s] !!
[0.648s] 
[0.648s]         ********************************************************************************
[0.648s]         Please avoid running ``setup.py`` and ``easy_install``.
[0.648s]         Instead, use pypa/build, pypa/installer, pypa/build or
[0.649s]         other standards-based tools.
[0.649s] 
[0.649s]         See https://github.com/pypa/setuptools/issues/917 for details.
[0.649s]         ********************************************************************************
[0.649s] 
[0.649s] !!
[0.649s]   easy_install.initialize_options(self)
[0.668s] /home/jakub/.local/lib/python3.8/site-packages/setuptools/_distutils/cmd.py:66: SetuptoolsDeprecationWarning: setup.py install is deprecated.
[0.668s] !!
[0.668s] 
[0.668s]         ********************************************************************************
[0.668s]         Please avoid running ``setup.py`` directly.
[0.668s]         Instead, use pypa/build, pypa/installer, pypa/build or
[0.668s]         other standards-based tools.
[0.668s] 
[0.668s]         See https://blog.ganssle.io/articles/2021/10/setup-py-deprecated.html for details.
[0.668s]         ********************************************************************************
[0.668s] 
[0.668s] !!
[0.668s]   self.initialize_options()
[0.784s] Invoked command in '/home/jakub/sese_ws/build/sese' returned '0': PYTHONPATH=/home/jakub/sese_ws/build/sese/prefix_override:/home/jakub/sese_ws/install/sese/lib/python3.8/site-packages:${PYTHONPATH} /usr/bin/python3 setup.py develop --uninstall --editable --build-directory /home/jakub/sese_ws/build/sese/build
[0.784s] Invoking command in '/home/jakub/sese_ws/src/sese': PYTHONPATH=/home/jakub/sese_ws/build/sese/prefix_override:/home/jakub/sese_ws/install/sese/lib/python3.8/site-packages:${PYTHONPATH} /usr/bin/python3 setup.py egg_info --egg-base ../../build/sese build --build-base /home/jakub/sese_ws/build/sese/build install --record /home/jakub/sese_ws/build/sese/install.log --install-scripts $base/lib/sese --single-version-externally-managed
[0.859s] /home/jakub/.local/lib/python3.8/site-packages/setuptools/dist.py:755: SetuptoolsDeprecationWarning: Invalid dash-separated options
[0.859s] !!
[0.859s] 
[0.859s]         ********************************************************************************
[0.859s]         Usage of dash-separated 'script-dir' will not be supported in future
[0.859s]         versions. Please use the underscore name 'script_dir' instead.
[0.859s] 
[0.859s]         By 2023-Sep-26, you need to update your project and remove deprecated calls
[0.859s]         or your builds will no longer be supported.
[0.859s] 
[0.859s]         See https://setuptools.pypa.io/en/latest/userguide/declarative_config.html for details.
[0.859s]         ********************************************************************************
[0.859s] 
[0.859s] !!
[0.859s]   opt = self.warn_dash_deprecation(opt, section)
[0.914s] running egg_info
[0.923s] writing ../../build/sese/sese.egg-info/PKG-INFO
[0.923s] writing dependency_links to ../../build/sese/sese.egg-info/dependency_links.txt
[0.924s] writing entry points to ../../build/sese/sese.egg-info/entry_points.txt
[0.924s] writing requirements to ../../build/sese/sese.egg-info/requires.txt
[0.924s] writing top-level names to ../../build/sese/sese.egg-info/top_level.txt
[0.999s] reading manifest file '../../build/sese/sese.egg-info/SOURCES.txt'
[1.000s] writing manifest file '../../build/sese/sese.egg-info/SOURCES.txt'
[1.000s] running build
[1.000s] running build_py
[1.000s] running install
[1.000s] /home/jakub/.local/lib/python3.8/site-packages/setuptools/_distutils/cmd.py:66: SetuptoolsDeprecationWarning: setup.py install is deprecated.
[1.000s] !!
[1.000s] 
[1.000s]         ********************************************************************************
[1.000s]         Please avoid running ``setup.py`` directly.
[1.000s]         Instead, use pypa/build, pypa/installer, pypa/build or
[1.001s]         other standards-based tools.
[1.001s] 
[1.001s]         See https://blog.ganssle.io/articles/2021/10/setup-py-deprecated.html for details.
[1.001s]         ********************************************************************************
[1.001s] 
[1.001s] !!
[1.001s]   self.initialize_options()
[1.004s] running install_lib
[1.013s] byte-compiling /home/jakub/sese_ws/install/sese/lib/python3.8/site-packages/sese/image_display.py to image_display.cpython-38.pyc
[1.013s]   File "/home/jakub/sese_ws/install/sese/lib/python3.8/site-packages/sese/image_display.py", line 20
[1.013s]     detection_subscriber = self.create_subscription(ObjectHypothesisWithPose, topic='/asv_vision/front_cam/detections', self.callback, 10)
[1.013s]                                                                                                                         ^
[1.013s] SyntaxError: positional argument follows keyword argument
[1.013s] 
[1.013s] running install_data
[1.022s] copying launch/launch_sim.launch.py -> /home/jakub/sese_ws/install/sese/share/sese/launch
[1.022s] running install_egg_info
[1.032s] removing '/home/jakub/sese_ws/install/sese/lib/python3.8/site-packages/sese-0.0.0-py3.8.egg-info' (and everything under it)
[1.032s] Copying ../../build/sese/sese.egg-info to /home/jakub/sese_ws/install/sese/lib/python3.8/site-packages/sese-0.0.0-py3.8.egg-info
[1.032s] running install_scripts
[1.069s] Installing scan_publisher script to /home/jakub/sese_ws/install/sese/lib/sese
[1.069s] writing list of installed files to '/home/jakub/sese_ws/build/sese/install.log'
[1.084s] Invoked command in '/home/jakub/sese_ws/src/sese' returned '0': PYTHONPATH=/home/jakub/sese_ws/build/sese/prefix_override:/home/jakub/sese_ws/install/sese/lib/python3.8/site-packages:${PYTHONPATH} /usr/bin/python3 setup.py egg_info --egg-base ../../build/sese build --build-base /home/jakub/sese_ws/build/sese/build install --record /home/jakub/sese_ws/build/sese/install.log --install-scripts $base/lib/sese --single-version-externally-managed
