[0.609s] Invoking command in '/home/jakub/sese_ws/build/my_package': PYTHONPATH=/home/jakub/sese_ws/build/my_package/prefix_override:/home/jakub/sese_ws/install/my_package/lib/python3.8/site-packages:${PYTHONPATH} /usr/bin/python3 setup.py develop --uninstall --editable --build-directory /home/jakub/sese_ws/build/my_package/build
[0.680s] /home/jakub/.local/lib/python3.8/site-packages/setuptools/dist.py:755: SetuptoolsDeprecationWarning: Invalid dash-separated options
[0.681s] !!
[0.681s] 
[0.681s]         ********************************************************************************
[0.681s]         Usage of dash-separated 'script-dir' will not be supported in future
[0.681s]         versions. Please use the underscore name 'script_dir' instead.
[0.681s] 
[0.681s]         By 2023-Sep-26, you need to update your project and remove deprecated calls
[0.681s]         or your builds will no longer be supported.
[0.681s] 
[0.681s]         See https://setuptools.pypa.io/en/latest/userguide/declarative_config.html for details.
[0.681s]         ********************************************************************************
[0.681s] 
[0.681s] !!
[0.681s]   opt = self.warn_dash_deprecation(opt, section)
[0.782s] running develop
[0.782s] /home/jakub/.local/lib/python3.8/site-packages/setuptools/command/develop.py:40: EasyInstallDeprecationWarning: easy_install command is deprecated.
[0.782s] !!
[0.782s] 
[0.782s]         ********************************************************************************
[0.782s]         Please avoid running ``setup.py`` and ``easy_install``.
[0.782s]         Instead, use pypa/build, pypa/installer, pypa/build or
[0.782s]         other standards-based tools.
[0.783s] 
[0.783s]         See https://github.com/pypa/setuptools/issues/917 for details.
[0.783s]         ********************************************************************************
[0.783s] 
[0.783s] !!
[0.783s]   easy_install.initialize_options(self)
[0.800s] /home/jakub/.local/lib/python3.8/site-packages/setuptools/_distutils/cmd.py:66: SetuptoolsDeprecationWarning: setup.py install is deprecated.
[0.801s] !!
[0.801s] 
[0.801s]         ********************************************************************************
[0.801s]         Please avoid running ``setup.py`` directly.
[0.801s]         Instead, use pypa/build, pypa/installer, pypa/build or
[0.801s]         other standards-based tools.
[0.801s] 
[0.801s]         See https://blog.ganssle.io/articles/2021/10/setup-py-deprecated.html for details.
[0.801s]         ********************************************************************************
[0.801s] 
[0.801s] !!
[0.801s]   self.initialize_options()
[0.914s] Invoked command in '/home/jakub/sese_ws/build/my_package' returned '0': PYTHONPATH=/home/jakub/sese_ws/build/my_package/prefix_override:/home/jakub/sese_ws/install/my_package/lib/python3.8/site-packages:${PYTHONPATH} /usr/bin/python3 setup.py develop --uninstall --editable --build-directory /home/jakub/sese_ws/build/my_package/build
[0.914s] Invoking command in '/home/jakub/sese_ws/src/my_package': PYTHONPATH=/home/jakub/sese_ws/build/my_package/prefix_override:/home/jakub/sese_ws/install/my_package/lib/python3.8/site-packages:${PYTHONPATH} /usr/bin/python3 setup.py egg_info --egg-base ../../build/my_package build --build-base /home/jakub/sese_ws/build/my_package/build install --record /home/jakub/sese_ws/build/my_package/install.log --install-scripts $base/lib/my_package --single-version-externally-managed
[0.986s] /home/jakub/.local/lib/python3.8/site-packages/setuptools/dist.py:755: SetuptoolsDeprecationWarning: Invalid dash-separated options
[0.986s] !!
[0.986s] 
[0.986s]         ********************************************************************************
[0.986s]         Usage of dash-separated 'script-dir' will not be supported in future
[0.986s]         versions. Please use the underscore name 'script_dir' instead.
[0.986s] 
[0.986s]         By 2023-Sep-26, you need to update your project and remove deprecated calls
[0.986s]         or your builds will no longer be supported.
[0.986s] 
[0.986s]         See https://setuptools.pypa.io/en/latest/userguide/declarative_config.html for details.
[0.986s]         ********************************************************************************
[0.986s] 
[0.986s] !!
[0.986s]   opt = self.warn_dash_deprecation(opt, section)
[1.039s] running egg_info
[1.047s] writing ../../build/my_package/my_package.egg-info/PKG-INFO
[1.048s] writing dependency_links to ../../build/my_package/my_package.egg-info/dependency_links.txt
[1.048s] writing entry points to ../../build/my_package/my_package.egg-info/entry_points.txt
[1.048s] writing requirements to ../../build/my_package/my_package.egg-info/requires.txt
[1.048s] writing top-level names to ../../build/my_package/my_package.egg-info/top_level.txt
[1.121s] reading manifest file '../../build/my_package/my_package.egg-info/SOURCES.txt'
[1.122s] writing manifest file '../../build/my_package/my_package.egg-info/SOURCES.txt'
[1.122s] running build
[1.122s] running build_py
[1.122s] running install
[1.122s] /home/jakub/.local/lib/python3.8/site-packages/setuptools/_distutils/cmd.py:66: SetuptoolsDeprecationWarning: setup.py install is deprecated.
[1.122s] !!
[1.122s] 
[1.122s]         ********************************************************************************
[1.122s]         Please avoid running ``setup.py`` directly.
[1.122s]         Instead, use pypa/build, pypa/installer, pypa/build or
[1.122s]         other standards-based tools.
[1.122s] 
[1.122s]         See https://blog.ganssle.io/articles/2021/10/setup-py-deprecated.html for details.
[1.122s]         ********************************************************************************
[1.122s] 
[1.122s] !!
[1.122s]   self.initialize_options()
[1.125s] running install_lib
[1.134s] running install_data
[1.143s] running install_egg_info
[1.152s] removing '/home/jakub/sese_ws/install/my_package/lib/python3.8/site-packages/my_package-0.0.0-py3.8.egg-info' (and everything under it)
[1.152s] Copying ../../build/my_package/my_package.egg-info to /home/jakub/sese_ws/install/my_package/lib/python3.8/site-packages/my_package-0.0.0-py3.8.egg-info
[1.152s] running install_scripts
[1.187s] Installing my_node script to /home/jakub/sese_ws/install/my_package/lib/my_package
[1.187s] writing list of installed files to '/home/jakub/sese_ws/build/my_package/install.log'
[1.203s] Invoked command in '/home/jakub/sese_ws/src/my_package' returned '0': PYTHONPATH=/home/jakub/sese_ws/build/my_package/prefix_override:/home/jakub/sese_ws/install/my_package/lib/python3.8/site-packages:${PYTHONPATH} /usr/bin/python3 setup.py egg_info --egg-base ../../build/my_package build --build-base /home/jakub/sese_ws/build/my_package/build install --record /home/jakub/sese_ws/build/my_package/install.log --install-scripts $base/lib/my_package --single-version-externally-managed
