[0.579s] Invoking command in '/home/jakub/sese_ws/build/sese': PYTHONPATH=/home/jakub/sese_ws/build/sese/prefix_override:/home/jakub/sese_ws/install/sese/lib/python3.8/site-packages:${PYTHONPATH} /usr/bin/python3 setup.py develop --editable --build-directory /home/jakub/sese_ws/build/sese/build --no-deps install_data
[0.656s] /home/jakub/.local/lib/python3.8/site-packages/setuptools/dist.py:755: SetuptoolsDeprecationWarning: Invalid dash-separated options
[0.656s] !!
[0.656s] 
[0.657s]         ********************************************************************************
[0.657s]         Usage of dash-separated 'script-dir' will not be supported in future
[0.657s]         versions. Please use the underscore name 'script_dir' instead.
[0.657s] 
[0.657s]         By 2023-Sep-26, you need to update your project and remove deprecated calls
[0.657s]         or your builds will no longer be supported.
[0.657s] 
[0.657s]         See https://setuptools.pypa.io/en/latest/userguide/declarative_config.html for details.
[0.657s]         ********************************************************************************
[0.657s] 
[0.657s] !!
[0.657s]   opt = self.warn_dash_deprecation(opt, section)
[0.770s] running develop
[0.770s] /home/jakub/.local/lib/python3.8/site-packages/setuptools/command/develop.py:40: EasyInstallDeprecationWarning: easy_install command is deprecated.
[0.770s] !!
[0.770s] 
[0.770s]         ********************************************************************************
[0.770s]         Please avoid running ``setup.py`` and ``easy_install``.
[0.770s]         Instead, use pypa/build, pypa/installer, pypa/build or
[0.770s]         other standards-based tools.
[0.770s] 
[0.770s]         See https://github.com/pypa/setuptools/issues/917 for details.
[0.770s]         ********************************************************************************
[0.770s] 
[0.771s] !!
[0.771s]   easy_install.initialize_options(self)
[0.788s] /home/jakub/.local/lib/python3.8/site-packages/setuptools/_distutils/cmd.py:66: SetuptoolsDeprecationWarning: setup.py install is deprecated.
[0.788s] !!
[0.789s] 
[0.789s]         ********************************************************************************
[0.789s]         Please avoid running ``setup.py`` directly.
[0.789s]         Instead, use pypa/build, pypa/installer, pypa/build or
[0.789s]         other standards-based tools.
[0.789s] 
[0.789s]         See https://blog.ganssle.io/articles/2021/10/setup-py-deprecated.html for details.
[0.789s]         ********************************************************************************
[0.789s] 
[0.789s] !!
[0.789s]   self.initialize_options()
[0.884s] running egg_info
[0.893s] writing sese.egg-info/PKG-INFO
[0.894s] writing dependency_links to sese.egg-info/dependency_links.txt
[0.894s] writing entry points to sese.egg-info/entry_points.txt
[0.894s] writing requirements to sese.egg-info/requires.txt
[0.894s] writing top-level names to sese.egg-info/top_level.txt
[0.912s] reading manifest file 'sese.egg-info/SOURCES.txt'
[0.913s] writing manifest file 'sese.egg-info/SOURCES.txt'
[0.949s] running build_ext
[0.949s] Creating /home/jakub/sese_ws/install/sese/lib/python3.8/site-packages/sese.egg-link (link to .)
[0.949s] Installing scan_publisher script to /home/jakub/sese_ws/install/sese/lib/sese
[0.949s] 
[0.950s] Installed /home/jakub/sese_ws/build/sese
[0.950s] running install_data
[0.950s] copying rviz/my_config.rviz -> /home/jakub/sese_ws/install/sese/share/sese/rviz
[0.950s] copying rviz/urdf_config.rviz -> /home/jakub/sese_ws/install/sese/share/sese/rviz
[0.978s] Invoked command in '/home/jakub/sese_ws/build/sese' returned '0': PYTHONPATH=/home/jakub/sese_ws/build/sese/prefix_override:/home/jakub/sese_ws/install/sese/lib/python3.8/site-packages:${PYTHONPATH} /usr/bin/python3 setup.py develop --editable --build-directory /home/jakub/sese_ws/build/sese/build --no-deps install_data
