[0.542s] Invoking command in '/home/jakub/sese_ws/build/sese': PYTHONPATH=/home/jakub/sese_ws/build/sese/prefix_override:/home/jakub/sese_ws/install/sese/lib/python3.8/site-packages:${PYTHONPATH} /usr/bin/python3 setup.py develop --uninstall --editable --build-directory /home/jakub/sese_ws/build/sese/build
[0.608s] /home/jakub/.local/lib/python3.8/site-packages/setuptools/dist.py:755: SetuptoolsDeprecationWarning: Invalid dash-separated options
[0.608s] !!
[0.609s] 
[0.609s]         ********************************************************************************
[0.609s]         Usage of dash-separated 'script-dir' will not be supported in future
[0.609s]         versions. Please use the underscore name 'script_dir' instead.
[0.609s] 
[0.609s]         By 2023-Sep-26, you need to update your project and remove deprecated calls
[0.609s]         or your builds will no longer be supported.
[0.609s] 
[0.609s]         See https://setuptools.pypa.io/en/latest/userguide/declarative_config.html for details.
[0.609s]         ********************************************************************************
[0.609s] 
[0.609s] !!
[0.609s]   opt = self.warn_dash_deprecation(opt, section)
[0.708s] /home/jakub/.local/lib/python3.8/site-packages/setuptools/command/develop.py:40: EasyInstallDeprecationWarning: easy_install command is deprecated.
[0.708s] !!
[0.708s] 
[0.708s]         ********************************************************************************
[0.708s]         Please avoid running ``setup.py`` and ``easy_install``.
[0.708s]         Instead, use pypa/build, pypa/installer, pypa/build or
[0.708s]         other standards-based tools.
[0.709s] 
[0.709s]         See https://github.com/pypa/setuptools/issues/917 for details.
[0.709s]         ********************************************************************************
[0.709s] 
[0.709s] !!
[0.709s]   easy_install.initialize_options(self)
[0.709s] running develop
[0.725s] /home/jakub/.local/lib/python3.8/site-packages/setuptools/_distutils/cmd.py:66: SetuptoolsDeprecationWarning: setup.py install is deprecated.
[0.725s] !!
[0.725s] 
[0.725s]         ********************************************************************************
[0.725s]         Please avoid running ``setup.py`` directly.
[0.726s]         Instead, use pypa/build, pypa/installer, pypa/build or
[0.726s]         other standards-based tools.
[0.726s] 
[0.726s]         See https://blog.ganssle.io/articles/2021/10/setup-py-deprecated.html for details.
[0.726s]         ********************************************************************************
[0.726s] 
[0.726s] !!
[0.726s]   self.initialize_options()
[0.833s] Invoked command in '/home/jakub/sese_ws/build/sese' returned '0': PYTHONPATH=/home/jakub/sese_ws/build/sese/prefix_override:/home/jakub/sese_ws/install/sese/lib/python3.8/site-packages:${PYTHONPATH} /usr/bin/python3 setup.py develop --uninstall --editable --build-directory /home/jakub/sese_ws/build/sese/build
[0.834s] Invoking command in '/home/jakub/sese_ws/src/sese': PYTHONPATH=/home/jakub/sese_ws/build/sese/prefix_override:/home/jakub/sese_ws/install/sese/lib/python3.8/site-packages:${PYTHONPATH} /usr/bin/python3 setup.py egg_info --egg-base ../../build/sese build --build-base /home/jakub/sese_ws/build/sese/build install --record /home/jakub/sese_ws/build/sese/install.log --install-scripts $base/lib/sese --single-version-externally-managed
[0.903s] /home/jakub/.local/lib/python3.8/site-packages/setuptools/dist.py:755: SetuptoolsDeprecationWarning: Invalid dash-separated options
[0.903s] !!
[0.903s] 
[0.903s]         ********************************************************************************
[0.903s]         Usage of dash-separated 'script-dir' will not be supported in future
[0.903s]         versions. Please use the underscore name 'script_dir' instead.
[0.903s] 
[0.903s]         By 2023-Sep-26, you need to update your project and remove deprecated calls
[0.903s]         or your builds will no longer be supported.
[0.903s] 
[0.903s]         See https://setuptools.pypa.io/en/latest/userguide/declarative_config.html for details.
[0.903s]         ********************************************************************************
[0.903s] 
[0.903s] !!
[0.903s]   opt = self.warn_dash_deprecation(opt, section)
[0.956s] running egg_info
[0.976s] writing ../../build/sese/sese.egg-info/PKG-INFO
[0.976s] writing dependency_links to ../../build/sese/sese.egg-info/dependency_links.txt
[0.976s] writing entry points to ../../build/sese/sese.egg-info/entry_points.txt
[0.976s] writing requirements to ../../build/sese/sese.egg-info/requires.txt
[0.976s] writing top-level names to ../../build/sese/sese.egg-info/top_level.txt
[1.046s] reading manifest file '../../build/sese/sese.egg-info/SOURCES.txt'
[1.046s] writing manifest file '../../build/sese/sese.egg-info/SOURCES.txt'
[1.046s] running build
[1.046s] running build_py
[1.047s] running install
[1.047s] /home/jakub/.local/lib/python3.8/site-packages/setuptools/_distutils/cmd.py:66: SetuptoolsDeprecationWarning: setup.py install is deprecated.
[1.047s] !!
[1.047s] 
[1.047s]         ********************************************************************************
[1.047s]         Please avoid running ``setup.py`` directly.
[1.047s]         Instead, use pypa/build, pypa/installer, pypa/build or
[1.047s]         other standards-based tools.
[1.047s] 
[1.047s]         See https://blog.ganssle.io/articles/2021/10/setup-py-deprecated.html for details.
[1.047s]         ********************************************************************************
[1.047s] 
[1.047s] !!
[1.047s]   self.initialize_options()
[1.050s] running install_lib
[1.059s] byte-compiling /home/jakub/sese_ws/install/sese/lib/python3.8/site-packages/sese/image_display.py to image_display.cpython-38.pyc
[1.059s] running install_data
[1.059s]   File "/home/jakub/sese_ws/install/sese/lib/python3.8/site-packages/sese/image_display.py", line 20
[1.059s]     detection_subscriber = self.create_subscription(ObjectHypothesisWithPose, topic='/asv_vision/front_cam/detections', self.callback, 10)
[1.059s]                                                                                                                         ^
[1.059s] SyntaxError: positional argument follows keyword argument
[1.059s] 
[1.067s] copying rviz/urdf_config.rviz -> /home/jakub/sese_ws/install/sese/share/sese/rviz
[1.068s] creating /home/jakub/sese_ws/install/sese/share/sese/models
[1.068s] error: can't copy 'models/gate_buoy_green _small': doesn't exist or not a regular file
[1.080s] Invoked command in '/home/jakub/sese_ws/src/sese' returned '1': PYTHONPATH=/home/jakub/sese_ws/build/sese/prefix_override:/home/jakub/sese_ws/install/sese/lib/python3.8/site-packages:${PYTHONPATH} /usr/bin/python3 setup.py egg_info --egg-base ../../build/sese build --build-base /home/jakub/sese_ws/build/sese/build install --record /home/jakub/sese_ws/build/sese/install.log --install-scripts $base/lib/sese --single-version-externally-managed
