[0.445s] Invoking command in '/home/jakub/sese_ws/src/sese': PYTHONPATH=/home/jakub/sese_ws/build/sese/prefix_override:/home/jakub/sese_ws/install/sese/lib/python3.8/site-packages:${PYTHONPATH} /usr/bin/python3 setup.py egg_info --egg-base ../../build/sese build --build-base /home/jakub/sese_ws/build/sese/build install --record /home/jakub/sese_ws/build/sese/install.log --install-scripts $base/lib/sese --single-version-externally-managed
[0.514s] /home/jakub/.local/lib/python3.8/site-packages/setuptools/dist.py:755: SetuptoolsDeprecationWarning: Invalid dash-separated options
[0.514s] !!
[0.514s] 
[0.514s]         ********************************************************************************
[0.514s]         Usage of dash-separated 'script-dir' will not be supported in future
[0.514s]         versions. Please use the underscore name 'script_dir' instead.
[0.514s] 
[0.514s]         By 2023-Sep-26, you need to update your project and remove deprecated calls
[0.514s]         or your builds will no longer be supported.
[0.514s] 
[0.514s]         See https://setuptools.pypa.io/en/latest/userguide/declarative_config.html for details.
[0.514s]         ********************************************************************************
[0.515s] 
[0.515s] !!
[0.515s]   opt = self.warn_dash_deprecation(opt, section)
[0.564s] running egg_info
[0.572s] writing ../../build/sese/sese.egg-info/PKG-INFO
[0.572s] writing dependency_links to ../../build/sese/sese.egg-info/dependency_links.txt
[0.572s] writing entry points to ../../build/sese/sese.egg-info/entry_points.txt
[0.572s] writing requirements to ../../build/sese/sese.egg-info/requires.txt
[0.572s] writing top-level names to ../../build/sese/sese.egg-info/top_level.txt
[0.642s] reading manifest file '../../build/sese/sese.egg-info/SOURCES.txt'
[0.642s] writing manifest file '../../build/sese/sese.egg-info/SOURCES.txt'
[0.643s] running build
[0.643s] running build_py
[0.643s] running install
[0.643s] /home/jakub/.local/lib/python3.8/site-packages/setuptools/_distutils/cmd.py:66: SetuptoolsDeprecationWarning: setup.py install is deprecated.
[0.643s] !!
[0.643s] 
[0.643s]         ********************************************************************************
[0.643s]         Please avoid running ``setup.py`` directly.
[0.643s]         Instead, use pypa/build, pypa/installer, pypa/build or
[0.643s]         other standards-based tools.
[0.643s] 
[0.643s]         See https://blog.ganssle.io/articles/2021/10/setup-py-deprecated.html for details.
[0.643s]         ********************************************************************************
[0.643s] 
[0.643s] !!
[0.643s]   self.initialize_options()
[0.646s] running install_lib
[0.654s] running install_data
[0.662s] running install_egg_info
[0.671s] removing '/home/jakub/sese_ws/install/sese/lib/python3.8/site-packages/sese-0.0.0-py3.8.egg-info' (and everything under it)
[0.671s] Copying ../../build/sese/sese.egg-info to /home/jakub/sese_ws/install/sese/lib/python3.8/site-packages/sese-0.0.0-py3.8.egg-info
[0.671s] running install_scripts
[0.704s] Installing scan_publisher script to /home/jakub/sese_ws/install/sese/lib/sese
[0.704s] writing list of installed files to '/home/jakub/sese_ws/build/sese/install.log'
[0.718s] Invoked command in '/home/jakub/sese_ws/src/sese' returned '0': PYTHONPATH=/home/jakub/sese_ws/build/sese/prefix_override:/home/jakub/sese_ws/install/sese/lib/python3.8/site-packages:${PYTHONPATH} /usr/bin/python3 setup.py egg_info --egg-base ../../build/sese build --build-base /home/jakub/sese_ws/build/sese/build install --record /home/jakub/sese_ws/build/sese/install.log --install-scripts $base/lib/sese --single-version-externally-managed
