[0.458s] Invoking command in '/home/jakub/sese_ws/build/sese': PYTHONPATH=/home/jakub/sese_ws/build/sese/prefix_override:/home/jakub/sese_ws/install/sese/lib/python3.8/site-packages:${PYTHONPATH} /usr/bin/python3 setup.py develop --uninstall --editable --build-directory /home/jakub/sese_ws/build/sese/build
[0.535s] /home/jakub/.local/lib/python3.8/site-packages/setuptools/dist.py:744: SetuptoolsDeprecationWarning: Invalid dash-separated options
[0.535s] !!
[0.535s] 
[0.535s]         ********************************************************************************
[0.535s]         Usage of dash-separated 'script-dir' will not be supported in future
[0.535s]         versions. Please use the underscore name 'script_dir' instead.
[0.535s] 
[0.535s]         By 2023-Sep-26, you need to update your project and remove deprecated calls
[0.535s]         or your builds will no longer be supported.
[0.535s] 
[0.535s]         See https://setuptools.pypa.io/en/latest/userguide/declarative_config.html for details.
[0.535s]         ********************************************************************************
[0.535s] 
[0.535s] !!
[0.536s]   opt = self.warn_dash_deprecation(opt, section)
[0.663s] running develop
[0.664s] /home/jakub/.local/lib/python3.8/site-packages/setuptools/command/develop.py:40: EasyInstallDeprecationWarning: easy_install command is deprecated.
[0.664s] !!
[0.664s] 
[0.664s]         ********************************************************************************
[0.664s]         Please avoid running ``setup.py`` and ``easy_install``.
[0.664s]         Instead, use pypa/build, pypa/installer or other
[0.664s]         standards-based tools.
[0.664s] 
[0.664s]         See https://github.com/pypa/setuptools/issues/917 for details.
[0.664s]         ********************************************************************************
[0.664s] 
[0.664s] !!
[0.664s]   easy_install.initialize_options(self)
[0.682s] /home/jakub/.local/lib/python3.8/site-packages/setuptools/_distutils/cmd.py:66: SetuptoolsDeprecationWarning: setup.py install is deprecated.
[0.682s] !!
[0.682s] 
[0.682s]         ********************************************************************************
[0.683s]         Please avoid running ``setup.py`` directly.
[0.683s]         Instead, use pypa/build, pypa/installer or other
[0.683s]         standards-based tools.
[0.683s] 
[0.683s]         See https://blog.ganssle.io/articles/2021/10/setup-py-deprecated.html for details.
[0.683s]         ********************************************************************************
[0.683s] 
[0.683s] !!
[0.683s]   self.initialize_options()
[0.797s] Invoked command in '/home/jakub/sese_ws/build/sese' returned '0': PYTHONPATH=/home/jakub/sese_ws/build/sese/prefix_override:/home/jakub/sese_ws/install/sese/lib/python3.8/site-packages:${PYTHONPATH} /usr/bin/python3 setup.py develop --uninstall --editable --build-directory /home/jakub/sese_ws/build/sese/build
[0.799s] Invoking command in '/home/jakub/sese_ws/src/sese': PYTHONPATH=/home/jakub/sese_ws/build/sese/prefix_override:/home/jakub/sese_ws/install/sese/lib/python3.8/site-packages:${PYTHONPATH} /usr/bin/python3 setup.py egg_info --egg-base ../../build/sese build --build-base /home/jakub/sese_ws/build/sese/build install --record /home/jakub/sese_ws/build/sese/install.log --install-scripts $base/lib/sese --single-version-externally-managed
[0.872s] /home/jakub/.local/lib/python3.8/site-packages/setuptools/dist.py:744: SetuptoolsDeprecationWarning: Invalid dash-separated options
[0.872s] !!
[0.872s] 
[0.872s]         ********************************************************************************
[0.872s]         Usage of dash-separated 'script-dir' will not be supported in future
[0.872s]         versions. Please use the underscore name 'script_dir' instead.
[0.872s] 
[0.872s]         By 2023-Sep-26, you need to update your project and remove deprecated calls
[0.872s]         or your builds will no longer be supported.
[0.872s] 
[0.872s]         See https://setuptools.pypa.io/en/latest/userguide/declarative_config.html for details.
[0.872s]         ********************************************************************************
[0.872s] 
[0.873s] !!
[0.873s]   opt = self.warn_dash_deprecation(opt, section)
[0.926s] running egg_info
[0.934s] writing ../../build/sese/sese.egg-info/PKG-INFO
[0.934s] writing dependency_links to ../../build/sese/sese.egg-info/dependency_links.txt
[0.935s] writing entry points to ../../build/sese/sese.egg-info/entry_points.txt
[0.935s] writing requirements to ../../build/sese/sese.egg-info/requires.txt
[0.935s] writing top-level names to ../../build/sese/sese.egg-info/top_level.txt
[1.007s] reading manifest file '../../build/sese/sese.egg-info/SOURCES.txt'
[1.008s] writing manifest file '../../build/sese/sese.egg-info/SOURCES.txt'
[1.008s] running build
[1.008s] running build_py
[1.008s] running install
[1.008s] /home/jakub/.local/lib/python3.8/site-packages/setuptools/_distutils/cmd.py:66: SetuptoolsDeprecationWarning: setup.py install is deprecated.
[1.008s] !!
[1.008s] 
[1.008s]         ********************************************************************************
[1.008s]         Please avoid running ``setup.py`` directly.
[1.008s]         Instead, use pypa/build, pypa/installer or other
[1.008s]         standards-based tools.
[1.009s] 
[1.009s]         See https://blog.ganssle.io/articles/2021/10/setup-py-deprecated.html for details.
[1.009s]         ********************************************************************************
[1.009s] 
[1.009s] !!
[1.009s]   self.initialize_options()
[1.011s] running install_lib
[1.020s] byte-compiling /home/jakub/sese_ws/install/sese/lib/python3.8/site-packages/sese/image_display.py to image_display.cpython-38.pyc
[1.020s]   File "/home/jakub/sese_ws/install/sese/lib/python3.8/site-packages/sese/image_display.py", line 20
[1.020s]     detection_subscriber = self.create_subscription(ObjectHypothesisWithPose, topic='/asv_vision/front_cam/detections', self.callback, 10)
[1.021s]                                                                                                                         ^
[1.021s] SyntaxError: positional argument follows keyword argument
[1.021s] 
[1.021s] running install_data
[1.029s] copying launch/launch_sim.launch.py -> /home/jakub/sese_ws/install/sese/share/sese/launch
[1.029s] copying description/robot_core.xacro -> /home/jakub/sese_ws/install/sese/share/sese/description
[1.029s] running install_egg_info
[1.038s] removing '/home/jakub/sese_ws/install/sese/lib/python3.8/site-packages/sese-0.0.0-py3.8.egg-info' (and everything under it)
[1.038s] Copying ../../build/sese/sese.egg-info to /home/jakub/sese_ws/install/sese/lib/python3.8/site-packages/sese-0.0.0-py3.8.egg-info
[1.038s] running install_scripts
[1.066s] Installing scan_publisher script to /home/jakub/sese_ws/install/sese/lib/sese
[1.066s] writing list of installed files to '/home/jakub/sese_ws/build/sese/install.log'
[1.080s] Invoked command in '/home/jakub/sese_ws/src/sese' returned '0': PYTHONPATH=/home/jakub/sese_ws/build/sese/prefix_override:/home/jakub/sese_ws/install/sese/lib/python3.8/site-packages:${PYTHONPATH} /usr/bin/python3 setup.py egg_info --egg-base ../../build/sese build --build-base /home/jakub/sese_ws/build/sese/build install --record /home/jakub/sese_ws/build/sese/install.log --install-scripts $base/lib/sese --single-version-externally-managed
