[0.633s] Invoking command in '/home/jakub/sese_ws/build/sese': PYTHONPATH=/home/jakub/sese_ws/build/sese/prefix_override:/home/jakub/sese_ws/install/sese/lib/python3.8/site-packages:${PYTHONPATH} /usr/bin/python3 setup.py develop --uninstall --editable --build-directory /home/jakub/sese_ws/build/sese/build
[0.709s] /home/jakub/.local/lib/python3.8/site-packages/setuptools/dist.py:755: SetuptoolsDeprecationWarning: Invalid dash-separated options
[0.709s] !!
[0.709s] 
[0.709s]         ********************************************************************************
[0.710s]         Usage of dash-separated 'script-dir' will not be supported in future
[0.710s]         versions. Please use the underscore name 'script_dir' instead.
[0.710s] 
[0.710s]         By 2023-Sep-26, you need to update your project and remove deprecated calls
[0.710s]         or your builds will no longer be supported.
[0.710s] 
[0.710s]         See https://setuptools.pypa.io/en/latest/userguide/declarative_config.html for details.
[0.710s]         ********************************************************************************
[0.710s] 
[0.710s] !!
[0.710s]   opt = self.warn_dash_deprecation(opt, section)
[0.809s] /home/jakub/.local/lib/python3.8/site-packages/setuptools/command/develop.py:40: EasyInstallDeprecationWarning: easy_install command is deprecated.
[0.809s] !!
[0.809s] 
[0.809s]         ********************************************************************************
[0.809s]         Please avoid running ``setup.py`` and ``easy_install``.
[0.809s]         Instead, use pypa/build, pypa/installer, pypa/build or
[0.809s]         other standards-based tools.
[0.809s] 
[0.809s]         See https://github.com/pypa/setuptools/issues/917 for details.
[0.809s]         ********************************************************************************
[0.809s] 
[0.809s] !!
[0.809s]   easy_install.initialize_options(self)
[0.809s] running develop
[0.828s] /home/jakub/.local/lib/python3.8/site-packages/setuptools/_distutils/cmd.py:66: SetuptoolsDeprecationWarning: setup.py install is deprecated.
[0.828s] !!
[0.828s] 
[0.828s]         ********************************************************************************
[0.828s]         Please avoid running ``setup.py`` directly.
[0.828s]         Instead, use pypa/build, pypa/installer, pypa/build or
[0.828s]         other standards-based tools.
[0.828s] 
[0.828s]         See https://blog.ganssle.io/articles/2021/10/setup-py-deprecated.html for details.
[0.828s]         ********************************************************************************
[0.828s] 
[0.828s] !!
[0.828s]   self.initialize_options()
[0.926s] Removing /home/jakub/sese_ws/install/sese/lib/python3.8/site-packages/sese.egg-link (link to .)
[0.946s] Invoked command in '/home/jakub/sese_ws/build/sese' returned '0': PYTHONPATH=/home/jakub/sese_ws/build/sese/prefix_override:/home/jakub/sese_ws/install/sese/lib/python3.8/site-packages:${PYTHONPATH} /usr/bin/python3 setup.py develop --uninstall --editable --build-directory /home/jakub/sese_ws/build/sese/build
[0.948s] Invoking command in '/home/jakub/sese_ws/src/sese': PYTHONPATH=/home/jakub/sese_ws/build/sese/prefix_override:/home/jakub/sese_ws/install/sese/lib/python3.8/site-packages:${PYTHONPATH} /usr/bin/python3 setup.py egg_info --egg-base ../../build/sese build --build-base /home/jakub/sese_ws/build/sese/build install --record /home/jakub/sese_ws/build/sese/install.log --install-scripts $base/lib/sese --single-version-externally-managed
[1.018s] /home/jakub/.local/lib/python3.8/site-packages/setuptools/dist.py:755: SetuptoolsDeprecationWarning: Invalid dash-separated options
[1.018s] !!
[1.018s] 
[1.018s]         ********************************************************************************
[1.018s]         Usage of dash-separated 'script-dir' will not be supported in future
[1.018s]         versions. Please use the underscore name 'script_dir' instead.
[1.018s] 
[1.018s]         By 2023-Sep-26, you need to update your project and remove deprecated calls
[1.018s]         or your builds will no longer be supported.
[1.018s] 
[1.018s]         See https://setuptools.pypa.io/en/latest/userguide/declarative_config.html for details.
[1.018s]         ********************************************************************************
[1.018s] 
[1.018s] !!
[1.018s]   opt = self.warn_dash_deprecation(opt, section)
[1.072s] running egg_info
[1.080s] writing ../../build/sese/sese.egg-info/PKG-INFO
[1.080s] writing dependency_links to ../../build/sese/sese.egg-info/dependency_links.txt
[1.080s] writing entry points to ../../build/sese/sese.egg-info/entry_points.txt
[1.080s] writing requirements to ../../build/sese/sese.egg-info/requires.txt
[1.080s] writing top-level names to ../../build/sese/sese.egg-info/top_level.txt
[1.152s] reading manifest file '../../build/sese/sese.egg-info/SOURCES.txt'
[1.152s] writing manifest file '../../build/sese/sese.egg-info/SOURCES.txt'
[1.152s] running build
[1.152s] running build_py
[1.153s] copying sese/scan_publisher.py -> /home/jakub/sese_ws/build/sese/build/lib/sese
[1.153s] running install
[1.153s] /home/jakub/.local/lib/python3.8/site-packages/setuptools/_distutils/cmd.py:66: SetuptoolsDeprecationWarning: setup.py install is deprecated.
[1.153s] !!
[1.153s] 
[1.153s]         ********************************************************************************
[1.153s]         Please avoid running ``setup.py`` directly.
[1.153s]         Instead, use pypa/build, pypa/installer, pypa/build or
[1.153s]         other standards-based tools.
[1.153s] 
[1.153s]         See https://blog.ganssle.io/articles/2021/10/setup-py-deprecated.html for details.
[1.153s]         ********************************************************************************
[1.153s] 
[1.153s] !!
[1.153s]   self.initialize_options()
[1.156s] running install_lib
[1.165s] creating /home/jakub/sese_ws/install/sese/lib/python3.8/site-packages/sese
[1.165s] copying /home/jakub/sese_ws/build/sese/build/lib/sese/__init__.py -> /home/jakub/sese_ws/install/sese/lib/python3.8/site-packages/sese
[1.165s] copying /home/jakub/sese_ws/build/sese/build/lib/sese/detect_front.py -> /home/jakub/sese_ws/install/sese/lib/python3.8/site-packages/sese
[1.165s] copying /home/jakub/sese_ws/build/sese/build/lib/sese/image_display.py -> /home/jakub/sese_ws/install/sese/lib/python3.8/site-packages/sese
[1.165s] copying /home/jakub/sese_ws/build/sese/build/lib/sese/labels.py -> /home/jakub/sese_ws/install/sese/lib/python3.8/site-packages/sese
[1.165s] copying /home/jakub/sese_ws/build/sese/build/lib/sese/scan_publisher.py -> /home/jakub/sese_ws/install/sese/lib/python3.8/site-packages/sese
[1.165s] copying /home/jakub/sese_ws/build/sese/build/lib/sese/ros2_detect_front.py -> /home/jakub/sese_ws/install/sese/lib/python3.8/site-packages/sese
[1.165s] copying /home/jakub/sese_ws/build/sese/build/lib/sese/point_to_laserscan_test.py -> /home/jakub/sese_ws/install/sese/lib/python3.8/site-packages/sese
[1.165s] byte-compiling /home/jakub/sese_ws/install/sese/lib/python3.8/site-packages/sese/__init__.py to __init__.cpython-38.pyc
[1.165s] byte-compiling /home/jakub/sese_ws/install/sese/lib/python3.8/site-packages/sese/detect_front.py to detect_front.cpython-38.pyc
[1.166s] byte-compiling /home/jakub/sese_ws/install/sese/lib/python3.8/site-packages/sese/image_display.py to image_display.cpython-38.pyc
[1.166s]   File "/home/jakub/sese_ws/install/sese/lib/python3.8/site-packages/sese/image_display.py", line 20
[1.166s]     detection_subscriber = self.create_subscription(ObjectHypothesisWithPose, topic='/asv_vision/front_cam/detections', self.callback, 10)
[1.167s]                                                                                                                         ^
[1.167s] SyntaxError: positional argument follows keyword argument
[1.167s] 
[1.167s] byte-compiling /home/jakub/sese_ws/install/sese/lib/python3.8/site-packages/sese/labels.py to labels.cpython-38.pyc
[1.167s] byte-compiling /home/jakub/sese_ws/install/sese/lib/python3.8/site-packages/sese/scan_publisher.py to scan_publisher.cpython-38.pyc
[1.167s] byte-compiling /home/jakub/sese_ws/install/sese/lib/python3.8/site-packages/sese/ros2_detect_front.py to ros2_detect_front.cpython-38.pyc
[1.168s] byte-compiling /home/jakub/sese_ws/install/sese/lib/python3.8/site-packages/sese/point_to_laserscan_test.py to point_to_laserscan_test.cpython-38.pyc
[1.168s] running install_data
[1.177s] copying launch/launch_sim.launch.py -> /home/jakub/sese_ws/install/sese/share/sese/launch
[1.177s] running install_egg_info
[1.186s] Copying ../../build/sese/sese.egg-info to /home/jakub/sese_ws/install/sese/lib/python3.8/site-packages/sese-0.0.0-py3.8.egg-info
[1.187s] running install_scripts
[1.222s] Installing scan_publisher script to /home/jakub/sese_ws/install/sese/lib/sese
[1.222s] writing list of installed files to '/home/jakub/sese_ws/build/sese/install.log'
[1.243s] Invoked command in '/home/jakub/sese_ws/src/sese' returned '0': PYTHONPATH=/home/jakub/sese_ws/build/sese/prefix_override:/home/jakub/sese_ws/install/sese/lib/python3.8/site-packages:${PYTHONPATH} /usr/bin/python3 setup.py egg_info --egg-base ../../build/sese build --build-base /home/jakub/sese_ws/build/sese/build install --record /home/jakub/sese_ws/build/sese/install.log --install-scripts $base/lib/sese --single-version-externally-managed
