[0.469s] Invoking command in '/home/jakub/sese_ws/build/sese': PYTHONPATH=/home/jakub/sese_ws/build/sese/prefix_override:/home/jakub/sese_ws/install/sese/lib/python3.8/site-packages:${PYTHONPATH} /usr/bin/python3 setup.py develop --uninstall --editable --build-directory /home/jakub/sese_ws/build/sese/build
[0.541s] /home/jakub/.local/lib/python3.8/site-packages/setuptools/dist.py:744: SetuptoolsDeprecationWarning: Invalid dash-separated options
[0.541s] !!
[0.541s] 
[0.541s]         ********************************************************************************
[0.541s]         Usage of dash-separated 'script-dir' will not be supported in future
[0.541s]         versions. Please use the underscore name 'script_dir' instead.
[0.541s] 
[0.541s]         By 2023-Sep-26, you need to update your project and remove deprecated calls
[0.541s]         or your builds will no longer be supported.
[0.541s] 
[0.541s]         See https://setuptools.pypa.io/en/latest/userguide/declarative_config.html for details.
[0.542s]         ********************************************************************************
[0.542s] 
[0.542s] !!
[0.542s]   opt = self.warn_dash_deprecation(opt, section)
[0.647s] running develop
[0.647s] /home/jakub/.local/lib/python3.8/site-packages/setuptools/command/develop.py:40: EasyInstallDeprecationWarning: easy_install command is deprecated.
[0.647s] !!
[0.647s] 
[0.647s]         ********************************************************************************
[0.647s]         Please avoid running ``setup.py`` and ``easy_install``.
[0.647s]         Instead, use pypa/build, pypa/installer or other
[0.647s]         standards-based tools.
[0.647s] 
[0.647s]         See https://github.com/pypa/setuptools/issues/917 for details.
[0.647s]         ********************************************************************************
[0.648s] 
[0.648s] !!
[0.648s]   easy_install.initialize_options(self)
[0.665s] /home/jakub/.local/lib/python3.8/site-packages/setuptools/_distutils/cmd.py:66: SetuptoolsDeprecationWarning: setup.py install is deprecated.
[0.665s] !!
[0.666s] 
[0.666s]         ********************************************************************************
[0.666s]         Please avoid running ``setup.py`` directly.
[0.666s]         Instead, use pypa/build, pypa/installer or other
[0.666s]         standards-based tools.
[0.666s] 
[0.666s]         See https://blog.ganssle.io/articles/2021/10/setup-py-deprecated.html for details.
[0.666s]         ********************************************************************************
[0.666s] 
[0.666s] !!
[0.666s]   self.initialize_options()
[0.778s] Invoked command in '/home/jakub/sese_ws/build/sese' returned '0': PYTHONPATH=/home/jakub/sese_ws/build/sese/prefix_override:/home/jakub/sese_ws/install/sese/lib/python3.8/site-packages:${PYTHONPATH} /usr/bin/python3 setup.py develop --uninstall --editable --build-directory /home/jakub/sese_ws/build/sese/build
[0.780s] Invoking command in '/home/jakub/sese_ws/src/sese': PYTHONPATH=/home/jakub/sese_ws/build/sese/prefix_override:/home/jakub/sese_ws/install/sese/lib/python3.8/site-packages:${PYTHONPATH} /usr/bin/python3 setup.py egg_info --egg-base ../../build/sese build --build-base /home/jakub/sese_ws/build/sese/build install --record /home/jakub/sese_ws/build/sese/install.log --install-scripts $base/lib/sese --single-version-externally-managed
[0.851s] /home/jakub/.local/lib/python3.8/site-packages/setuptools/dist.py:744: SetuptoolsDeprecationWarning: Invalid dash-separated options
[0.851s] !!
[0.851s] 
[0.851s]         ********************************************************************************
[0.851s]         Usage of dash-separated 'script-dir' will not be supported in future
[0.851s]         versions. Please use the underscore name 'script_dir' instead.
[0.851s] 
[0.851s]         By 2023-Sep-26, you need to update your project and remove deprecated calls
[0.851s]         or your builds will no longer be supported.
[0.851s] 
[0.852s]         See https://setuptools.pypa.io/en/latest/userguide/declarative_config.html for details.
[0.852s]         ********************************************************************************
[0.852s] 
[0.852s] !!
[0.852s]   opt = self.warn_dash_deprecation(opt, section)
[0.905s] running egg_info
[0.913s] writing ../../build/sese/sese.egg-info/PKG-INFO
[0.913s] writing dependency_links to ../../build/sese/sese.egg-info/dependency_links.txt
[0.914s] writing entry points to ../../build/sese/sese.egg-info/entry_points.txt
[0.914s] writing requirements to ../../build/sese/sese.egg-info/requires.txt
[0.914s] writing top-level names to ../../build/sese/sese.egg-info/top_level.txt
[0.998s] reading manifest file '../../build/sese/sese.egg-info/SOURCES.txt'
[0.999s] writing manifest file '../../build/sese/sese.egg-info/SOURCES.txt'
[0.999s] running build
[0.999s] running build_py
[0.999s] /home/jakub/.local/lib/python3.8/site-packages/setuptools/_distutils/cmd.py:66: SetuptoolsDeprecationWarning: setup.py install is deprecated.
[1.000s] !!
[1.000s] 
[1.000s]         ********************************************************************************
[1.000s]         Please avoid running ``setup.py`` directly.
[1.000s]         Instead, use pypa/build, pypa/installer or other
[1.000s]         standards-based tools.
[1.000s] 
[1.000s]         See https://blog.ganssle.io/articles/2021/10/setup-py-deprecated.html for details.
[1.000s]         ********************************************************************************
[1.000s] 
[1.000s] !!
[1.000s]   self.initialize_options()
[1.000s] running install
[1.003s] running install_lib
[1.012s] byte-compiling /home/jakub/sese_ws/install/sese/lib/python3.8/site-packages/sese/image_display.py to image_display.cpython-38.pyc
[1.012s] running install_data
[1.012s]   File "/home/jakub/sese_ws/install/sese/lib/python3.8/site-packages/sese/image_display.py", line 20
[1.012s]     detection_subscriber = self.create_subscription(ObjectHypothesisWithPose, topic='/asv_vision/front_cam/detections', self.callback, 10)
[1.012s]                                                                                                                         ^
[1.012s] SyntaxError: positional argument follows keyword argument
[1.012s] 
[1.021s] copying launch/launch_sim.launch.py -> /home/jakub/sese_ws/install/sese/share/sese/launch
[1.021s] running install_egg_info
[1.030s] removing '/home/jakub/sese_ws/install/sese/lib/python3.8/site-packages/sese-0.0.0-py3.8.egg-info' (and everything under it)
[1.030s] Copying ../../build/sese/sese.egg-info to /home/jakub/sese_ws/install/sese/lib/python3.8/site-packages/sese-0.0.0-py3.8.egg-info
[1.030s] running install_scripts
[1.058s] Installing scan_publisher script to /home/jakub/sese_ws/install/sese/lib/sese
[1.058s] writing list of installed files to '/home/jakub/sese_ws/build/sese/install.log'
[1.072s] Invoked command in '/home/jakub/sese_ws/src/sese' returned '0': PYTHONPATH=/home/jakub/sese_ws/build/sese/prefix_override:/home/jakub/sese_ws/install/sese/lib/python3.8/site-packages:${PYTHONPATH} /usr/bin/python3 setup.py egg_info --egg-base ../../build/sese build --build-base /home/jakub/sese_ws/build/sese/build install --record /home/jakub/sese_ws/build/sese/install.log --install-scripts $base/lib/sese --single-version-externally-managed
