[0.482s] Invoking command in '/home/jakub/sese_ws/build/sese': PYTHONPATH=/home/jakub/sese_ws/build/sese/prefix_override:/home/jakub/sese_ws/install/sese/lib/python3.8/site-packages:${PYTHONPATH} /usr/bin/python3 setup.py develop --uninstall --editable --build-directory /home/jakub/sese_ws/build/sese/build
[0.556s] /home/jakub/.local/lib/python3.8/site-packages/setuptools/dist.py:744: SetuptoolsDeprecationWarning: Invalid dash-separated options
[0.556s] !!
[0.556s] 
[0.556s]         ********************************************************************************
[0.556s]         Usage of dash-separated 'script-dir' will not be supported in future
[0.556s]         versions. Please use the underscore name 'script_dir' instead.
[0.556s] 
[0.556s]         By 2023-Sep-26, you need to update your project and remove deprecated calls
[0.556s]         or your builds will no longer be supported.
[0.556s] 
[0.557s]         See https://setuptools.pypa.io/en/latest/userguide/declarative_config.html for details.
[0.557s]         ********************************************************************************
[0.557s] 
[0.557s] !!
[0.557s]   opt = self.warn_dash_deprecation(opt, section)
[0.660s] running develop
[0.660s] /home/jakub/.local/lib/python3.8/site-packages/setuptools/command/develop.py:40: EasyInstallDeprecationWarning: easy_install command is deprecated.
[0.661s] !!
[0.661s] 
[0.661s]         ********************************************************************************
[0.661s]         Please avoid running ``setup.py`` and ``easy_install``.
[0.661s]         Instead, use pypa/build, pypa/installer or other
[0.661s]         standards-based tools.
[0.661s] 
[0.661s]         See https://github.com/pypa/setuptools/issues/917 for details.
[0.661s]         ********************************************************************************
[0.661s] 
[0.661s] !!
[0.661s]   easy_install.initialize_options(self)
[0.679s] /home/jakub/.local/lib/python3.8/site-packages/setuptools/_distutils/cmd.py:66: SetuptoolsDeprecationWarning: setup.py install is deprecated.
[0.679s] !!
[0.679s] 
[0.679s]         ********************************************************************************
[0.679s]         Please avoid running ``setup.py`` directly.
[0.679s]         Instead, use pypa/build, pypa/installer or other
[0.679s]         standards-based tools.
[0.679s] 
[0.679s]         See https://blog.ganssle.io/articles/2021/10/setup-py-deprecated.html for details.
[0.679s]         ********************************************************************************
[0.679s] 
[0.679s] !!
[0.679s]   self.initialize_options()
[0.789s] Invoked command in '/home/jakub/sese_ws/build/sese' returned '0': PYTHONPATH=/home/jakub/sese_ws/build/sese/prefix_override:/home/jakub/sese_ws/install/sese/lib/python3.8/site-packages:${PYTHONPATH} /usr/bin/python3 setup.py develop --uninstall --editable --build-directory /home/jakub/sese_ws/build/sese/build
[0.790s] Invoking command in '/home/jakub/sese_ws/src/sese': PYTHONPATH=/home/jakub/sese_ws/build/sese/prefix_override:/home/jakub/sese_ws/install/sese/lib/python3.8/site-packages:${PYTHONPATH} /usr/bin/python3 setup.py egg_info --egg-base ../../build/sese build --build-base /home/jakub/sese_ws/build/sese/build install --record /home/jakub/sese_ws/build/sese/install.log --install-scripts $base/lib/sese --single-version-externally-managed
[0.865s] /home/jakub/.local/lib/python3.8/site-packages/setuptools/dist.py:744: SetuptoolsDeprecationWarning: Invalid dash-separated options
[0.865s] !!
[0.865s] 
[0.865s]         ********************************************************************************
[0.865s]         Usage of dash-separated 'script-dir' will not be supported in future
[0.865s]         versions. Please use the underscore name 'script_dir' instead.
[0.865s] 
[0.865s]         By 2023-Sep-26, you need to update your project and remove deprecated calls
[0.865s]         or your builds will no longer be supported.
[0.865s] 
[0.865s]         See https://setuptools.pypa.io/en/latest/userguide/declarative_config.html for details.
[0.865s]         ********************************************************************************
[0.865s] 
[0.865s] !!
[0.865s]   opt = self.warn_dash_deprecation(opt, section)
[0.923s] running egg_info
[0.932s] writing ../../build/sese/sese.egg-info/PKG-INFO
[0.932s] writing dependency_links to ../../build/sese/sese.egg-info/dependency_links.txt
[0.932s] writing entry points to ../../build/sese/sese.egg-info/entry_points.txt
[0.932s] writing requirements to ../../build/sese/sese.egg-info/requires.txt
[0.932s] writing top-level names to ../../build/sese/sese.egg-info/top_level.txt
[1.011s] reading manifest file '../../build/sese/sese.egg-info/SOURCES.txt'
[1.011s] writing manifest file '../../build/sese/sese.egg-info/SOURCES.txt'
[1.011s] running build
[1.011s] running build_py
[1.011s] running install
[1.012s] /home/jakub/.local/lib/python3.8/site-packages/setuptools/_distutils/cmd.py:66: SetuptoolsDeprecationWarning: setup.py install is deprecated.
[1.012s] !!
[1.012s] 
[1.012s]         ********************************************************************************
[1.012s]         Please avoid running ``setup.py`` directly.
[1.012s]         Instead, use pypa/build, pypa/installer or other
[1.012s]         standards-based tools.
[1.012s] 
[1.012s]         See https://blog.ganssle.io/articles/2021/10/setup-py-deprecated.html for details.
[1.012s]         ********************************************************************************
[1.012s] 
[1.012s] !!
[1.012s]   self.initialize_options()
[1.015s] running install_lib
[1.025s] byte-compiling /home/jakub/sese_ws/install/sese/lib/python3.8/site-packages/sese/image_display.py to image_display.cpython-38.pyc
[1.025s] running install_data
[1.025s]   File "/home/jakub/sese_ws/install/sese/lib/python3.8/site-packages/sese/image_display.py", line 20
[1.025s]     detection_subscriber = self.create_subscription(ObjectHypothesisWithPose, topic='/asv_vision/front_cam/detections', self.callback, 10)
[1.025s]                                                                                                                         ^
[1.025s] SyntaxError: positional argument follows keyword argument
[1.025s] 
[1.034s] copying launch/launch_sim.launch.py -> /home/jakub/sese_ws/install/sese/share/sese/launch
[1.034s] running install_egg_info
[1.044s] removing '/home/jakub/sese_ws/install/sese/lib/python3.8/site-packages/sese-0.0.0-py3.8.egg-info' (and everything under it)
[1.044s] Copying ../../build/sese/sese.egg-info to /home/jakub/sese_ws/install/sese/lib/python3.8/site-packages/sese-0.0.0-py3.8.egg-info
[1.045s] running install_scripts
[1.073s] Installing scan_publisher script to /home/jakub/sese_ws/install/sese/lib/sese
[1.074s] writing list of installed files to '/home/jakub/sese_ws/build/sese/install.log'
[1.090s] Invoked command in '/home/jakub/sese_ws/src/sese' returned '0': PYTHONPATH=/home/jakub/sese_ws/build/sese/prefix_override:/home/jakub/sese_ws/install/sese/lib/python3.8/site-packages:${PYTHONPATH} /usr/bin/python3 setup.py egg_info --egg-base ../../build/sese build --build-base /home/jakub/sese_ws/build/sese/build install --record /home/jakub/sese_ws/build/sese/install.log --install-scripts $base/lib/sese --single-version-externally-managed
